2024-12-03 18:45:32,089 [background-preinit] INFO  o.h.validator.internal.util.Version                - HV000001: Hibernate Validator 6.2.0.Final
2024-12-03 18:45:32,096 [main] INFO  o.f.t.SpringBootSecurityJwtApplication             - Starting SpringBootSecurityJwtApplication using Java 17.0.8.1 on LAPTOP-48H5545E with PID 30624 (E:\teach\java-server\target\classes started by ASUS in E:\teach\java-server)
2024-12-03 18:45:32,097 [main] INFO  o.f.t.SpringBootSecurityJwtApplication             - No active profile set, falling back to default profiles: default
2024-12-03 18:45:34,419 [main] INFO  o.s.d.r.c.RepositoryConfigurationDelegate          - Multiple Spring Data modules found, entering strict repository configuration mode!
2024-12-03 18:45:34,423 [main] INFO  o.s.d.r.c.RepositoryConfigurationDelegate          - Bootstrapping Spring Data JPA repositories in DEFAULT mode.
2024-12-03 18:45:34,574 [main] INFO  o.s.d.r.c.RepositoryConfigurationDelegate          - Finished Spring Data repository scanning in 140 ms. Found 22 JPA repository interfaces.
2024-12-03 18:45:34,957 [main] INFO  o.s.c.s.PostProcessorRegistrationDelegate$BeanPostProcessorChecker - Bean 'org.springframework.security.access.expression.method.DefaultMethodSecurityExpressionHandler@55fdf7f9' of type [org.springframework.security.access.expression.method.DefaultMethodSecurityExpressionHandler] is not eligible for getting processed by all BeanPostProcessors (for example: not eligible for auto-proxying)
2024-12-03 18:45:34,960 [main] INFO  o.s.c.s.PostProcessorRegistrationDelegate$BeanPostProcessorChecker - Bean 'methodSecurityMetadataSource' of type [org.springframework.security.access.method.DelegatingMethodSecurityMetadataSource] is not eligible for getting processed by all BeanPostProcessors (for example: not eligible for auto-proxying)
2024-12-03 18:45:35,321 [main] INFO  o.s.b.w.embedded.tomcat.TomcatWebServer            - Tomcat initialized with port(s): 9090 (http)
2024-12-03 18:45:35,338 [main] INFO  o.apache.coyote.http11.Http11NioProtocol           - Initializing ProtocolHandler ["http-nio-9090"]
2024-12-03 18:45:35,339 [main] INFO  org.apache.catalina.core.StandardService           - Starting service [Tomcat]
2024-12-03 18:45:35,339 [main] INFO  org.apache.catalina.core.StandardEngine            - Starting Servlet engine: [Apache Tomcat/9.0.46]
2024-12-03 18:45:35,486 [main] INFO  o.a.c.c.C.[Tomcat].[localhost].[/]                 - Initializing Spring embedded WebApplicationContext
2024-12-03 18:45:35,486 [main] INFO  o.s.b.w.s.c.ServletWebServerApplicationContext     - Root WebApplicationContext: initialization completed in 3338 ms
2024-12-03 18:45:35,647 [main] WARN  o.s.b.a.o.j.JpaBaseConfiguration$JpaWebConfiguration - spring.jpa.open-in-view is enabled by default. Therefore, database queries may be performed during view rendering. Explicitly configure spring.jpa.open-in-view to disable this warning
2024-12-03 18:45:35,708 [main] INFO  com.zaxxer.hikari.HikariDataSource                 - HikariPool-1 - Starting...
2024-12-03 18:45:36,038 [main] INFO  com.zaxxer.hikari.HikariDataSource                 - HikariPool-1 - Start completed.
2024-12-03 18:45:36,122 [main] INFO  o.hibernate.jpa.internal.util.LogHelper            - HHH000204: Processing PersistenceUnitInfo [name: default]
2024-12-03 18:45:36,211 [main] INFO  org.hibernate.Version                              - HHH000412: Hibernate ORM core version 5.6.15.Final
2024-12-03 18:45:36,408 [main] INFO  org.hibernate.annotations.common.Version           - HCANN000001: Hibernate Commons Annotations {5.1.2.Final}
2024-12-03 18:45:36,524 [main] INFO  org.hibernate.dialect.Dialect                      - HHH000400: Using dialect: org.fatmansoft.teach.sqlite.SQLDialect
2024-12-03 18:45:38,158 [main] INFO  o.h.e.t.j.p.i.JtaPlatformInitiator                 - HHH000490: Using JtaPlatform implementation: [org.hibernate.engine.transaction.jta.platform.internal.NoJtaPlatform]
2024-12-03 18:45:38,167 [main] INFO  o.s.o.j.LocalContainerEntityManagerFactoryBean     - Initialized JPA EntityManagerFactory for persistence unit 'default'
2024-12-03 18:45:39,513 [main] INFO  o.s.b.a.w.s.WelcomePageHandlerMapping              - Adding welcome page: class path resource [public/index.html]
2024-12-03 18:45:39,556 [main] INFO  o.s.s.web.DefaultSecurityFilterChain               - Will secure any request with [org.springframework.security.web.context.request.async.WebAsyncManagerIntegrationFilter@5e1535e0, org.springframework.security.web.context.SecurityContextPersistenceFilter@7cd2d3b6, org.springframework.security.web.header.HeaderWriterFilter@4fd70118, org.springframework.web.filter.CorsFilter@6c27be1d, org.springframework.security.web.authentication.logout.LogoutFilter@197da701, org.fatmansoft.teach.security.jwt.AuthTokenFilter@949f0d, org.springframework.security.web.savedrequest.RequestCacheAwareFilter@1509bd56, org.springframework.security.web.servletapi.SecurityContextHolderAwareRequestFilter@2ac00dc9, org.springframework.security.web.authentication.AnonymousAuthenticationFilter@2e7cd4bb, org.springframework.security.web.session.SessionManagementFilter@79827e71, org.springframework.security.web.access.ExceptionTranslationFilter@671561b9, org.springframework.security.web.access.intercept.FilterSecurityInterceptor@14ecd835]
2024-12-03 18:45:39,769 [main] INFO  o.apache.coyote.http11.Http11NioProtocol           - Starting ProtocolHandler ["http-nio-9090"]
2024-12-03 18:45:39,809 [main] INFO  o.s.b.w.embedded.tomcat.TomcatWebServer            - Tomcat started on port(s): 9090 (http) with context path ''
2024-12-03 18:45:39,819 [main] INFO  o.f.t.SpringBootSecurityJwtApplication             - Started SpringBootSecurityJwtApplication in 8.387 seconds (JVM running for 9.516)
2024-12-03 18:45:39,821 [main] INFO  o.f.teach.SystemApplicationListener                - SystemInitStart
2024-12-03 18:45:39,886 [main] INFO  o.f.teach.SystemApplicationListener                - systemInitEnd
2024-12-03 18:47:49,504 [http-nio-9090-exec-1] INFO  o.a.c.c.C.[Tomcat].[localhost].[/]                 - Initializing Spring DispatcherServlet 'dispatcherServlet'
2024-12-03 18:47:49,505 [http-nio-9090-exec-1] INFO  o.s.web.servlet.DispatcherServlet                  - Initializing Servlet 'dispatcherServlet'
2024-12-03 18:47:49,506 [http-nio-9090-exec-1] INFO  o.s.web.servlet.DispatcherServlet                  - Completed initialization in 1 ms
2024-12-03 18:47:49,768 [http-nio-9090-exec-1] INFO  o.f.teach.security.jwt.AuthTokenFilter             - /api/statistics/getMainPageData,admin,2024-12-03 18:47:49,0.234
2024-12-03 18:47:51,074 [http-nio-9090-exec-2] ERROR o.f.teach.security.jwt.AuthEntryPointJwt           - Unauthorized error: /api/statistics/getMainPageData:Full authentication is required to access this resource
2024-12-03 18:47:51,075 [http-nio-9090-exec-2] INFO  o.f.teach.security.jwt.AuthTokenFilter             - /api/statistics/getMainPageData,,2024-12-03 18:47:51,0.003
2024-12-03 18:47:57,298 [http-nio-9090-exec-4] INFO  o.f.teach.security.jwt.AuthTokenFilter             - /auth/getValidateCode,,2024-12-03 18:47:56,1.176
2024-12-03 18:48:02,145 [http-nio-9090-exec-3] INFO  o.f.teach.security.jwt.AuthTokenFilter             - /auth/testValidateInfo,,2024-12-03 18:48:02,0.002
2024-12-03 18:48:02,422 [http-nio-9090-exec-5] INFO  o.f.teach.security.jwt.AuthTokenFilter             - /auth/login,,2024-12-03 18:48:02,0.269
2024-12-03 18:48:02,446 [http-nio-9090-exec-6] INFO  o.f.teach.security.jwt.AuthTokenFilter             - /auth/getValidateCode,admin,2024-12-03 18:48:02,0.007
2024-12-03 18:48:02,494 [http-nio-9090-exec-8] INFO  o.f.teach.security.jwt.AuthTokenFilter             - /api/base/getMenuList,admin,2024-12-03 18:48:02,0.032
2024-12-03 18:48:02,703 [http-nio-9090-exec-7] INFO  o.f.teach.security.jwt.AuthTokenFilter             - /api/statistics/getMainPageData,admin,2024-12-03 18:48:02,0.015
2024-12-03 18:48:12,144 [http-nio-9090-exec-9] INFO  o.f.teach.security.jwt.AuthTokenFilter             - /api/statistics/getMainPageData,admin,2024-12-03 18:48:12,0.016
2024-12-03 18:48:13,708 [http-nio-9090-exec-10] INFO  o.f.teach.security.jwt.AuthTokenFilter             - /api/student/getStudentPageData,admin,2024-12-03 18:48:13,0.027
2024-12-03 18:48:22,296 [http-nio-9090-exec-1] INFO  o.f.teach.security.jwt.AuthTokenFilter             - /api/statistics/getMainPageData,admin,2024-12-03 18:48:22,0.011
2024-12-03 18:48:44,041 [http-nio-9090-exec-2] INFO  o.f.teach.security.jwt.AuthTokenFilter             - /api/student/getStudentPageData,admin,2024-12-03 18:48:44,0.015
2024-12-03 18:48:54,863 [http-nio-9090-exec-4] INFO  o.f.teach.security.jwt.AuthTokenFilter             - /api/base/getDictionaryOptionItemList,admin,2024-12-03 18:48:54,0.031
2024-12-03 18:48:54,953 [http-nio-9090-exec-3] INFO  o.f.teach.security.jwt.AuthTokenFilter             - /api/student/getStudentInfo,admin,2024-12-03 18:48:54,0.012
2024-12-03 18:48:54,966 [http-nio-9090-exec-5] INFO  o.f.teach.security.jwt.AuthTokenFilter             - /api/base/getPhotoImageStr,admin,2024-12-03 18:48:54,0.006
2024-12-03 18:49:40,499 [http-nio-9090-exec-6] INFO  o.f.teach.security.jwt.AuthTokenFilter             - /api/base/getDictionaryOptionItemList,admin,2024-12-03 18:49:40,0.01
2024-12-03 18:49:40,972 [http-nio-9090-exec-8] INFO  o.f.teach.security.jwt.AuthTokenFilter             - /api/student/getStudentInfo,admin,2024-12-03 18:49:40,0.01
2024-12-03 18:49:40,988 [http-nio-9090-exec-7] INFO  o.f.teach.security.jwt.AuthTokenFilter             - /api/base/getPhotoImageStr,admin,2024-12-03 18:49:40,0.009
2024-12-03 18:50:33,150 [SpringApplicationShutdownHook] INFO  o.s.o.j.LocalContainerEntityManagerFactoryBean     - Closing JPA EntityManagerFactory for persistence unit 'default'
2024-12-03 18:50:33,152 [SpringApplicationShutdownHook] INFO  com.zaxxer.hikari.HikariDataSource                 - HikariPool-1 - Shutdown initiated...
2024-12-03 18:50:33,155 [SpringApplicationShutdownHook] INFO  com.zaxxer.hikari.HikariDataSource                 - HikariPool-1 - Shutdown completed.
2024-12-03 18:50:36,963 [background-preinit] INFO  o.h.validator.internal.util.Version                - HV000001: Hibernate Validator 6.2.0.Final
2024-12-03 18:50:36,973 [main] INFO  o.f.t.SpringBootSecurityJwtApplication             - Starting SpringBootSecurityJwtApplication using Java 17.0.8.1 on LAPTOP-48H5545E with PID 16204 (E:\teach\java-server\target\classes started by ASUS in E:\teach\java-server)
2024-12-03 18:50:36,973 [main] INFO  o.f.t.SpringBootSecurityJwtApplication             - No active profile set, falling back to default profiles: default
2024-12-03 18:50:37,649 [main] INFO  o.s.d.r.c.RepositoryConfigurationDelegate          - Multiple Spring Data modules found, entering strict repository configuration mode!
2024-12-03 18:50:37,650 [main] INFO  o.s.d.r.c.RepositoryConfigurationDelegate          - Bootstrapping Spring Data JPA repositories in DEFAULT mode.
2024-12-03 18:50:37,737 [main] INFO  o.s.d.r.c.RepositoryConfigurationDelegate          - Finished Spring Data repository scanning in 81 ms. Found 22 JPA repository interfaces.
2024-12-03 18:50:38,034 [main] INFO  o.s.c.s.PostProcessorRegistrationDelegate$BeanPostProcessorChecker - Bean 'org.springframework.security.access.expression.method.DefaultMethodSecurityExpressionHandler@c689973' of type [org.springframework.security.access.expression.method.DefaultMethodSecurityExpressionHandler] is not eligible for getting processed by all BeanPostProcessors (for example: not eligible for auto-proxying)
2024-12-03 18:50:38,040 [main] INFO  o.s.c.s.PostProcessorRegistrationDelegate$BeanPostProcessorChecker - Bean 'methodSecurityMetadataSource' of type [org.springframework.security.access.method.DelegatingMethodSecurityMetadataSource] is not eligible for getting processed by all BeanPostProcessors (for example: not eligible for auto-proxying)
2024-12-03 18:50:38,313 [main] INFO  o.s.b.w.embedded.tomcat.TomcatWebServer            - Tomcat initialized with port(s): 9090 (http)
2024-12-03 18:50:38,323 [main] INFO  o.apache.coyote.http11.Http11NioProtocol           - Initializing ProtocolHandler ["http-nio-9090"]
2024-12-03 18:50:38,323 [main] INFO  org.apache.catalina.core.StandardService           - Starting service [Tomcat]
2024-12-03 18:50:38,323 [main] INFO  org.apache.catalina.core.StandardEngine            - Starting Servlet engine: [Apache Tomcat/9.0.46]
2024-12-03 18:50:38,410 [main] INFO  o.a.c.c.C.[Tomcat].[localhost].[/]                 - Initializing Spring embedded WebApplicationContext
2024-12-03 18:50:38,410 [main] INFO  o.s.b.w.s.c.ServletWebServerApplicationContext     - Root WebApplicationContext: initialization completed in 1402 ms
2024-12-03 18:50:38,519 [main] WARN  o.s.b.a.o.j.JpaBaseConfiguration$JpaWebConfiguration - spring.jpa.open-in-view is enabled by default. Therefore, database queries may be performed during view rendering. Explicitly configure spring.jpa.open-in-view to disable this warning
2024-12-03 18:50:38,561 [main] INFO  com.zaxxer.hikari.HikariDataSource                 - HikariPool-1 - Starting...
2024-12-03 18:50:38,742 [main] INFO  com.zaxxer.hikari.HikariDataSource                 - HikariPool-1 - Start completed.
2024-12-03 18:50:38,802 [main] INFO  o.hibernate.jpa.internal.util.LogHelper            - HHH000204: Processing PersistenceUnitInfo [name: default]
2024-12-03 18:50:38,855 [main] INFO  org.hibernate.Version                              - HHH000412: Hibernate ORM core version 5.6.15.Final
2024-12-03 18:50:38,999 [main] INFO  org.hibernate.annotations.common.Version           - HCANN000001: Hibernate Commons Annotations {5.1.2.Final}
2024-12-03 18:50:39,089 [main] INFO  org.hibernate.dialect.Dialect                      - HHH000400: Using dialect: org.fatmansoft.teach.sqlite.SQLDialect
2024-12-03 18:50:39,862 [main] INFO  o.h.e.t.j.p.i.JtaPlatformInitiator                 - HHH000490: Using JtaPlatform implementation: [org.hibernate.engine.transaction.jta.platform.internal.NoJtaPlatform]
2024-12-03 18:50:39,869 [main] INFO  o.s.o.j.LocalContainerEntityManagerFactoryBean     - Initialized JPA EntityManagerFactory for persistence unit 'default'
2024-12-03 18:50:40,997 [main] INFO  o.s.b.a.w.s.WelcomePageHandlerMapping              - Adding welcome page: class path resource [public/index.html]
2024-12-03 18:50:41,036 [main] INFO  o.s.s.web.DefaultSecurityFilterChain               - Will secure any request with [org.springframework.security.web.context.request.async.WebAsyncManagerIntegrationFilter@41fe0d98, org.springframework.security.web.context.SecurityContextPersistenceFilter@6441cff1, org.springframework.security.web.header.HeaderWriterFilter@79827e71, org.springframework.web.filter.CorsFilter@7b23aea2, org.springframework.security.web.authentication.logout.LogoutFilter@15e881c0, org.fatmansoft.teach.security.jwt.AuthTokenFilter@623d222, org.springframework.security.web.savedrequest.RequestCacheAwareFilter@4f09d998, org.springframework.security.web.servletapi.SecurityContextHolderAwareRequestFilter@674c01ce, org.springframework.security.web.authentication.AnonymousAuthenticationFilter@3fecdd00, org.springframework.security.web.session.SessionManagementFilter@344f4a82, org.springframework.security.web.access.ExceptionTranslationFilter@381f05a9, org.springframework.security.web.access.intercept.FilterSecurityInterceptor@7ecf4608]
2024-12-03 18:50:41,225 [main] INFO  o.apache.coyote.http11.Http11NioProtocol           - Starting ProtocolHandler ["http-nio-9090"]
2024-12-03 18:50:41,299 [main] INFO  o.s.b.w.embedded.tomcat.TomcatWebServer            - Tomcat started on port(s): 9090 (http) with context path ''
2024-12-03 18:50:41,320 [main] INFO  o.f.t.SpringBootSecurityJwtApplication             - Started SpringBootSecurityJwtApplication in 4.75 seconds (JVM running for 5.432)
2024-12-03 18:50:41,323 [main] INFO  o.f.teach.SystemApplicationListener                - SystemInitStart
2024-12-03 18:50:41,386 [main] INFO  o.f.teach.SystemApplicationListener                - systemInitEnd
2024-12-03 18:50:45,317 [http-nio-9090-exec-1] INFO  o.a.c.c.C.[Tomcat].[localhost].[/]                 - Initializing Spring DispatcherServlet 'dispatcherServlet'
2024-12-03 18:50:45,318 [http-nio-9090-exec-1] INFO  o.s.web.servlet.DispatcherServlet                  - Initializing Servlet 'dispatcherServlet'
2024-12-03 18:50:45,319 [http-nio-9090-exec-1] INFO  o.s.web.servlet.DispatcherServlet                  - Completed initialization in 1 ms
2024-12-03 18:50:45,495 [http-nio-9090-exec-1] INFO  o.f.teach.security.jwt.AuthTokenFilter             - /api/statistics/getMainPageData,admin,2024-12-03 18:50:45,0.155
2024-12-03 18:50:46,133 [http-nio-9090-exec-2] INFO  o.f.teach.security.jwt.AuthTokenFilter             - /api/student/getStudentPageData,admin,2024-12-03 18:50:46,0.022
2024-12-03 18:50:47,369 [http-nio-9090-exec-3] INFO  o.f.teach.security.jwt.AuthTokenFilter             - /api/base/getDictionaryOptionItemList,admin,2024-12-03 18:50:47,0.033
2024-12-03 18:50:47,396 [http-nio-9090-exec-4] INFO  o.f.teach.security.jwt.AuthTokenFilter             - /api/student/getStudentInfo,admin,2024-12-03 18:50:47,0.011
2024-12-03 18:50:47,446 [http-nio-9090-exec-6] INFO  o.f.teach.security.jwt.AuthTokenFilter             - /api/base/getPhotoImageStr,admin,2024-12-03 18:50:47,0.044
2024-12-03 18:51:17,890 [http-nio-9090-exec-5] INFO  o.f.teach.security.jwt.AuthTokenFilter             - /api/student/studentEditSave,admin,2024-12-03 18:51:17,0.073
2024-12-03 18:51:17,925 [http-nio-9090-exec-7] INFO  o.f.teach.security.jwt.AuthTokenFilter             - /api/student/getStudentPageData,admin,2024-12-03 18:51:17,0.012
2024-12-03 18:51:19,391 [http-nio-9090-exec-8] INFO  o.f.teach.security.jwt.AuthTokenFilter             - /api/base/getDictionaryOptionItemList,admin,2024-12-03 18:51:19,0.009
2024-12-03 18:51:19,436 [http-nio-9090-exec-9] INFO  o.f.teach.security.jwt.AuthTokenFilter             - /api/student/getStudentInfo,admin,2024-12-03 18:51:19,0.008
2024-12-03 18:51:19,468 [http-nio-9090-exec-10] INFO  o.f.teach.security.jwt.AuthTokenFilter             - /api/base/getPhotoImageStr,admin,2024-12-03 18:51:19,0.021
2024-12-03 18:51:25,781 [http-nio-9090-exec-1] INFO  o.f.teach.security.jwt.AuthTokenFilter             - /api/student/studentEditSave,admin,2024-12-03 18:51:25,0.023
2024-12-03 18:51:25,813 [http-nio-9090-exec-2] INFO  o.f.teach.security.jwt.AuthTokenFilter             - /api/student/getStudentPageData,admin,2024-12-03 18:51:25,0.013
2024-12-03 18:51:38,339 [http-nio-9090-exec-3] INFO  o.f.teach.security.jwt.AuthTokenFilter             - /api/base/getDictionaryOptionItemList,admin,2024-12-03 18:51:38,0.009
2024-12-03 18:51:39,754 [http-nio-9090-exec-4] INFO  o.f.teach.security.jwt.AuthTokenFilter             - /api/student/getStudentPageData,admin,2024-12-03 18:51:39,0.011
2024-12-03 18:51:40,740 [http-nio-9090-exec-6] ERROR o.f.teach.security.jwt.AuthEntryPointJwt           - Unauthorized error: /api/student/getStudentPageData:Full authentication is required to access this resource
2024-12-03 18:51:40,741 [http-nio-9090-exec-6] INFO  o.f.teach.security.jwt.AuthTokenFilter             - /api/student/getStudentPageData,,2024-12-03 18:51:40,0.002
2024-12-03 18:51:41,565 [http-nio-9090-exec-5] INFO  o.f.teach.security.jwt.AuthTokenFilter             - /auth/getValidateCode,,2024-12-03 18:51:40,0.698
2024-12-03 18:51:50,960 [http-nio-9090-exec-7] INFO  o.f.teach.security.jwt.AuthTokenFilter             - /auth/testValidateInfo,,2024-12-03 18:51:50,0.003
2024-12-03 18:51:51,202 [http-nio-9090-exec-8] INFO  o.f.teach.security.jwt.AuthTokenFilter             - /auth/login,,2024-12-03 18:51:50,0.237
2024-12-03 18:51:51,221 [http-nio-9090-exec-9] INFO  o.f.teach.security.jwt.AuthTokenFilter             - /auth/getValidateCode,admin,2024-12-03 18:51:51,0.008
2024-12-03 18:51:51,254 [http-nio-9090-exec-10] INFO  o.f.teach.security.jwt.AuthTokenFilter             - /api/base/getMenuList,admin,2024-12-03 18:51:51,0.027
2024-12-03 18:51:51,290 [http-nio-9090-exec-1] INFO  o.f.teach.security.jwt.AuthTokenFilter             - /api/statistics/getMainPageData,admin,2024-12-03 18:51:51,0.009
2024-12-03 18:51:54,230 [http-nio-9090-exec-2] INFO  o.f.teach.security.jwt.AuthTokenFilter             - /api/student/getStudentPageData,admin,2024-12-03 18:51:54,0.01
2024-12-03 18:51:55,462 [http-nio-9090-exec-3] INFO  o.f.teach.security.jwt.AuthTokenFilter             - /api/teacher/getTeacherList,admin,2024-12-03 18:51:55,0.022
2024-12-03 18:51:57,688 [http-nio-9090-exec-4] INFO  o.f.teach.security.jwt.AuthTokenFilter             - /api/statistics/getMainPageData,admin,2024-12-03 18:51:57,0.007
2024-12-03 18:52:04,154 [http-nio-9090-exec-6] INFO  o.f.teach.security.jwt.AuthTokenFilter             - /api/statistics/getMainPageData,admin,2024-12-03 18:52:04,0.007
2024-12-03 18:58:11,321 [http-nio-9090-exec-5] INFO  o.f.teach.security.jwt.AuthTokenFilter             - /api/course/getCourseList,admin,2024-12-03 18:58:11,0.018
2024-12-03 18:58:11,354 [http-nio-9090-exec-10] INFO  o.f.teach.security.jwt.AuthTokenFilter             - /api/course/getSelectState,admin,2024-12-03 18:58:11,0.006
2024-12-03 18:58:11,371 [http-nio-9090-exec-9] INFO  o.f.teach.security.jwt.AuthTokenFilter             - /api/teacher/getTeacherIdList,admin,2024-12-03 18:58:11,0.023
2024-12-03 18:58:59,866 [http-nio-9090-exec-3] INFO  o.f.teach.security.jwt.AuthTokenFilter             - /api/statistics/getMainPageData,admin,2024-12-03 18:58:59,0.009
2024-12-03 18:59:00,762 [http-nio-9090-exec-4] INFO  o.f.teach.security.jwt.AuthTokenFilter             - /api/student/getStudentPageData,admin,2024-12-03 18:59:00,0.01
2024-12-03 18:59:02,607 [http-nio-9090-exec-6] INFO  o.f.teach.security.jwt.AuthTokenFilter             - /api/base/getDictionaryOptionItemList,admin,2024-12-03 18:59:02,0.009
2024-12-03 18:59:02,668 [http-nio-9090-exec-5] INFO  o.f.teach.security.jwt.AuthTokenFilter             - /api/student/getStudentInfo,admin,2024-12-03 18:59:02,0.007
2024-12-03 18:59:02,691 [http-nio-9090-exec-7] INFO  o.f.teach.security.jwt.AuthTokenFilter             - /api/base/getPhotoImageStr,admin,2024-12-03 18:59:02,0.018
2024-12-03 18:59:10,321 [http-nio-9090-exec-8] INFO  o.f.teach.security.jwt.AuthTokenFilter             - /api/student/studentEditSave,admin,2024-12-03 18:59:10,0.019
2024-12-03 18:59:10,349 [http-nio-9090-exec-10] INFO  o.f.teach.security.jwt.AuthTokenFilter             - /api/student/getStudentPageData,admin,2024-12-03 18:59:10,0.01
2024-12-03 19:00:05,912 [http-nio-9090-exec-9] INFO  o.f.teach.security.jwt.AuthTokenFilter             - /api/statistics/getMainPageData,admin,2024-12-03 19:00:05,0.01
2024-12-03 19:00:07,294 [http-nio-9090-exec-1] INFO  o.f.teach.security.jwt.AuthTokenFilter             - /api/course/getCourseList,admin,2024-12-03 19:00:07,0.016
2024-12-03 19:00:07,304 [http-nio-9090-exec-3] INFO  o.f.teach.security.jwt.AuthTokenFilter             - /api/teacher/getTeacherIdList,admin,2024-12-03 19:00:07,0.009
2024-12-03 19:00:07,313 [http-nio-9090-exec-2] INFO  o.f.teach.security.jwt.AuthTokenFilter             - /api/course/getSelectState,admin,2024-12-03 19:00:07,0.018
2024-12-03 19:00:14,133 [http-nio-9090-exec-6] INFO  o.f.teach.security.jwt.AuthTokenFilter             - /api/course/courseSave,admin,2024-12-03 19:00:14,0.042
2024-12-03 19:00:14,154 [http-nio-9090-exec-5] INFO  o.f.teach.security.jwt.AuthTokenFilter             - /api/course/getCourseList,admin,2024-12-03 19:00:14,0.011
2024-12-03 19:00:21,964 [http-nio-9090-exec-10] INFO  o.f.teach.security.jwt.AuthTokenFilter             - /api/course/courseSave,admin,2024-12-03 19:00:21,0.005
2024-12-03 19:00:21,979 [http-nio-9090-exec-9] INFO  o.f.teach.security.jwt.AuthTokenFilter             - /api/course/getCourseList,admin,2024-12-03 19:00:21,0.004
2024-12-03 19:00:51,971 [http-nio-9090-exec-3] INFO  o.f.teach.security.jwt.AuthTokenFilter             - /api/course/courseSave,admin,2024-12-03 19:00:51,0.012
2024-12-03 19:00:51,988 [http-nio-9090-exec-2] INFO  o.f.teach.security.jwt.AuthTokenFilter             - /api/course/getCourseList,admin,2024-12-03 19:00:51,0.008
2024-12-03 19:01:00,032 [http-nio-9090-exec-6] INFO  o.f.teach.security.jwt.AuthTokenFilter             - /api/score/getScoreList,admin,2024-12-03 19:01:00,0.025
2024-12-03 19:01:00,085 [http-nio-9090-exec-5] INFO  o.f.teach.security.jwt.AuthTokenFilter             - /api/score/getStudentItemOptionList,admin,2024-12-03 19:01:00,0.011
2024-12-03 19:01:00,183 [http-nio-9090-exec-8] INFO  o.f.teach.security.jwt.AuthTokenFilter             - /api/score/getCourseItemOptionList,admin,2024-12-03 19:01:00,0.012
2024-12-03 19:01:00,434 [http-nio-9090-exec-7] INFO  o.f.teach.security.jwt.AuthTokenFilter             - /api/course/getCourseList,admin,2024-12-03 19:01:00,0.009
2024-12-03 19:01:00,449 [http-nio-9090-exec-10] INFO  o.f.teach.security.jwt.AuthTokenFilter             - /api/course/getSelectState,admin,2024-12-03 19:01:00,0.005
2024-12-03 19:01:00,452 [http-nio-9090-exec-9] INFO  o.f.teach.security.jwt.AuthTokenFilter             - /api/teacher/getTeacherIdList,admin,2024-12-03 19:01:00,0.015
2024-12-03 19:01:10,947 [http-nio-9090-exec-2] INFO  o.f.teach.security.jwt.AuthTokenFilter             - /api/score/getScoreList,admin,2024-12-03 19:01:10,0.017
2024-12-03 19:01:10,974 [http-nio-9090-exec-4] INFO  o.f.teach.security.jwt.AuthTokenFilter             - /api/score/getStudentItemOptionList,admin,2024-12-03 19:01:10,0.008
2024-12-03 19:01:11,075 [http-nio-9090-exec-6] INFO  o.f.teach.security.jwt.AuthTokenFilter             - /api/score/getCourseItemOptionList,admin,2024-12-03 19:01:11,0.008
2024-12-03 19:01:12,197 [http-nio-9090-exec-5] INFO  o.f.teach.security.jwt.AuthTokenFilter             - /api/course/getCourseList,admin,2024-12-03 19:01:12,0.009
2024-12-03 19:01:12,204 [http-nio-9090-exec-8] INFO  o.f.teach.security.jwt.AuthTokenFilter             - /api/course/getSelectState,admin,2024-12-03 19:01:12,0.006
2024-12-03 19:01:12,216 [http-nio-9090-exec-7] INFO  o.f.teach.security.jwt.AuthTokenFilter             - /api/teacher/getTeacherIdList,admin,2024-12-03 19:01:12,0.019
2024-12-03 19:01:13,830 [http-nio-9090-exec-10] INFO  o.f.teach.security.jwt.AuthTokenFilter             - /api/statistics/getMainPageData,admin,2024-12-03 19:01:13,0.009
2024-12-03 19:01:17,404 [http-nio-9090-exec-3] ERROR o.f.teach.security.jwt.AuthEntryPointJwt           - Unauthorized error: /api/statistics/getMainPageData:Full authentication is required to access this resource
2024-12-03 19:01:17,404 [http-nio-9090-exec-3] INFO  o.f.teach.security.jwt.AuthTokenFilter             - /api/statistics/getMainPageData,,2024-12-03 19:01:17,0.0
2024-12-03 19:01:22,217 [http-nio-9090-exec-2] INFO  o.f.teach.security.jwt.AuthTokenFilter             - /auth/getValidateCode,,2024-12-03 19:01:22,0.005
2024-12-03 19:01:27,092 [http-nio-9090-exec-4] INFO  o.f.teach.security.jwt.AuthTokenFilter             - /auth/testValidateInfo,,2024-12-03 19:01:27,0.001
2024-12-03 19:01:27,195 [http-nio-9090-exec-6] INFO  o.f.teach.security.jwt.AuthTokenFilter             - /auth/login,,2024-12-03 19:01:27,0.097
2024-12-03 19:01:27,219 [http-nio-9090-exec-5] INFO  o.f.teach.security.jwt.AuthTokenFilter             - /auth/getValidateCode,200799013517,2024-12-03 19:01:27,0.007
2024-12-03 19:01:27,240 [http-nio-9090-exec-8] INFO  o.f.teach.security.jwt.AuthTokenFilter             - /api/base/getMenuList,200799013517,2024-12-03 19:01:27,0.009
2024-12-03 19:01:27,421 [http-nio-9090-exec-7] INFO  o.f.teach.security.jwt.AuthTokenFilter             - /api/statistics/getMainPageData,200799013517,2024-12-03 19:01:27,0.01
2024-12-03 19:01:35,412 [http-nio-9090-exec-10] INFO  o.f.teach.security.jwt.AuthTokenFilter             - /api/statistics/getMainPageData,200799013517,2024-12-03 19:01:35,0.012
2024-12-03 19:01:39,463 [http-nio-9090-exec-2] INFO  o.f.teach.security.jwt.AuthTokenFilter             - /api/course/getCourseByTeacher,200799013517,2024-12-03 19:01:39,0.012
2024-12-03 19:01:39,467 [http-nio-9090-exec-3] INFO  o.f.teach.security.jwt.AuthTokenFilter             - /api/task/getTasksByTeacher,200799013517,2024-12-03 19:01:39,0.017
2024-12-03 19:02:20,456 [http-nio-9090-exec-8] INFO  o.f.teach.security.jwt.AuthTokenFilter             - /api/task/task,200799013517,2024-12-03 19:02:20,0.018
2024-12-03 19:02:20,471 [http-nio-9090-exec-7] INFO  o.f.teach.security.jwt.AuthTokenFilter             - /api/task/getTasksByTeacher,200799013517,2024-12-03 19:02:20,0.01
2024-12-03 19:02:22,532 [http-nio-9090-exec-1] INFO  o.f.teach.security.jwt.AuthTokenFilter             - /auth/getValidateCode,,2024-12-03 19:02:22,0.008
2024-12-03 19:02:28,332 [http-nio-9090-exec-9] INFO  o.f.teach.security.jwt.AuthTokenFilter             - /auth/testValidateInfo,,2024-12-03 19:02:28,0.001
2024-12-03 19:02:28,433 [http-nio-9090-exec-2] INFO  o.f.teach.security.jwt.AuthTokenFilter             - /auth/login,,2024-12-03 19:02:28,0.094
2024-12-03 19:02:28,450 [http-nio-9090-exec-3] INFO  o.f.teach.security.jwt.AuthTokenFilter             - /auth/getValidateCode,2022030001,2024-12-03 19:02:28,0.007
2024-12-03 19:02:28,473 [http-nio-9090-exec-4] INFO  o.f.teach.security.jwt.AuthTokenFilter             - /api/base/getMenuList,2022030001,2024-12-03 19:02:28,0.015
2024-12-03 19:02:28,514 [http-nio-9090-exec-6] INFO  o.f.teach.security.jwt.AuthTokenFilter             - /api/statistics/getMainPageData,2022030001,2024-12-03 19:02:28,0.009
2024-12-03 19:02:30,749 [http-nio-9090-exec-10] INFO  o.f.teach.security.jwt.AuthTokenFilter             - /api/taskSubmit/history,2022030001,2024-12-03 19:02:30,0.008
2024-12-03 19:02:30,764 [http-nio-9090-exec-7] INFO  o.f.teach.security.jwt.AuthTokenFilter             - /api/task/getTasksByStudent,2022030001,2024-12-03 19:02:30,0.023
2024-12-03 19:02:34,922 [http-nio-9090-exec-3] INFO  o.f.teach.security.jwt.AuthTokenFilter             - /api/task/upload/4,2022030001,2024-12-03 19:02:34,0.069
2024-12-03 19:02:34,941 [http-nio-9090-exec-4] INFO  o.f.teach.security.jwt.AuthTokenFilter             - /api/task/getTasksByStudent,2022030001,2024-12-03 19:02:34,0.012
2024-12-03 19:02:39,107 [http-nio-9090-exec-6] INFO  o.f.teach.security.jwt.AuthTokenFilter             - /auth/getValidateCode,,2024-12-03 19:02:39,0.007
2024-12-03 19:02:43,970 [http-nio-9090-exec-5] INFO  o.f.teach.security.jwt.AuthTokenFilter             - /auth/testValidateInfo,,2024-12-03 19:02:43,0.002
2024-12-03 19:02:44,077 [http-nio-9090-exec-10] INFO  o.f.teach.security.jwt.AuthTokenFilter             - /auth/login,,2024-12-03 19:02:43,0.101
2024-12-03 19:02:44,093 [http-nio-9090-exec-7] INFO  o.f.teach.security.jwt.AuthTokenFilter             - /auth/getValidateCode,200799013517,2024-12-03 19:02:44,0.006
2024-12-03 19:02:44,114 [http-nio-9090-exec-1] INFO  o.f.teach.security.jwt.AuthTokenFilter             - /api/base/getMenuList,200799013517,2024-12-03 19:02:44,0.013
2024-12-03 19:02:44,145 [http-nio-9090-exec-9] INFO  o.f.teach.security.jwt.AuthTokenFilter             - /api/statistics/getMainPageData,200799013517,2024-12-03 19:02:44,0.012
2024-12-03 19:02:45,557 [http-nio-9090-exec-2] INFO  o.f.teach.security.jwt.AuthTokenFilter             - /api/task/getTasksByTeacher,200799013517,2024-12-03 19:02:45,0.006
2024-12-03 19:02:45,563 [http-nio-9090-exec-3] INFO  o.f.teach.security.jwt.AuthTokenFilter             - /api/course/getCourseByTeacher,200799013517,2024-12-03 19:02:45,0.013
2024-12-03 19:02:47,397 [http-nio-9090-exec-5] INFO  o.f.teach.security.jwt.AuthTokenFilter             - /api/student/getAllStudents,200799013517,2024-12-03 19:02:47,0.013
2024-12-03 19:02:47,407 [http-nio-9090-exec-8] INFO  o.f.teach.security.jwt.AuthTokenFilter             - /api/taskSubmit/getTaskSubmitsByTeacher,200799013517,2024-12-03 19:02:47,0.022
2024-12-03 19:02:48,674 [http-nio-9090-exec-7] INFO  o.f.teach.security.jwt.AuthTokenFilter             - /api/taskSubmit/openFolder/5,200799013517,2024-12-03 19:02:48,0.028
2024-12-03 19:03:03,124 [http-nio-9090-exec-3] INFO  o.f.teach.security.jwt.AuthTokenFilter             - /api/task/correntTask,200799013517,2024-12-03 19:03:03,0.015
2024-12-03 19:03:03,140 [http-nio-9090-exec-4] INFO  o.f.teach.security.jwt.AuthTokenFilter             - /api/taskSubmit/getTaskSubmitsByTeacher,200799013517,2024-12-03 19:03:03,0.007
2024-12-03 19:03:08,538 [http-nio-9090-exec-5] ERROR o.f.teach.security.jwt.AuthEntryPointJwt           - Unauthorized error: /api/taskSubmit/getTaskSubmitsByTeacher:Full authentication is required to access this resource
2024-12-03 19:03:08,539 [http-nio-9090-exec-5] INFO  o.f.teach.security.jwt.AuthTokenFilter             - /api/taskSubmit/getTaskSubmitsByTeacher,,2024-12-03 19:03:08,0.001
2024-12-03 19:03:08,539 [http-nio-9090-exec-8] ERROR o.f.teach.security.jwt.AuthEntryPointJwt           - Unauthorized error: /api/student/getAllStudents:Full authentication is required to access this resource
2024-12-03 19:03:08,540 [http-nio-9090-exec-8] INFO  o.f.teach.security.jwt.AuthTokenFilter             - /api/student/getAllStudents,,2024-12-03 19:03:08,0.001
2024-12-03 19:03:08,568 [http-nio-9090-exec-10] INFO  o.f.teach.security.jwt.AuthTokenFilter             - /auth/getValidateCode,,2024-12-03 19:03:08,0.004
2024-12-03 19:03:25,951 [SpringApplicationShutdownHook] INFO  o.s.o.j.LocalContainerEntityManagerFactoryBean     - Closing JPA EntityManagerFactory for persistence unit 'default'
2024-12-03 19:03:25,953 [SpringApplicationShutdownHook] INFO  com.zaxxer.hikari.HikariDataSource                 - HikariPool-1 - Shutdown initiated...
2024-12-03 19:03:25,955 [SpringApplicationShutdownHook] INFO  com.zaxxer.hikari.HikariDataSource                 - HikariPool-1 - Shutdown completed.
