2024-12-17 23:41:00,467 [http-nio-9090-exec-2] INFO  o.f.teach.security.jwt.AuthTokenFilter             - /api/score/getCourseItemOptionList,200799013517,2024-12-17 23:41:00,0.002
2024-12-17 23:42:36,361 [http-nio-9090-exec-1] INFO  o.f.teach.security.jwt.AuthTokenFilter             - /api/score/getScoreList,200799013517,2024-12-17 23:42:36,0.007
2024-12-17 23:42:36,540 [http-nio-9090-exec-7] INFO  o.f.teach.security.jwt.AuthTokenFilter             - /api/score/getStudentItemOptionList,200799013517,2024-12-17 23:42:36,0.004
2024-12-17 23:42:36,601 [http-nio-9090-exec-8] INFO  o.f.teach.security.jwt.AuthTokenFilter             - /api/score/getCourseItemOptionList,200799013517,2024-12-17 23:42:36,0.002
2024-12-17 23:58:47,424 [SpringApplicationShutdownHook] INFO  o.s.o.j.LocalContainerEntityManagerFactoryBean     - Closing JPA EntityManagerFactory for persistence unit 'default'
2024-12-17 23:58:47,430 [SpringApplicationShutdownHook] INFO  com.zaxxer.hikari.HikariDataSource                 - HikariPool-1 - Shutdown initiated...
2024-12-17 23:58:47,434 [SpringApplicationShutdownHook] INFO  com.zaxxer.hikari.HikariDataSource                 - HikariPool-1 - Shutdown completed.
2024-12-17 23:58:52,571 [background-preinit] INFO  o.h.validator.internal.util.Version                - HV000001: Hibernate Validator 6.2.0.Final
2024-12-17 23:58:52,580 [main] INFO  o.f.t.SpringBootSecurityJwtApplication             - Starting SpringBootSecurityJwtApplication using Java 17.0.10 on Tan_Thinkbook with PID 206500 (D:\23993\OneDrive\IDEA\WebCourseDesign\java-server\target\classes started by 23993 in D:\23993\OneDrive\IDEA\WebCourseDesign\java-server)
2024-12-17 23:58:52,580 [main] INFO  o.f.t.SpringBootSecurityJwtApplication             - No active profile set, falling back to default profiles: default
2024-12-17 23:58:53,535 [main] INFO  o.s.d.r.c.RepositoryConfigurationDelegate          - Multiple Spring Data modules found, entering strict repository configuration mode!
2024-12-17 23:58:53,536 [main] INFO  o.s.d.r.c.RepositoryConfigurationDelegate          - Bootstrapping Spring Data JPA repositories in DEFAULT mode.
2024-12-17 23:58:53,667 [main] INFO  o.s.d.r.c.RepositoryConfigurationDelegate          - Finished Spring Data repository scanning in 126 ms. Found 22 JPA repository interfaces.
2024-12-17 23:58:53,889 [main] INFO  o.s.c.s.PostProcessorRegistrationDelegate$BeanPostProcessorChecker - Bean 'org.springframework.security.access.expression.method.DefaultMethodSecurityExpressionHandler@48e8c32a' of type [org.springframework.security.access.expression.method.DefaultMethodSecurityExpressionHandler] is not eligible for getting processed by all BeanPostProcessors (for example: not eligible for auto-proxying)
2024-12-17 23:58:53,892 [main] INFO  o.s.c.s.PostProcessorRegistrationDelegate$BeanPostProcessorChecker - Bean 'methodSecurityMetadataSource' of type [org.springframework.security.access.method.DelegatingMethodSecurityMetadataSource] is not eligible for getting processed by all BeanPostProcessors (for example: not eligible for auto-proxying)
2024-12-17 23:58:54,055 [main] INFO  o.s.b.w.embedded.tomcat.TomcatWebServer            - Tomcat initialized with port(s): 9090 (http)
2024-12-17 23:58:54,061 [main] INFO  o.apache.coyote.http11.Http11NioProtocol           - Initializing ProtocolHandler ["http-nio-9090"]
2024-12-17 23:58:54,061 [main] INFO  org.apache.catalina.core.StandardService           - Starting service [Tomcat]
2024-12-17 23:58:54,061 [main] INFO  org.apache.catalina.core.StandardEngine            - Starting Servlet engine: [Apache Tomcat/9.0.46]
2024-12-17 23:58:54,166 [main] INFO  o.a.c.c.C.[Tomcat].[localhost].[/]                 - Initializing Spring embedded WebApplicationContext
2024-12-17 23:58:54,166 [main] INFO  o.s.b.w.s.c.ServletWebServerApplicationContext     - Root WebApplicationContext: initialization completed in 1554 ms
2024-12-17 23:58:54,264 [main] WARN  o.s.b.a.o.j.JpaBaseConfiguration$JpaWebConfiguration - spring.jpa.open-in-view is enabled by default. Therefore, database queries may be performed during view rendering. Explicitly configure spring.jpa.open-in-view to disable this warning
2024-12-17 23:58:54,298 [main] INFO  com.zaxxer.hikari.HikariDataSource                 - HikariPool-1 - Starting...
2024-12-17 23:58:54,406 [main] INFO  com.zaxxer.hikari.HikariDataSource                 - HikariPool-1 - Start completed.
2024-12-17 23:58:54,475 [main] INFO  o.hibernate.jpa.internal.util.LogHelper            - HHH000204: Processing PersistenceUnitInfo [name: default]
2024-12-17 23:58:54,522 [main] INFO  org.hibernate.Version                              - HHH000412: Hibernate ORM core version 5.6.15.Final
2024-12-17 23:58:54,608 [main] INFO  org.hibernate.annotations.common.Version           - HCANN000001: Hibernate Commons Annotations {5.1.2.Final}
2024-12-17 23:58:54,689 [main] INFO  org.hibernate.dialect.Dialect                      - HHH000400: Using dialect: org.fatmansoft.teach.sqlite.SQLDialect
2024-12-17 23:58:55,281 [main] INFO  o.h.e.t.j.p.i.JtaPlatformInitiator                 - HHH000490: Using JtaPlatform implementation: [org.hibernate.engine.transaction.jta.platform.internal.NoJtaPlatform]
2024-12-17 23:58:55,288 [main] INFO  o.s.o.j.LocalContainerEntityManagerFactoryBean     - Initialized JPA EntityManagerFactory for persistence unit 'default'
2024-12-17 23:58:56,238 [main] INFO  o.s.b.a.w.s.WelcomePageHandlerMapping              - Adding welcome page: class path resource [public/index.html]
2024-12-17 23:58:56,268 [main] INFO  o.s.s.web.DefaultSecurityFilterChain               - Will secure any request with [org.springframework.security.web.context.request.async.WebAsyncManagerIntegrationFilter@495598c5, org.springframework.security.web.context.SecurityContextPersistenceFilter@542c6165, org.springframework.security.web.header.HeaderWriterFilter@978475b, org.springframework.web.filter.CorsFilter@6e4ac3f5, org.springframework.security.web.authentication.logout.LogoutFilter@1b2e841, org.fatmansoft.teach.security.jwt.AuthTokenFilter@431923ed, org.springframework.security.web.savedrequest.RequestCacheAwareFilter@a4e1ca7, org.springframework.security.web.servletapi.SecurityContextHolderAwareRequestFilter@5432be12, org.springframework.security.web.authentication.AnonymousAuthenticationFilter@48dc06a9, org.springframework.security.web.session.SessionManagementFilter@7e44f989, org.springframework.security.web.access.ExceptionTranslationFilter@193d73d3, org.springframework.security.web.access.intercept.FilterSecurityInterceptor@53ce27fa]
2024-12-17 23:58:56,413 [main] INFO  o.apache.coyote.http11.Http11NioProtocol           - Starting ProtocolHandler ["http-nio-9090"]
2024-12-17 23:58:56,461 [main] INFO  o.s.b.w.embedded.tomcat.TomcatWebServer            - Tomcat started on port(s): 9090 (http) with context path ''
2024-12-17 23:58:56,467 [main] INFO  o.f.t.SpringBootSecurityJwtApplication             - Started SpringBootSecurityJwtApplication in 4.256 seconds (JVM running for 4.83)
2024-12-17 23:58:56,469 [main] INFO  o.f.teach.SystemApplicationListener                - SystemInitStart
2024-12-17 23:58:56,521 [main] INFO  o.f.teach.SystemApplicationListener                - systemInitEnd
