2024-12-21 01:00:35,940 [http-nio-22222-exec-5] INFO  o.f.teach.security.jwt.AuthTokenFilter             - /api/base/getDictionaryTreeNodeList,admin,2024-12-21 01:00:35,0.03
2024-12-21 01:00:36,470 [http-nio-22222-exec-2] INFO  o.f.teach.security.jwt.AuthTokenFilter             - /api/base/getRoleOptionItemList,admin,2024-12-21 01:00:36,0.01
2024-12-21 01:00:36,495 [http-nio-22222-exec-9] INFO  o.f.teach.security.jwt.AuthTokenFilter             - /api/base/getMenuTreeNodeList,admin,2024-12-21 01:00:36,0.014
2024-12-21 01:00:37,350 [http-nio-22222-exec-1] INFO  o.f.teach.security.jwt.AuthTokenFilter             - /api/base/getDictionaryTreeNodeList,admin,2024-12-21 01:00:37,0.004
2024-12-21 01:00:37,605 [http-nio-22222-exec-8] INFO  o.f.teach.security.jwt.AuthTokenFilter             - /api/base/getRoleOptionItemList,admin,2024-12-21 01:00:37,0.003
2024-12-21 01:00:37,823 [http-nio-22222-exec-10] INFO  o.f.teach.security.jwt.AuthTokenFilter             - /api/base/getMenuTreeNodeList,admin,2024-12-21 01:00:37,0.01
2024-12-21 01:00:52,217 [http-nio-22222-exec-6] INFO  o.f.teach.security.jwt.AuthTokenFilter             - /api/statistics/getMainPageData,admin,2024-12-21 01:00:52,0.007
2024-12-21 01:01:32,023 [http-nio-22222-exec-4] ERROR o.f.teach.security.jwt.AuthEntryPointJwt           - Unauthorized error: /api/statistics/getMainPageData:Full authentication is required to access this resource
2024-12-21 01:01:32,023 [http-nio-22222-exec-4] INFO  o.f.teach.security.jwt.AuthTokenFilter             - /api/statistics/getMainPageData,,2024-12-21 01:01:32,0.001
2024-12-21 01:01:32,075 [http-nio-22222-exec-3] INFO  o.f.teach.security.jwt.AuthTokenFilter             - /auth/getValidateCode,,2024-12-21 01:01:32,0.008
2024-12-21 01:01:38,610 [http-nio-22222-exec-7] INFO  o.f.teach.security.jwt.AuthTokenFilter             - /auth/testValidateInfo,,2024-12-21 01:01:38,0.001
2024-12-21 01:01:38,694 [http-nio-22222-exec-5] INFO  o.f.teach.security.jwt.AuthTokenFilter             - /auth/login,,2024-12-21 01:01:38,0.077
2024-12-21 01:01:38,713 [http-nio-22222-exec-2] INFO  o.f.teach.security.jwt.AuthTokenFilter             - /auth/getValidateCode,admin,2024-12-21 01:01:38,0.004
2024-12-21 01:01:38,736 [http-nio-22222-exec-9] INFO  o.f.teach.security.jwt.AuthTokenFilter             - /api/base/getMenuList,admin,2024-12-21 01:01:38,0.01
2024-12-21 01:01:39,075 [http-nio-22222-exec-1] INFO  o.f.teach.security.jwt.AuthTokenFilter             - /api/statistics/getMainPageData,admin,2024-12-21 01:01:39,0.004
2024-12-21 01:02:08,952 [http-nio-22222-exec-8] INFO  o.f.teach.security.jwt.AuthTokenFilter             - /api/statistics/getMainPageData,admin,2024-12-21 01:02:08,0.006
2024-12-21 01:02:09,988 [http-nio-22222-exec-10] INFO  o.f.teach.security.jwt.AuthTokenFilter             - /api/statistics/getMainPageData,admin,2024-12-21 01:02:09,0.004
2024-12-21 01:02:10,876 [http-nio-22222-exec-6] INFO  o.f.teach.security.jwt.AuthTokenFilter             - /api/statistics/getMainPageData,admin,2024-12-21 01:02:10,0.004
2024-12-21 01:02:12,374 [http-nio-22222-exec-4] INFO  o.f.teach.security.jwt.AuthTokenFilter             - /api/statistics/getMainPageData,admin,2024-12-21 01:02:12,0.004
2024-12-21 01:02:15,613 [http-nio-22222-exec-3] INFO  o.f.teach.security.jwt.AuthTokenFilter             - /api/statistics/getMainPageData,admin,2024-12-21 01:02:15,0.006
2024-12-21 01:02:17,255 [http-nio-22222-exec-7] INFO  o.f.teach.security.jwt.AuthTokenFilter             - /api/base/getDictionaryTreeNodeList,admin,2024-12-21 01:02:17,0.004
2024-12-21 01:02:18,718 [http-nio-22222-exec-5] INFO  o.f.teach.security.jwt.AuthTokenFilter             - /api/statistics/getMainPageData,admin,2024-12-21 01:02:18,0.004
2024-12-21 01:02:20,609 [http-nio-22222-exec-2] INFO  o.f.teach.security.jwt.AuthTokenFilter             - /api/score/getScoreList,admin,2024-12-21 01:02:20,0.014
2024-12-21 01:02:20,646 [http-nio-22222-exec-9] INFO  o.f.teach.security.jwt.AuthTokenFilter             - /api/score/getStudentItemOptionList,admin,2024-12-21 01:02:20,0.004
2024-12-21 01:02:20,715 [http-nio-22222-exec-1] INFO  o.f.teach.security.jwt.AuthTokenFilter             - /api/score/getCourseItemOptionList,admin,2024-12-21 01:02:20,0.004
2024-12-21 01:02:22,119 [http-nio-22222-exec-8] INFO  o.f.teach.security.jwt.AuthTokenFilter             - /api/statistics/getMainPageData,admin,2024-12-21 01:02:22,0.005
2024-12-21 01:02:29,447 [http-nio-22222-exec-10] INFO  o.f.teach.security.jwt.AuthTokenFilter             - /api/statistics/getMainPageData,admin,2024-12-21 01:02:29,0.004
2024-12-21 01:02:31,343 [http-nio-22222-exec-6] INFO  o.f.teach.security.jwt.AuthTokenFilter             - /api/score/getScoreList,admin,2024-12-21 01:02:31,0.007
2024-12-21 01:02:31,372 [http-nio-22222-exec-4] INFO  o.f.teach.security.jwt.AuthTokenFilter             - /api/score/getStudentItemOptionList,admin,2024-12-21 01:02:31,0.011
2024-12-21 01:02:31,443 [http-nio-22222-exec-3] INFO  o.f.teach.security.jwt.AuthTokenFilter             - /api/score/getCourseItemOptionList,admin,2024-12-21 01:02:31,0.003
2024-12-21 01:02:31,881 [http-nio-22222-exec-7] INFO  o.f.teach.security.jwt.AuthTokenFilter             - /api/score/getStudentItemOptionList,admin,2024-12-21 01:02:31,0.003
2024-12-21 01:02:31,882 [http-nio-22222-exec-5] INFO  o.f.teach.security.jwt.AuthTokenFilter             - /api/dailyActivity/list,admin,2024-12-21 01:02:31,0.004
2024-12-21 01:02:32,379 [http-nio-22222-exec-2] INFO  o.f.teach.security.jwt.AuthTokenFilter             - /api/score/getStudentItemOptionList,admin,2024-12-21 01:02:32,0.003
2024-12-21 01:02:32,689 [http-nio-22222-exec-9] INFO  o.f.teach.security.jwt.AuthTokenFilter             - /api/honor/list,admin,2024-12-21 01:02:32,0.003
2024-12-21 01:02:33,080 [http-nio-22222-exec-1] INFO  o.f.teach.security.jwt.AuthTokenFilter             - /api/score/getStudentItemOptionList,admin,2024-12-21 01:02:33,0.003
2024-12-21 01:02:33,311 [http-nio-22222-exec-8] INFO  o.f.teach.security.jwt.AuthTokenFilter             - /api/innovation/list,admin,2024-12-21 01:02:33,0.004
2024-12-21 01:02:34,225 [http-nio-22222-exec-10] INFO  o.f.teach.security.jwt.AuthTokenFilter             - /api/score/getScoreList,admin,2024-12-21 01:02:34,0.007
2024-12-21 01:02:34,550 [http-nio-22222-exec-6] INFO  o.f.teach.security.jwt.AuthTokenFilter             - /api/score/getStudentItemOptionList,admin,2024-12-21 01:02:34,0.002
2024-12-21 01:02:34,808 [http-nio-22222-exec-4] INFO  o.f.teach.security.jwt.AuthTokenFilter             - /api/score/getCourseItemOptionList,admin,2024-12-21 01:02:34,0.003
2024-12-21 01:02:34,907 [http-nio-22222-exec-3] INFO  o.f.teach.security.jwt.AuthTokenFilter             - /api/course/getCourseList,admin,2024-12-21 01:02:34,0.005
2024-12-21 01:02:35,427 [http-nio-22222-exec-7] INFO  o.f.teach.security.jwt.AuthTokenFilter             - /api/score/getScoreList,admin,2024-12-21 01:02:35,0.009
2024-12-21 01:02:35,747 [http-nio-22222-exec-5] INFO  o.f.teach.security.jwt.AuthTokenFilter             - /api/score/getStudentItemOptionList,admin,2024-12-21 01:02:35,0.003
2024-12-21 01:02:36,003 [http-nio-22222-exec-2] INFO  o.f.teach.security.jwt.AuthTokenFilter             - /api/score/getStudentItemOptionList,admin,2024-12-21 01:02:36,0.003
2024-12-21 01:02:36,069 [http-nio-22222-exec-1] INFO  o.f.teach.security.jwt.AuthTokenFilter             - /api/score/getCourseItemOptionList,admin,2024-12-21 01:02:36,0.004
2024-12-21 01:02:36,069 [http-nio-22222-exec-9] INFO  o.f.teach.security.jwt.AuthTokenFilter             - /api/honor/list,admin,2024-12-21 01:02:36,0.004
2024-12-21 01:02:36,079 [http-nio-22222-exec-8] INFO  o.f.teach.security.jwt.AuthTokenFilter             - /api/score/getStudentItemOptionList,admin,2024-12-21 01:02:36,0.005
2024-12-21 01:02:36,374 [http-nio-22222-exec-10] INFO  o.f.teach.security.jwt.AuthTokenFilter             - /api/innovation/list,admin,2024-12-21 01:02:36,0.003
2024-12-21 01:02:39,300 [http-nio-22222-exec-6] INFO  o.f.teach.security.jwt.AuthTokenFilter             - /api/base/getRoleOptionItemList,admin,2024-12-21 01:02:39,0.003
2024-12-21 01:02:39,317 [http-nio-22222-exec-4] INFO  o.f.teach.security.jwt.AuthTokenFilter             - /api/base/getMenuTreeNodeList,admin,2024-12-21 01:02:39,0.007
2024-12-21 01:02:40,222 [http-nio-22222-exec-3] INFO  o.f.teach.security.jwt.AuthTokenFilter             - /api/base/getDictionaryTreeNodeList,admin,2024-12-21 01:02:40,0.003
2024-12-21 01:02:40,898 [http-nio-22222-exec-7] INFO  o.f.teach.security.jwt.AuthTokenFilter             - /api/score/getScoreList,admin,2024-12-21 01:02:40,0.008
2024-12-21 01:02:41,221 [http-nio-22222-exec-5] INFO  o.f.teach.security.jwt.AuthTokenFilter             - /api/score/getStudentItemOptionList,admin,2024-12-21 01:02:41,0.003
2024-12-21 01:02:41,487 [http-nio-22222-exec-2] INFO  o.f.teach.security.jwt.AuthTokenFilter             - /api/score/getCourseItemOptionList,admin,2024-12-21 01:02:41,0.002
2024-12-21 01:02:41,548 [http-nio-22222-exec-1] INFO  o.f.teach.security.jwt.AuthTokenFilter             - /api/score/getStudentItemOptionList,admin,2024-12-21 01:02:41,0.003
2024-12-21 01:02:41,639 [http-nio-22222-exec-9] INFO  o.f.teach.security.jwt.AuthTokenFilter             - /api/honor/list,admin,2024-12-21 01:02:41,0.002
2024-12-21 01:02:47,236 [http-nio-22222-exec-8] INFO  o.f.teach.security.jwt.AuthTokenFilter             - /api/teacher/getTeacherList,admin,2024-12-21 01:02:47,0.004
2024-12-21 01:02:56,475 [http-nio-22222-exec-10] INFO  o.f.teach.security.jwt.AuthTokenFilter             - /api/teacher/getTeacherInfo,admin,2024-12-21 01:02:56,0.008
2024-12-21 01:02:57,904 [http-nio-22222-exec-6] INFO  o.f.teach.security.jwt.AuthTokenFilter             - /api/teacher/getTeacherList,admin,2024-12-21 01:02:57,0.003
2024-12-21 01:02:58,919 [http-nio-22222-exec-4] INFO  o.f.teach.security.jwt.AuthTokenFilter             - /api/student/getStudentPageData,admin,2024-12-21 01:02:58,0.006
2024-12-21 01:02:59,785 [http-nio-22222-exec-3] INFO  o.f.teach.security.jwt.AuthTokenFilter             - /api/teacher/getTeacherList,admin,2024-12-21 01:02:59,0.003
2024-12-21 01:03:06,518 [http-nio-22222-exec-7] INFO  o.f.teach.security.jwt.AuthTokenFilter             - /api/base/getRoleOptionItemList,admin,2024-12-21 01:03:06,0.003
2024-12-21 01:03:06,840 [http-nio-22222-exec-5] INFO  o.f.teach.security.jwt.AuthTokenFilter             - /api/base/getMenuTreeNodeList,admin,2024-12-21 01:03:06,0.005
2024-12-21 01:03:07,094 [http-nio-22222-exec-2] INFO  o.f.teach.security.jwt.AuthTokenFilter             - /api/base/getDictionaryTreeNodeList,admin,2024-12-21 01:03:07,0.002
2024-12-21 01:03:07,315 [http-nio-22222-exec-1] INFO  o.f.teach.security.jwt.AuthTokenFilter             - /api/base/getRoleOptionItemList,admin,2024-12-21 01:03:07,0.004
2024-12-21 01:03:07,644 [http-nio-22222-exec-9] INFO  o.f.teach.security.jwt.AuthTokenFilter             - /api/base/getMenuTreeNodeList,admin,2024-12-21 01:03:07,0.006
2024-12-21 01:03:12,325 [http-nio-22222-exec-8] INFO  o.f.teach.security.jwt.AuthTokenFilter             - /api/student/getStudentPageData,admin,2024-12-21 01:03:12,0.003
2024-12-21 01:03:13,072 [http-nio-22222-exec-10] INFO  o.f.teach.security.jwt.AuthTokenFilter             - /api/teacher/getTeacherList,admin,2024-12-21 01:03:13,0.003
2024-12-21 01:03:13,327 [http-nio-22222-exec-6] INFO  o.f.teach.security.jwt.AuthTokenFilter             - /api/student/getStudentPageData,admin,2024-12-21 01:03:13,0.003
2024-12-21 01:03:19,612 [http-nio-22222-exec-4] INFO  o.f.teach.security.jwt.AuthTokenFilter             - /api/course/getCourseList,admin,2024-12-21 01:03:19,0.004
2024-12-21 01:03:20,416 [http-nio-22222-exec-3] INFO  o.f.teach.security.jwt.AuthTokenFilter             - /api/score/getScoreList,admin,2024-12-21 01:03:20,0.005
2024-12-21 01:03:20,671 [http-nio-22222-exec-7] INFO  o.f.teach.security.jwt.AuthTokenFilter             - /api/score/getStudentItemOptionList,admin,2024-12-21 01:03:20,0.003
2024-12-21 01:03:20,732 [http-nio-22222-exec-5] INFO  o.f.teach.security.jwt.AuthTokenFilter             - /api/score/getCourseItemOptionList,admin,2024-12-21 01:03:20,0.003
2024-12-21 01:03:22,567 [http-nio-22222-exec-2] INFO  o.f.teach.security.jwt.AuthTokenFilter             - /api/statistics/getMainPageData,admin,2024-12-21 01:03:22,0.005
2024-12-21 01:03:27,603 [http-nio-22222-exec-1] ERROR o.f.teach.security.jwt.AuthEntryPointJwt           - Unauthorized error: /api/statistics/getMainPageData:Full authentication is required to access this resource
2024-12-21 01:03:27,604 [http-nio-22222-exec-1] INFO  o.f.teach.security.jwt.AuthTokenFilter             - /api/statistics/getMainPageData,,2024-12-21 01:03:27,0.001
2024-12-21 01:03:27,644 [http-nio-22222-exec-9] INFO  o.f.teach.security.jwt.AuthTokenFilter             - /auth/getValidateCode,,2024-12-21 01:03:27,0.005
2024-12-21 01:03:32,952 [http-nio-22222-exec-8] INFO  o.f.teach.security.jwt.AuthTokenFilter             - /auth/testValidateInfo,,2024-12-21 01:03:32,0.0
2024-12-21 01:03:33,031 [http-nio-22222-exec-10] INFO  o.f.teach.security.jwt.AuthTokenFilter             - /auth/login,,2024-12-21 01:03:32,0.072
2024-12-21 01:03:33,051 [http-nio-22222-exec-6] INFO  o.f.teach.security.jwt.AuthTokenFilter             - /auth/getValidateCode,200799013517,2024-12-21 01:03:33,0.004
2024-12-21 01:03:33,078 [http-nio-22222-exec-4] INFO  o.f.teach.security.jwt.AuthTokenFilter             - /api/base/getMenuList,200799013517,2024-12-21 01:03:33,0.009
2024-12-21 01:03:33,424 [http-nio-22222-exec-3] INFO  o.f.teach.security.jwt.AuthTokenFilter             - /api/statistics/getMainPageData,200799013517,2024-12-21 01:03:33,0.005
2024-12-21 01:04:19,909 [http-nio-22222-exec-7] INFO  o.f.teach.security.jwt.AuthTokenFilter             - /api/score/getScoreList,200799013517,2024-12-21 01:04:19,0.015
2024-12-21 01:04:20,076 [http-nio-22222-exec-5] INFO  o.f.teach.security.jwt.AuthTokenFilter             - /api/score/getStudentItemOptionList,200799013517,2024-12-21 01:04:20,0.002
2024-12-21 01:04:20,170 [http-nio-22222-exec-2] INFO  o.f.teach.security.jwt.AuthTokenFilter             - /api/score/getCourseItemOptionList,200799013517,2024-12-21 01:04:20,0.002
2024-12-21 01:04:20,181 [http-nio-22222-exec-1] INFO  o.f.teach.security.jwt.AuthTokenFilter             - /api/course/getCourseByTeacher,200799013517,2024-12-21 01:04:20,0.005
2024-12-21 01:04:20,213 [http-nio-22222-exec-9] INFO  o.f.teach.security.jwt.AuthTokenFilter             - /api/score/getStudentItemOptionList,200799013517,2024-12-21 01:04:20,0.004
2024-12-21 01:04:20,215 [http-nio-22222-exec-8] INFO  o.f.teach.security.jwt.AuthTokenFilter             - /api/absence/list,200799013517,2024-12-21 01:04:20,0.006
2024-12-21 01:04:20,487 [http-nio-22222-exec-10] INFO  o.f.teach.security.jwt.AuthTokenFilter             - /api/score/getScoreList,200799013517,2024-12-21 01:04:20,0.011
2024-12-21 01:04:20,499 [http-nio-22222-exec-6] INFO  o.f.teach.security.jwt.AuthTokenFilter             - /api/score/getStudentItemOptionList,200799013517,2024-12-21 01:04:20,0.003
2024-12-21 01:04:20,849 [http-nio-22222-exec-4] INFO  o.f.teach.security.jwt.AuthTokenFilter             - /api/score/getCourseItemOptionList,200799013517,2024-12-21 01:04:20,0.003
2024-12-21 01:04:21,110 [http-nio-22222-exec-3] INFO  o.f.teach.security.jwt.AuthTokenFilter             - /api/course/getCourseByTeacher,200799013517,2024-12-21 01:04:21,0.003
2024-12-21 01:04:21,379 [http-nio-22222-exec-7] INFO  o.f.teach.security.jwt.AuthTokenFilter             - /api/score/getStudentItemOptionList,200799013517,2024-12-21 01:04:21,0.003
2024-12-21 01:04:21,394 [http-nio-22222-exec-5] INFO  o.f.teach.security.jwt.AuthTokenFilter             - /api/absence/list,200799013517,2024-12-21 01:04:21,0.018
2024-12-21 01:04:21,788 [http-nio-22222-exec-2] INFO  o.f.teach.security.jwt.AuthTokenFilter             - /api/score/getScoreList,200799013517,2024-12-21 01:04:21,0.008
2024-12-21 01:04:21,797 [http-nio-22222-exec-1] INFO  o.f.teach.security.jwt.AuthTokenFilter             - /api/score/getStudentItemOptionList,200799013517,2024-12-21 01:04:21,0.003
2024-12-21 01:04:21,834 [http-nio-22222-exec-9] INFO  o.f.teach.security.jwt.AuthTokenFilter             - /api/score/getCourseItemOptionList,200799013517,2024-12-21 01:04:21,0.005
2024-12-21 01:04:22,155 [http-nio-22222-exec-8] INFO  o.f.teach.security.jwt.AuthTokenFilter             - /api/course/getCourseByTeacher,200799013517,2024-12-21 01:04:22,0.003
2024-12-21 01:04:25,070 [http-nio-22222-exec-10] INFO  o.f.teach.security.jwt.AuthTokenFilter             - /api/statistics/getMainPageData,200799013517,2024-12-21 01:04:25,0.005
2024-12-21 01:04:45,471 [http-nio-22222-exec-6] INFO  o.f.teach.security.jwt.AuthTokenFilter             - /api/score/getScoreList,200799013517,2024-12-21 01:04:45,0.008
2024-12-21 01:04:45,492 [http-nio-22222-exec-4] INFO  o.f.teach.security.jwt.AuthTokenFilter             - /api/score/getStudentItemOptionList,200799013517,2024-12-21 01:04:45,0.003
2024-12-21 01:04:45,715 [http-nio-22222-exec-3] INFO  o.f.teach.security.jwt.AuthTokenFilter             - /api/score/getCourseItemOptionList,200799013517,2024-12-21 01:04:45,0.003
2024-12-21 01:04:45,725 [http-nio-22222-exec-7] INFO  o.f.teach.security.jwt.AuthTokenFilter             - /api/course/getCourseByTeacher,200799013517,2024-12-21 01:04:45,0.004
2024-12-21 01:04:45,770 [http-nio-22222-exec-5] INFO  o.f.teach.security.jwt.AuthTokenFilter             - /api/score/getStudentItemOptionList,200799013517,2024-12-21 01:04:45,0.005
2024-12-21 01:04:45,770 [http-nio-22222-exec-2] INFO  o.f.teach.security.jwt.AuthTokenFilter             - /api/absence/list,200799013517,2024-12-21 01:04:45,0.006
2024-12-21 01:04:46,551 [http-nio-22222-exec-1] INFO  o.f.teach.security.jwt.AuthTokenFilter             - /api/score/getStudentItemOptionList,200799013517,2024-12-21 01:04:46,0.004
2024-12-21 01:04:46,564 [http-nio-22222-exec-9] INFO  o.f.teach.security.jwt.AuthTokenFilter             - /api/absence/list,200799013517,2024-12-21 01:04:46,0.017
2024-12-21 01:04:47,848 [http-nio-22222-exec-8] INFO  o.f.teach.security.jwt.AuthTokenFilter             - /api/score/getStudentItemOptionList,200799013517,2024-12-21 01:04:47,0.003
2024-12-21 01:04:48,153 [http-nio-22222-exec-10] INFO  o.f.teach.security.jwt.AuthTokenFilter             - /api/absence/list,200799013517,2024-12-21 01:04:48,0.003
2024-12-21 01:04:49,502 [http-nio-22222-exec-4] INFO  o.f.teach.security.jwt.AuthTokenFilter             - /api/absence/list,200799013517,2024-12-21 01:04:49,0.003
2024-12-21 01:04:49,513 [http-nio-22222-exec-6] INFO  o.f.teach.security.jwt.AuthTokenFilter             - /api/score/getStudentItemOptionList,200799013517,2024-12-21 01:04:49,0.014
2024-12-21 01:04:49,885 [http-nio-22222-exec-3] INFO  o.f.teach.security.jwt.AuthTokenFilter             - /api/score/getScoreList,200799013517,2024-12-21 01:04:49,0.006
2024-12-21 01:04:50,211 [http-nio-22222-exec-7] INFO  o.f.teach.security.jwt.AuthTokenFilter             - /api/score/getStudentItemOptionList,200799013517,2024-12-21 01:04:50,0.002
2024-12-21 01:04:50,470 [http-nio-22222-exec-5] INFO  o.f.teach.security.jwt.AuthTokenFilter             - /api/score/getCourseItemOptionList,200799013517,2024-12-21 01:04:50,0.003
2024-12-21 01:04:50,528 [http-nio-22222-exec-2] INFO  o.f.teach.security.jwt.AuthTokenFilter             - /api/course/getCourseByTeacher,200799013517,2024-12-21 01:04:50,0.004
2024-12-21 01:04:50,789 [http-nio-22222-exec-1] INFO  o.f.teach.security.jwt.AuthTokenFilter             - /api/score/getStudentItemOptionList,200799013517,2024-12-21 01:04:50,0.003
2024-12-21 01:04:50,850 [http-nio-22222-exec-9] INFO  o.f.teach.security.jwt.AuthTokenFilter             - /api/absence/list,200799013517,2024-12-21 01:04:50,0.004
2024-12-21 01:04:52,172 [http-nio-22222-exec-8] INFO  o.f.teach.security.jwt.AuthTokenFilter             - /api/score/getStudentItemOptionList,200799013517,2024-12-21 01:04:52,0.004
2024-12-21 01:04:52,487 [http-nio-22222-exec-10] INFO  o.f.teach.security.jwt.AuthTokenFilter             - /api/absence/list,200799013517,2024-12-21 01:04:52,0.002
2024-12-21 01:04:52,929 [http-nio-22222-exec-4] INFO  o.f.teach.security.jwt.AuthTokenFilter             - /api/score/getScoreList,200799013517,2024-12-21 01:04:52,0.005
2024-12-21 01:04:53,197 [http-nio-22222-exec-6] INFO  o.f.teach.security.jwt.AuthTokenFilter             - /api/score/getStudentItemOptionList,200799013517,2024-12-21 01:04:53,0.002
2024-12-21 01:04:53,242 [http-nio-22222-exec-3] INFO  o.f.teach.security.jwt.AuthTokenFilter             - /api/score/getStudentItemOptionList,200799013517,2024-12-21 01:04:53,0.003
2024-12-21 01:04:53,425 [http-nio-22222-exec-5] INFO  o.f.teach.security.jwt.AuthTokenFilter             - /api/score/getCourseItemOptionList,200799013517,2024-12-21 01:04:53,0.002
2024-12-21 01:04:53,438 [http-nio-22222-exec-7] INFO  o.f.teach.security.jwt.AuthTokenFilter             - /api/absence/list,200799013517,2024-12-21 01:04:53,0.015
2024-12-21 01:04:53,515 [http-nio-22222-exec-2] INFO  o.f.teach.security.jwt.AuthTokenFilter             - /api/course/getCourseByTeacher,200799013517,2024-12-21 01:04:53,0.002
2024-12-21 01:04:54,163 [http-nio-22222-exec-1] INFO  o.f.teach.security.jwt.AuthTokenFilter             - /api/score/getStudentItemOptionList,200799013517,2024-12-21 01:04:54,0.004
2024-12-21 01:04:54,469 [http-nio-22222-exec-9] INFO  o.f.teach.security.jwt.AuthTokenFilter             - /api/absence/list,200799013517,2024-12-21 01:04:54,0.003
2024-12-21 01:04:55,121 [http-nio-22222-exec-8] INFO  o.f.teach.security.jwt.AuthTokenFilter             - /api/score/getScoreList,200799013517,2024-12-21 01:04:55,0.005
2024-12-21 01:04:55,361 [http-nio-22222-exec-10] INFO  o.f.teach.security.jwt.AuthTokenFilter             - /api/score/getStudentItemOptionList,200799013517,2024-12-21 01:04:55,0.002
2024-12-21 01:04:55,437 [http-nio-22222-exec-4] INFO  o.f.teach.security.jwt.AuthTokenFilter             - /api/score/getCourseItemOptionList,200799013517,2024-12-21 01:04:55,0.002
2024-12-21 01:04:55,679 [http-nio-22222-exec-6] INFO  o.f.teach.security.jwt.AuthTokenFilter             - /api/course/getCourseByTeacher,200799013517,2024-12-21 01:04:55,0.003
2024-12-21 01:04:55,754 [http-nio-22222-exec-3] INFO  o.f.teach.security.jwt.AuthTokenFilter             - /api/score/getStudentItemOptionList,200799013517,2024-12-21 01:04:55,0.002
2024-12-21 01:04:56,013 [http-nio-22222-exec-5] INFO  o.f.teach.security.jwt.AuthTokenFilter             - /api/absence/list,200799013517,2024-12-21 01:04:56,0.003
2024-12-21 01:04:57,064 [http-nio-22222-exec-7] INFO  o.f.teach.security.jwt.AuthTokenFilter             - /api/score/getScoreList,200799013517,2024-12-21 01:04:57,0.013
2024-12-21 01:04:57,380 [http-nio-22222-exec-2] INFO  o.f.teach.security.jwt.AuthTokenFilter             - /api/score/getStudentItemOptionList,200799013517,2024-12-21 01:04:57,0.002
2024-12-21 01:04:57,638 [http-nio-22222-exec-1] INFO  o.f.teach.security.jwt.AuthTokenFilter             - /api/score/getCourseItemOptionList,200799013517,2024-12-21 01:04:57,0.003
2024-12-21 01:04:57,698 [http-nio-22222-exec-9] INFO  o.f.teach.security.jwt.AuthTokenFilter             - /api/score/getStudentItemOptionList,200799013517,2024-12-21 01:04:57,0.003
2024-12-21 01:04:57,942 [http-nio-22222-exec-10] INFO  o.f.teach.security.jwt.AuthTokenFilter             - /api/course/getCourseByTeacher,200799013517,2024-12-21 01:04:57,0.004
2024-12-21 01:04:57,942 [http-nio-22222-exec-8] INFO  o.f.teach.security.jwt.AuthTokenFilter             - /api/absence/list,200799013517,2024-12-21 01:04:57,0.004
2024-12-21 01:04:58,492 [http-nio-22222-exec-4] INFO  o.f.teach.security.jwt.AuthTokenFilter             - /api/score/getStudentItemOptionList,200799013517,2024-12-21 01:04:58,0.003
2024-12-21 01:04:58,802 [http-nio-22222-exec-6] INFO  o.f.teach.security.jwt.AuthTokenFilter             - /api/absence/list,200799013517,2024-12-21 01:04:58,0.004
2024-12-21 01:04:59,093 [http-nio-22222-exec-3] INFO  o.f.teach.security.jwt.AuthTokenFilter             - /api/score/getScoreList,200799013517,2024-12-21 01:04:59,0.007
2024-12-21 01:04:59,406 [http-nio-22222-exec-5] INFO  o.f.teach.security.jwt.AuthTokenFilter             - /api/score/getStudentItemOptionList,200799013517,2024-12-21 01:04:59,0.003
2024-12-21 01:04:59,634 [http-nio-22222-exec-2] INFO  o.f.teach.security.jwt.AuthTokenFilter             - /api/absence/list,200799013517,2024-12-21 01:04:59,0.002
2024-12-21 01:04:59,644 [http-nio-22222-exec-7] INFO  o.f.teach.security.jwt.AuthTokenFilter             - /api/score/getStudentItemOptionList,200799013517,2024-12-21 01:04:59,0.012
2024-12-21 01:04:59,662 [http-nio-22222-exec-1] INFO  o.f.teach.security.jwt.AuthTokenFilter             - /api/score/getCourseItemOptionList,200799013517,2024-12-21 01:04:59,0.002
2024-12-21 01:04:59,725 [http-nio-22222-exec-9] INFO  o.f.teach.security.jwt.AuthTokenFilter             - /api/course/getCourseByTeacher,200799013517,2024-12-21 01:04:59,0.004
2024-12-21 01:05:00,141 [http-nio-22222-exec-10] INFO  o.f.teach.security.jwt.AuthTokenFilter             - /api/score/getStudentItemOptionList,200799013517,2024-12-21 01:05:00,0.002
2024-12-21 01:05:00,448 [http-nio-22222-exec-8] INFO  o.f.teach.security.jwt.AuthTokenFilter             - /api/absence/list,200799013517,2024-12-21 01:05:00,0.002
2024-12-21 01:05:00,830 [http-nio-22222-exec-4] INFO  o.f.teach.security.jwt.AuthTokenFilter             - /api/score/getScoreList,200799013517,2024-12-21 01:05:00,0.004
2024-12-21 01:05:01,085 [http-nio-22222-exec-6] INFO  o.f.teach.security.jwt.AuthTokenFilter             - /api/score/getStudentItemOptionList,200799013517,2024-12-21 01:05:01,0.002
2024-12-21 01:05:01,148 [http-nio-22222-exec-3] INFO  o.f.teach.security.jwt.AuthTokenFilter             - /api/score/getCourseItemOptionList,200799013517,2024-12-21 01:05:01,0.002
2024-12-21 01:05:01,407 [http-nio-22222-exec-5] INFO  o.f.teach.security.jwt.AuthTokenFilter             - /api/course/getCourseByTeacher,200799013517,2024-12-21 01:05:01,0.004
2024-12-21 01:05:03,092 [http-nio-22222-exec-2] INFO  o.f.teach.security.jwt.AuthTokenFilter             - /api/score/getStudentItemOptionList,200799013517,2024-12-21 01:05:03,0.003
2024-12-21 01:05:03,400 [http-nio-22222-exec-7] INFO  o.f.teach.security.jwt.AuthTokenFilter             - /api/absence/list,200799013517,2024-12-21 01:05:03,0.003
2024-12-21 01:05:04,156 [http-nio-22222-exec-1] INFO  o.f.teach.security.jwt.AuthTokenFilter             - /api/score/getScoreList,200799013517,2024-12-21 01:05:04,0.005
2024-12-21 01:05:04,409 [http-nio-22222-exec-9] INFO  o.f.teach.security.jwt.AuthTokenFilter             - /api/score/getStudentItemOptionList,200799013517,2024-12-21 01:05:04,0.002
2024-12-21 01:05:04,469 [http-nio-22222-exec-10] INFO  o.f.teach.security.jwt.AuthTokenFilter             - /api/score/getStudentItemOptionList,200799013517,2024-12-21 01:05:04,0.002
2024-12-21 01:05:04,636 [http-nio-22222-exec-4] INFO  o.f.teach.security.jwt.AuthTokenFilter             - /api/score/getCourseItemOptionList,200799013517,2024-12-21 01:05:04,0.002
2024-12-21 01:05:04,637 [http-nio-22222-exec-8] INFO  o.f.teach.security.jwt.AuthTokenFilter             - /api/absence/list,200799013517,2024-12-21 01:05:04,0.003
2024-12-21 01:05:04,728 [http-nio-22222-exec-6] INFO  o.f.teach.security.jwt.AuthTokenFilter             - /api/course/getCourseByTeacher,200799013517,2024-12-21 01:05:04,0.003
2024-12-21 01:05:21,772 [http-nio-22222-exec-3] INFO  o.f.teach.security.jwt.AuthTokenFilter             - /api/score/getStudentItemOptionList,200799013517,2024-12-21 01:05:21,0.003
2024-12-21 01:05:21,772 [http-nio-22222-exec-5] INFO  o.f.teach.security.jwt.AuthTokenFilter             - /api/absence/list,200799013517,2024-12-21 01:05:21,0.003
2024-12-21 01:05:29,726 [http-nio-22222-exec-2] INFO  o.f.teach.security.jwt.AuthTokenFilter             - /api/statistics/getMainPageData,200799013517,2024-12-21 01:05:29,0.004
2024-12-21 01:05:36,621 [http-nio-22222-exec-7] INFO  o.f.teach.security.jwt.AuthTokenFilter             - /api/score/getStudentItemOptionList,200799013517,2024-12-21 01:05:36,0.004
2024-12-21 01:05:36,622 [http-nio-22222-exec-1] INFO  o.f.teach.security.jwt.AuthTokenFilter             - /api/absence/list,200799013517,2024-12-21 01:05:36,0.005
2024-12-21 01:05:37,046 [http-nio-22222-exec-9] INFO  o.f.teach.security.jwt.AuthTokenFilter             - /api/score/getScoreList,200799013517,2024-12-21 01:05:37,0.006
2024-12-21 01:05:37,065 [http-nio-22222-exec-10] INFO  o.f.teach.security.jwt.AuthTokenFilter             - /api/score/getStudentItemOptionList,200799013517,2024-12-21 01:05:37,0.003
2024-12-21 01:05:37,119 [http-nio-22222-exec-4] INFO  o.f.teach.security.jwt.AuthTokenFilter             - /api/score/getCourseItemOptionList,200799013517,2024-12-21 01:05:37,0.002
2024-12-21 01:05:37,129 [http-nio-22222-exec-8] INFO  o.f.teach.security.jwt.AuthTokenFilter             - /api/course/getCourseByTeacher,200799013517,2024-12-21 01:05:37,0.003
2024-12-21 01:05:37,682 [http-nio-22222-exec-6] INFO  o.f.teach.security.jwt.AuthTokenFilter             - /api/score/getStudentItemOptionList,200799013517,2024-12-21 01:05:37,0.003
2024-12-21 01:05:37,682 [http-nio-22222-exec-3] INFO  o.f.teach.security.jwt.AuthTokenFilter             - /api/absence/list,200799013517,2024-12-21 01:05:37,0.003
2024-12-21 01:05:38,120 [http-nio-22222-exec-5] INFO  o.f.teach.security.jwt.AuthTokenFilter             - /api/score/getStudentItemOptionList,200799013517,2024-12-21 01:05:38,0.004
2024-12-21 01:05:38,421 [http-nio-22222-exec-2] INFO  o.f.teach.security.jwt.AuthTokenFilter             - /api/absence/list,200799013517,2024-12-21 01:05:38,0.002
2024-12-21 01:05:38,817 [http-nio-22222-exec-7] INFO  o.f.teach.security.jwt.AuthTokenFilter             - /api/score/getScoreList,200799013517,2024-12-21 01:05:38,0.007
2024-12-21 01:05:39,084 [http-nio-22222-exec-1] INFO  o.f.teach.security.jwt.AuthTokenFilter             - /api/score/getStudentItemOptionList,200799013517,2024-12-21 01:05:39,0.003
2024-12-21 01:05:39,144 [http-nio-22222-exec-9] INFO  o.f.teach.security.jwt.AuthTokenFilter             - /api/score/getStudentItemOptionList,200799013517,2024-12-21 01:05:39,0.002
2024-12-21 01:05:39,236 [http-nio-22222-exec-4] INFO  o.f.teach.security.jwt.AuthTokenFilter             - /api/score/getCourseItemOptionList,200799013517,2024-12-21 01:05:39,0.003
2024-12-21 01:05:39,236 [http-nio-22222-exec-10] INFO  o.f.teach.security.jwt.AuthTokenFilter             - /api/absence/list,200799013517,2024-12-21 01:05:39,0.003
2024-12-21 01:05:39,401 [http-nio-22222-exec-8] INFO  o.f.teach.security.jwt.AuthTokenFilter             - /api/course/getCourseByTeacher,200799013517,2024-12-21 01:05:39,0.003
2024-12-21 01:05:39,657 [http-nio-22222-exec-6] INFO  o.f.teach.security.jwt.AuthTokenFilter             - /api/score/getScoreList,200799013517,2024-12-21 01:05:39,0.008
2024-12-21 01:05:39,976 [http-nio-22222-exec-3] INFO  o.f.teach.security.jwt.AuthTokenFilter             - /api/score/getStudentItemOptionList,200799013517,2024-12-21 01:05:39,0.002
2024-12-21 01:05:40,234 [http-nio-22222-exec-5] INFO  o.f.teach.security.jwt.AuthTokenFilter             - /api/score/getCourseItemOptionList,200799013517,2024-12-21 01:05:40,0.003
2024-12-21 01:05:40,295 [http-nio-22222-exec-2] INFO  o.f.teach.security.jwt.AuthTokenFilter             - /api/course/getCourseByTeacher,200799013517,2024-12-21 01:05:40,0.003
2024-12-21 01:05:40,578 [http-nio-22222-exec-7] INFO  o.f.teach.security.jwt.AuthTokenFilter             - /api/score/getStudentItemOptionList,200799013517,2024-12-21 01:05:40,0.003
2024-12-21 01:05:40,885 [http-nio-22222-exec-1] INFO  o.f.teach.security.jwt.AuthTokenFilter             - /api/absence/list,200799013517,2024-12-21 01:05:40,0.003
2024-12-21 01:05:42,070 [http-nio-22222-exec-9] INFO  o.f.teach.security.jwt.AuthTokenFilter             - /api/score/getStudentItemOptionList,200799013517,2024-12-21 01:05:42,0.003
2024-12-21 01:05:42,080 [http-nio-22222-exec-10] INFO  o.f.teach.security.jwt.AuthTokenFilter             - /api/absence/list,200799013517,2024-12-21 01:05:42,0.013
2024-12-21 01:06:08,672 [http-nio-22222-exec-4] INFO  o.f.teach.security.jwt.AuthTokenFilter             - /auth/getValidateCode,,2024-12-21 01:06:08,0.003
2024-12-21 01:06:16,437 [http-nio-22222-exec-8] INFO  o.f.teach.security.jwt.AuthTokenFilter             - /auth/testValidateInfo,,2024-12-21 01:06:16,0.0
2024-12-21 01:06:16,769 [http-nio-22222-exec-6] INFO  o.f.teach.security.jwt.AuthTokenFilter             - /auth/login,,2024-12-21 01:06:16,0.071
2024-12-21 01:06:16,784 [http-nio-22222-exec-3] INFO  o.f.teach.security.jwt.AuthTokenFilter             - /auth/getValidateCode,2022030001,2024-12-21 01:06:16,0.003
2024-12-21 01:06:17,108 [http-nio-22222-exec-5] INFO  o.f.teach.security.jwt.AuthTokenFilter             - /api/base/getMenuList,2022030001,2024-12-21 01:06:17,0.005
2024-12-21 01:06:17,404 [http-nio-22222-exec-2] INFO  o.f.teach.security.jwt.AuthTokenFilter             - /api/student/getStudentIntroduceData,2022030001,2024-12-21 01:06:17,0.007
2024-12-21 01:06:17,444 [http-nio-22222-exec-7] INFO  o.f.teach.security.jwt.AuthTokenFilter             - /api/base/getPhotoImageStr,2022030001,2024-12-21 01:06:17,0.01
2024-12-21 01:06:30,138 [http-nio-22222-exec-1] INFO  o.f.teach.security.jwt.AuthTokenFilter             - /api/score/getStudentItemOptionList,2022030001,2024-12-21 01:06:30,0.004
2024-12-21 01:06:30,139 [http-nio-22222-exec-9] INFO  o.f.teach.security.jwt.AuthTokenFilter             - /api/innovation/list,2022030001,2024-12-21 01:06:30,0.005
2024-12-21 01:06:30,690 [http-nio-22222-exec-10] INFO  o.f.teach.security.jwt.AuthTokenFilter             - /api/score/getStudentItemOptionList,2022030001,2024-12-21 01:06:30,0.003
2024-12-21 01:06:31,002 [http-nio-22222-exec-4] INFO  o.f.teach.security.jwt.AuthTokenFilter             - /api/absence/list,2022030001,2024-12-21 01:06:30,0.004
2024-12-21 01:06:31,399 [http-nio-22222-exec-8] INFO  o.f.teach.security.jwt.AuthTokenFilter             - /api/score/getStudentItemOptionList,2022030001,2024-12-21 01:06:31,0.003
2024-12-21 01:06:31,399 [http-nio-22222-exec-6] INFO  o.f.teach.security.jwt.AuthTokenFilter             - /api/innovation/list,2022030001,2024-12-21 01:06:31,0.003
2024-12-21 01:06:31,699 [http-nio-22222-exec-3] INFO  o.f.teach.security.jwt.AuthTokenFilter             - /api/score/getStudentItemOptionList,2022030001,2024-12-21 01:06:31,0.004
2024-12-21 01:06:31,853 [http-nio-22222-exec-5] INFO  o.f.teach.security.jwt.AuthTokenFilter             - /api/honor/list,2022030001,2024-12-21 01:06:31,0.004
2024-12-21 01:06:32,197 [http-nio-22222-exec-2] INFO  o.f.teach.security.jwt.AuthTokenFilter             - /api/score/getStudentItemOptionList,2022030001,2024-12-21 01:06:32,0.003
2024-12-21 01:06:32,484 [http-nio-22222-exec-7] INFO  o.f.teach.security.jwt.AuthTokenFilter             - /api/dailyActivity/list,2022030001,2024-12-21 01:06:32,0.003
2024-12-21 01:06:33,216 [http-nio-22222-exec-1] INFO  o.f.teach.security.jwt.AuthTokenFilter             - /api/score/getStudentItemOptionList,2022030001,2024-12-21 01:06:33,0.003
2024-12-21 01:06:33,523 [http-nio-22222-exec-9] INFO  o.f.teach.security.jwt.AuthTokenFilter             - /api/honor/list,2022030001,2024-12-21 01:06:33,0.003
2024-12-21 01:06:34,844 [http-nio-22222-exec-10] INFO  o.f.teach.security.jwt.AuthTokenFilter             - /api/score/getStudentItemOptionList,2022030001,2024-12-21 01:06:34,0.002
2024-12-21 01:06:34,857 [http-nio-22222-exec-4] INFO  o.f.teach.security.jwt.AuthTokenFilter             - /api/innovation/list,2022030001,2024-12-21 01:06:34,0.015
2024-12-21 01:06:35,473 [http-nio-22222-exec-8] INFO  o.f.teach.security.jwt.AuthTokenFilter             - /api/score/getStudentItemOptionList,2022030001,2024-12-21 01:06:35,0.003
2024-12-21 01:06:35,780 [http-nio-22222-exec-6] INFO  o.f.teach.security.jwt.AuthTokenFilter             - /api/absence/list,2022030001,2024-12-21 01:06:35,0.004
2024-12-21 01:06:43,870 [http-nio-22222-exec-3] INFO  o.f.teach.security.jwt.AuthTokenFilter             - /api/course/getCourseList,2022030001,2024-12-21 01:06:43,0.004
2024-12-21 01:06:51,756 [http-nio-22222-exec-5] INFO  o.f.teach.security.jwt.AuthTokenFilter             - /api/score/getStudentItemOptionList,2022030001,2024-12-21 01:06:51,0.003
2024-12-21 01:06:51,757 [http-nio-22222-exec-2] INFO  o.f.teach.security.jwt.AuthTokenFilter             - /api/innovation/list,2022030001,2024-12-21 01:06:51,0.004
2024-12-21 01:06:52,915 [http-nio-22222-exec-1] INFO  o.f.teach.security.jwt.AuthTokenFilter             - /api/absence/list,2022030001,2024-12-21 01:06:52,0.003
2024-12-21 01:06:52,923 [http-nio-22222-exec-7] INFO  o.f.teach.security.jwt.AuthTokenFilter             - /api/score/getStudentItemOptionList,2022030001,2024-12-21 01:06:52,0.011
2024-12-21 01:06:53,718 [http-nio-22222-exec-9] INFO  o.f.teach.security.jwt.AuthTokenFilter             - /api/course/getCourseList,2022030001,2024-12-21 01:06:53,0.004
2024-12-21 01:06:55,651 [http-nio-22222-exec-10] INFO  o.f.teach.security.jwt.AuthTokenFilter             - /api/course/getCourseList,2022030001,2024-12-21 01:06:55,0.002
2024-12-21 01:06:56,501 [http-nio-22222-exec-4] INFO  o.f.teach.security.jwt.AuthTokenFilter             - /api/score/getStudentItemOptionList,2022030001,2024-12-21 01:06:56,0.003
2024-12-21 01:06:56,502 [http-nio-22222-exec-8] INFO  o.f.teach.security.jwt.AuthTokenFilter             - /api/absence/list,2022030001,2024-12-21 01:06:56,0.004
2024-12-21 01:06:56,759 [http-nio-22222-exec-6] INFO  o.f.teach.security.jwt.AuthTokenFilter             - /api/score/getStudentItemOptionList,2022030001,2024-12-21 01:06:56,0.002
2024-12-21 01:06:56,764 [http-nio-22222-exec-3] INFO  o.f.teach.security.jwt.AuthTokenFilter             - /api/innovation/list,2022030001,2024-12-21 01:06:56,0.002
2024-12-21 01:06:57,691 [http-nio-22222-exec-5] INFO  o.f.teach.security.jwt.AuthTokenFilter             - /api/score/getStudentItemOptionList,2022030001,2024-12-21 01:06:57,0.003
2024-12-21 01:06:58,000 [http-nio-22222-exec-2] INFO  o.f.teach.security.jwt.AuthTokenFilter             - /api/honor/list,2022030001,2024-12-21 01:06:57,0.003
2024-12-21 01:06:59,193 [http-nio-22222-exec-1] INFO  o.f.teach.security.jwt.AuthTokenFilter             - /api/score/getStudentItemOptionList,2022030001,2024-12-21 01:06:59,0.003
2024-12-21 01:06:59,193 [http-nio-22222-exec-7] INFO  o.f.teach.security.jwt.AuthTokenFilter             - /api/dailyActivity/list,2022030001,2024-12-21 01:06:59,0.003
2024-12-21 01:07:04,398 [http-nio-22222-exec-9] INFO  o.f.teach.security.jwt.AuthTokenFilter             - /api/score/getStudentItemOptionList,2022030001,2024-12-21 01:07:04,0.003
2024-12-21 01:07:04,703 [http-nio-22222-exec-10] INFO  o.f.teach.security.jwt.AuthTokenFilter             - /api/innovation/list,2022030001,2024-12-21 01:07:04,0.003
2024-12-21 01:07:05,853 [http-nio-22222-exec-4] INFO  o.f.teach.security.jwt.AuthTokenFilter             - /api/absence/list,2022030001,2024-12-21 01:07:05,0.003
2024-12-21 01:07:05,864 [http-nio-22222-exec-8] INFO  o.f.teach.security.jwt.AuthTokenFilter             - /api/score/getStudentItemOptionList,2022030001,2024-12-21 01:07:05,0.014
2024-12-21 01:07:18,265 [http-nio-22222-exec-6] INFO  o.f.teach.security.jwt.AuthTokenFilter             - /api/score/getStudentItemOptionList,2022030001,2024-12-21 01:07:18,0.003
2024-12-21 01:07:18,570 [http-nio-22222-exec-3] INFO  o.f.teach.security.jwt.AuthTokenFilter             - /api/dailyActivity/list,2022030001,2024-12-21 01:07:18,0.003
2024-12-21 01:07:33,323 [http-nio-22222-exec-5] INFO  o.f.teach.security.jwt.AuthTokenFilter             - /api/student/getStudentIntroduceData,2022030001,2024-12-21 01:07:33,0.005
2024-12-21 01:07:33,343 [http-nio-22222-exec-2] INFO  o.f.teach.security.jwt.AuthTokenFilter             - /api/base/getPhotoImageStr,2022030001,2024-12-21 01:07:33,0.014
2024-12-21 01:07:35,908 [http-nio-22222-exec-1] INFO  o.f.teach.security.jwt.AuthTokenFilter             - /api/student/getStudentIntroduceData,2022030001,2024-12-21 01:07:35,0.006
2024-12-21 01:07:35,925 [http-nio-22222-exec-7] INFO  o.f.teach.security.jwt.AuthTokenFilter             - /api/base/getPhotoImageStr,2022030001,2024-12-21 01:07:35,0.01
2024-12-21 01:07:37,024 [http-nio-22222-exec-9] INFO  o.f.teach.security.jwt.AuthTokenFilter             - /api/student/getStudentIntroduceData,2022030001,2024-12-21 01:07:37,0.008
2024-12-21 01:07:37,043 [http-nio-22222-exec-10] INFO  o.f.teach.security.jwt.AuthTokenFilter             - /api/base/getPhotoImageStr,2022030001,2024-12-21 01:07:37,0.009
2024-12-21 01:08:15,474 [http-nio-22222-exec-4] ERROR o.f.teach.security.jwt.AuthEntryPointJwt           - Unauthorized error: /api/student/getStudentIntroduceData:Full authentication is required to access this resource
2024-12-21 01:08:15,475 [http-nio-22222-exec-4] INFO  o.f.teach.security.jwt.AuthTokenFilter             - /api/student/getStudentIntroduceData,,2024-12-21 01:08:15,0.001
2024-12-21 01:08:15,529 [http-nio-22222-exec-8] INFO  o.f.teach.security.jwt.AuthTokenFilter             - /auth/getValidateCode,,2024-12-21 01:08:15,0.004
2024-12-21 01:08:21,189 [http-nio-22222-exec-6] INFO  o.f.teach.security.jwt.AuthTokenFilter             - /auth/testValidateInfo,,2024-12-21 01:08:21,0.001
2024-12-21 01:08:21,278 [http-nio-22222-exec-3] INFO  o.f.teach.security.jwt.AuthTokenFilter             - /auth/login,,2024-12-21 01:08:21,0.08
2024-12-21 01:08:21,296 [http-nio-22222-exec-5] INFO  o.f.teach.security.jwt.AuthTokenFilter             - /auth/getValidateCode,admin,2024-12-21 01:08:21,0.005
2024-12-21 01:08:21,627 [http-nio-22222-exec-2] INFO  o.f.teach.security.jwt.AuthTokenFilter             - /api/base/getMenuList,admin,2024-12-21 01:08:21,0.005
2024-12-21 01:08:21,910 [http-nio-22222-exec-1] INFO  o.f.teach.security.jwt.AuthTokenFilter             - /api/statistics/getMainPageData,admin,2024-12-21 01:08:21,0.004
2024-12-21 01:08:41,501 [http-nio-22222-exec-7] INFO  o.f.teach.security.jwt.AuthTokenFilter             - /api/statistics/getMainPageData,admin,2024-12-21 01:08:41,0.003
2024-12-21 01:08:42,968 [http-nio-22222-exec-9] INFO  o.f.teach.security.jwt.AuthTokenFilter             - /api/statistics/getMainPageData,admin,2024-12-21 01:08:42,0.003
2024-12-21 01:08:44,052 [http-nio-22222-exec-10] INFO  o.f.teach.security.jwt.AuthTokenFilter             - /api/statistics/getMainPageData,admin,2024-12-21 01:08:44,0.003
2024-12-21 01:08:44,997 [http-nio-22222-exec-4] INFO  o.f.teach.security.jwt.AuthTokenFilter             - /api/statistics/getMainPageData,admin,2024-12-21 01:08:44,0.005
2024-12-21 01:10:38,471 [http-nio-22222-exec-8] INFO  o.f.teach.security.jwt.AuthTokenFilter             - /api/statistics/getMainPageData,admin,2024-12-21 01:10:38,0.004
2024-12-21 01:13:12,165 [http-nio-22222-exec-6] INFO  o.f.teach.security.jwt.AuthTokenFilter             - /api/statistics/getMainPageData,admin,2024-12-21 01:13:12,0.004
2024-12-21 01:14:31,575 [http-nio-22222-exec-3] ERROR o.f.teach.security.jwt.AuthEntryPointJwt           - Unauthorized error: /api/statistics/getMainPageData:Full authentication is required to access this resource
2024-12-21 01:14:31,575 [http-nio-22222-exec-3] INFO  o.f.teach.security.jwt.AuthTokenFilter             - /api/statistics/getMainPageData,,2024-12-21 01:14:31,0.0
2024-12-21 01:14:31,618 [http-nio-22222-exec-5] INFO  o.f.teach.security.jwt.AuthTokenFilter             - /auth/getValidateCode,,2024-12-21 01:14:31,0.005
2024-12-21 01:14:37,752 [http-nio-22222-exec-2] INFO  o.f.teach.security.jwt.AuthTokenFilter             - /auth/testValidateInfo,,2024-12-21 01:14:37,0.001
2024-12-21 01:14:37,833 [http-nio-22222-exec-1] INFO  o.f.teach.security.jwt.AuthTokenFilter             - /auth/login,,2024-12-21 01:14:37,0.075
2024-12-21 01:14:37,851 [http-nio-22222-exec-7] INFO  o.f.teach.security.jwt.AuthTokenFilter             - /auth/getValidateCode,2022030001,2024-12-21 01:14:37,0.004
2024-12-21 01:14:38,186 [http-nio-22222-exec-9] INFO  o.f.teach.security.jwt.AuthTokenFilter             - /api/base/getMenuList,2022030001,2024-12-21 01:14:38,0.005
2024-12-21 01:14:38,467 [http-nio-22222-exec-10] INFO  o.f.teach.security.jwt.AuthTokenFilter             - /api/student/getStudentIntroduceData,2022030001,2024-12-21 01:14:38,0.006
2024-12-21 01:14:38,506 [http-nio-22222-exec-4] INFO  o.f.teach.security.jwt.AuthTokenFilter             - /api/base/getPhotoImageStr,2022030001,2024-12-21 01:14:38,0.008
2024-12-21 01:14:49,804 [http-nio-22222-exec-8] INFO  o.f.teach.security.jwt.AuthTokenFilter             - /api/student/getStudentIntroduceData,2022030001,2024-12-21 01:14:49,0.004
2024-12-21 01:14:49,818 [http-nio-22222-exec-6] INFO  o.f.teach.security.jwt.AuthTokenFilter             - /api/base/getPhotoImageStr,2022030001,2024-12-21 01:14:49,0.008
2024-12-21 01:14:52,770 [http-nio-22222-exec-3] INFO  o.f.teach.security.jwt.AuthTokenFilter             - /api/student/getStudentIntroduceData,2022030001,2024-12-21 01:14:52,0.007
2024-12-21 01:14:52,783 [http-nio-22222-exec-5] INFO  o.f.teach.security.jwt.AuthTokenFilter             - /api/base/getPhotoImageStr,2022030001,2024-12-21 01:14:52,0.008
2024-12-21 01:14:55,618 [http-nio-22222-exec-2] INFO  o.f.teach.security.jwt.AuthTokenFilter             - /api/student/getStudentIntroduceData,2022030001,2024-12-21 01:14:55,0.005
2024-12-21 01:14:55,942 [http-nio-22222-exec-1] INFO  o.f.teach.security.jwt.AuthTokenFilter             - /api/base/getPhotoImageStr,2022030001,2024-12-21 01:14:55,0.009
2024-12-21 01:14:59,546 [http-nio-22222-exec-7] INFO  o.f.teach.security.jwt.AuthTokenFilter             - /api/student/getStudentIntroduceData,2022030001,2024-12-21 01:14:59,0.005
2024-12-21 01:14:59,864 [http-nio-22222-exec-9] INFO  o.f.teach.security.jwt.AuthTokenFilter             - /api/base/getPhotoImageStr,2022030001,2024-12-21 01:14:59,0.008
2024-12-21 01:15:09,231 [http-nio-22222-exec-10] INFO  o.f.teach.security.jwt.AuthTokenFilter             - /api/student/getStudentIntroduceData,2022030001,2024-12-21 01:15:09,0.005
2024-12-21 01:15:09,556 [http-nio-22222-exec-4] INFO  o.f.teach.security.jwt.AuthTokenFilter             - /api/base/getPhotoImageStr,2022030001,2024-12-21 01:15:09,0.008
2024-12-21 01:18:22,585 [http-nio-22222-exec-8] INFO  o.f.teach.security.jwt.AuthTokenFilter             - /api/student/getStudentIntroduceData,2022030001,2024-12-21 01:18:22,0.007
2024-12-21 01:18:22,826 [http-nio-22222-exec-6] INFO  o.f.teach.security.jwt.AuthTokenFilter             - /api/base/getPhotoImageStr,2022030001,2024-12-21 01:18:22,0.014
2024-12-21 01:18:30,007 [http-nio-22222-exec-3] INFO  o.f.teach.security.jwt.AuthTokenFilter             - /api/student/getStudentIntroduceData,2022030001,2024-12-21 01:18:30,0.005
2024-12-21 01:18:30,026 [http-nio-22222-exec-5] INFO  o.f.teach.security.jwt.AuthTokenFilter             - /api/base/getPhotoImageStr,2022030001,2024-12-21 01:18:30,0.009
2024-12-21 01:18:55,956 [http-nio-22222-exec-2] INFO  o.f.teach.security.jwt.AuthTokenFilter             - /api/student/getStudentIntroduceData,2022030001,2024-12-21 01:18:55,0.005
2024-12-21 01:18:56,065 [http-nio-22222-exec-1] INFO  o.f.teach.security.jwt.AuthTokenFilter             - /api/base/getPhotoImageStr,2022030001,2024-12-21 01:18:56,0.015
2024-12-21 01:19:04,667 [http-nio-22222-exec-7] INFO  o.f.teach.security.jwt.AuthTokenFilter             - /api/student/getStudentIntroduceData,2022030001,2024-12-21 01:19:04,0.004
2024-12-21 01:19:05,001 [http-nio-22222-exec-9] INFO  o.f.teach.security.jwt.AuthTokenFilter             - /api/base/getPhotoImageStr,2022030001,2024-12-21 01:19:04,0.008
2024-12-21 01:20:27,443 [http-nio-22222-exec-10] INFO  o.f.teach.security.jwt.AuthTokenFilter             - /api/score/getStudentItemOptionList,2022030001,2024-12-21 01:20:27,0.004
2024-12-21 01:20:27,621 [http-nio-22222-exec-4] INFO  o.f.teach.security.jwt.AuthTokenFilter             - /api/dailyActivity/list,2022030001,2024-12-21 01:20:27,0.004
2024-12-21 01:20:27,720 [http-nio-22222-exec-8] INFO  o.f.teach.security.jwt.AuthTokenFilter             - /api/score/getStudentItemOptionList,2022030001,2024-12-21 01:20:27,0.002
2024-12-21 01:20:27,722 [http-nio-22222-exec-6] INFO  o.f.teach.security.jwt.AuthTokenFilter             - /api/honor/list,2022030001,2024-12-21 01:20:27,0.004
2024-12-21 01:20:28,292 [http-nio-22222-exec-3] INFO  o.f.teach.security.jwt.AuthTokenFilter             - /api/score/getStudentItemOptionList,2022030001,2024-12-21 01:20:28,0.003
2024-12-21 01:20:28,292 [http-nio-22222-exec-5] INFO  o.f.teach.security.jwt.AuthTokenFilter             - /api/innovation/list,2022030001,2024-12-21 01:20:28,0.003
2024-12-21 01:20:29,269 [http-nio-22222-exec-2] ERROR o.f.teach.security.jwt.AuthEntryPointJwt           - Unauthorized error: /api/score/getStudentItemOptionList:Full authentication is required to access this resource
2024-12-21 01:20:29,269 [http-nio-22222-exec-2] INFO  o.f.teach.security.jwt.AuthTokenFilter             - /api/score/getStudentItemOptionList,,2024-12-21 01:20:29,0.001
2024-12-21 01:20:29,573 [http-nio-22222-exec-1] ERROR o.f.teach.security.jwt.AuthEntryPointJwt           - Unauthorized error: /api/innovation/list:Full authentication is required to access this resource
2024-12-21 01:20:29,574 [http-nio-22222-exec-1] INFO  o.f.teach.security.jwt.AuthTokenFilter             - /api/innovation/list,,2024-12-21 01:20:29,0.001
2024-12-21 01:20:29,607 [http-nio-22222-exec-7] INFO  o.f.teach.security.jwt.AuthTokenFilter             - /auth/getValidateCode,,2024-12-21 01:20:29,0.004
2024-12-21 01:20:34,272 [http-nio-22222-exec-9] INFO  o.f.teach.security.jwt.AuthTokenFilter             - /auth/testValidateInfo,,2024-12-21 01:20:34,0.001
2024-12-21 01:20:34,597 [http-nio-22222-exec-10] INFO  o.f.teach.security.jwt.AuthTokenFilter             - /auth/login,,2024-12-21 01:20:34,0.069
2024-12-21 01:20:34,616 [http-nio-22222-exec-4] INFO  o.f.teach.security.jwt.AuthTokenFilter             - /auth/getValidateCode,admin,2024-12-21 01:20:34,0.004
2024-12-21 01:20:34,939 [http-nio-22222-exec-8] INFO  o.f.teach.security.jwt.AuthTokenFilter             - /api/base/getMenuList,admin,2024-12-21 01:20:34,0.005
2024-12-21 01:20:35,195 [http-nio-22222-exec-6] INFO  o.f.teach.security.jwt.AuthTokenFilter             - /api/statistics/getMainPageData,admin,2024-12-21 01:20:35,0.003
2024-12-21 01:20:36,984 [http-nio-22222-exec-3] INFO  o.f.teach.security.jwt.AuthTokenFilter             - /api/course/getCourseList,admin,2024-12-21 01:20:36,0.003
2024-12-21 01:21:38,599 [http-nio-22222-exec-5] ERROR o.f.teach.security.jwt.AuthEntryPointJwt           - Unauthorized error: /api/course/getCourseList:Full authentication is required to access this resource
2024-12-21 01:21:38,599 [http-nio-22222-exec-5] INFO  o.f.teach.security.jwt.AuthTokenFilter             - /api/course/getCourseList,,2024-12-21 01:21:38,0.0
2024-12-21 01:21:38,632 [http-nio-22222-exec-2] INFO  o.f.teach.security.jwt.AuthTokenFilter             - /auth/getValidateCode,,2024-12-21 01:21:38,0.005
2024-12-21 01:21:44,272 [http-nio-22222-exec-1] INFO  o.f.teach.security.jwt.AuthTokenFilter             - /auth/testValidateInfo,,2024-12-21 01:21:44,0.0
2024-12-21 01:21:44,601 [http-nio-22222-exec-7] INFO  o.f.teach.security.jwt.AuthTokenFilter             - /auth/login,,2024-12-21 01:21:44,0.072
2024-12-21 01:21:44,618 [http-nio-22222-exec-9] INFO  o.f.teach.security.jwt.AuthTokenFilter             - /auth/getValidateCode,2022030001,2024-12-21 01:21:44,0.004
2024-12-21 01:21:44,958 [http-nio-22222-exec-10] INFO  o.f.teach.security.jwt.AuthTokenFilter             - /api/base/getMenuList,2022030001,2024-12-21 01:21:44,0.005
2024-12-21 01:21:45,202 [http-nio-22222-exec-4] INFO  o.f.teach.security.jwt.AuthTokenFilter             - /api/student/getStudentIntroduceData,2022030001,2024-12-21 01:21:45,0.005
2024-12-21 01:21:45,296 [http-nio-22222-exec-8] INFO  o.f.teach.security.jwt.AuthTokenFilter             - /api/base/getPhotoImageStr,2022030001,2024-12-21 01:21:45,0.008
2024-12-21 01:23:24,046 [http-nio-22222-exec-6] INFO  o.f.teach.security.jwt.AuthTokenFilter             - /api/student/getStudentIntroduceData,2022030001,2024-12-21 01:23:24,0.009
2024-12-21 01:23:24,069 [http-nio-22222-exec-3] INFO  o.f.teach.security.jwt.AuthTokenFilter             - /api/base/getPhotoImageStr,2022030001,2024-12-21 01:23:24,0.01
2024-12-21 01:23:28,062 [http-nio-22222-exec-5] INFO  o.f.teach.security.jwt.AuthTokenFilter             - /api/student/getStudentIntroduceData,2022030001,2024-12-21 01:23:28,0.006
2024-12-21 01:23:28,078 [http-nio-22222-exec-2] INFO  o.f.teach.security.jwt.AuthTokenFilter             - /api/base/getPhotoImageStr,2022030001,2024-12-21 01:23:28,0.009
2024-12-21 01:24:21,230 [http-nio-22222-exec-1] INFO  o.f.teach.security.jwt.AuthTokenFilter             - /api/score/getStudentItemOptionList,2022030001,2024-12-21 01:24:21,0.004
2024-12-21 01:24:21,448 [http-nio-22222-exec-7] INFO  o.f.teach.security.jwt.AuthTokenFilter             - /api/dailyActivity/list,2022030001,2024-12-21 01:24:21,0.003
2024-12-21 01:24:21,674 [http-nio-22222-exec-9] INFO  o.f.teach.security.jwt.AuthTokenFilter             - /api/score/getStudentItemOptionList,2022030001,2024-12-21 01:24:21,0.003
2024-12-21 01:24:21,686 [http-nio-22222-exec-10] INFO  o.f.teach.security.jwt.AuthTokenFilter             - /api/honor/list,2022030001,2024-12-21 01:24:21,0.015
2024-12-21 01:24:26,549 [http-nio-22222-exec-4] INFO  o.f.teach.security.jwt.AuthTokenFilter             - /api/student/getStudentIntroduceData,2022030001,2024-12-21 01:24:26,0.006
2024-12-21 01:24:26,587 [http-nio-22222-exec-8] INFO  o.f.teach.security.jwt.AuthTokenFilter             - /api/base/getPhotoImageStr,2022030001,2024-12-21 01:24:26,0.03
2024-12-21 01:24:29,274 [http-nio-22222-exec-6] INFO  o.f.teach.security.jwt.AuthTokenFilter             - /api/student/getStudentIntroduceData,2022030001,2024-12-21 01:24:29,0.005
2024-12-21 01:24:29,543 [http-nio-22222-exec-3] INFO  o.f.teach.security.jwt.AuthTokenFilter             - /api/base/getPhotoImageStr,2022030001,2024-12-21 01:24:29,0.014
2024-12-21 01:24:31,231 [http-nio-22222-exec-5] INFO  o.f.teach.security.jwt.AuthTokenFilter             - /api/student/getStudentIntroduceData,2022030001,2024-12-21 01:24:31,0.005
2024-12-21 01:24:31,552 [http-nio-22222-exec-2] INFO  o.f.teach.security.jwt.AuthTokenFilter             - /api/base/getPhotoImageStr,2022030001,2024-12-21 01:24:31,0.009
2024-12-21 01:24:34,273 [http-nio-22222-exec-1] INFO  o.f.teach.security.jwt.AuthTokenFilter             - /api/student/getStudentIntroduceData,2022030001,2024-12-21 01:24:34,0.005
2024-12-21 01:24:34,597 [http-nio-22222-exec-7] INFO  o.f.teach.security.jwt.AuthTokenFilter             - /api/base/getPhotoImageStr,2022030001,2024-12-21 01:24:34,0.01
2024-12-21 01:24:38,136 [http-nio-22222-exec-9] INFO  o.f.teach.security.jwt.AuthTokenFilter             - /api/student/getStudentIntroduceData,2022030001,2024-12-21 01:24:38,0.004
2024-12-21 01:24:38,458 [http-nio-22222-exec-10] INFO  o.f.teach.security.jwt.AuthTokenFilter             - /api/base/getPhotoImageStr,2022030001,2024-12-21 01:24:38,0.01
2024-12-21 01:24:49,835 [http-nio-22222-exec-4] INFO  o.f.teach.security.jwt.AuthTokenFilter             - /api/student/getStudentIntroduceData,2022030001,2024-12-21 01:24:49,0.006
2024-12-21 01:24:50,168 [http-nio-22222-exec-8] INFO  o.f.teach.security.jwt.AuthTokenFilter             - /api/base/getPhotoImageStr,2022030001,2024-12-21 01:24:50,0.009
2024-12-21 01:24:50,916 [http-nio-22222-exec-6] INFO  o.f.teach.security.jwt.AuthTokenFilter             - /api/score/getStudentItemOptionList,2022030001,2024-12-21 01:24:50,0.003
2024-12-21 01:24:51,220 [http-nio-22222-exec-3] INFO  o.f.teach.security.jwt.AuthTokenFilter             - /api/dailyActivity/list,2022030001,2024-12-21 01:24:51,0.004
2024-12-21 01:24:51,651 [http-nio-22222-exec-5] INFO  o.f.teach.security.jwt.AuthTokenFilter             - /api/score/getStudentItemOptionList,2022030001,2024-12-21 01:24:51,0.003
2024-12-21 01:24:51,651 [http-nio-22222-exec-2] INFO  o.f.teach.security.jwt.AuthTokenFilter             - /api/honor/list,2022030001,2024-12-21 01:24:51,0.003
2024-12-21 01:24:51,932 [http-nio-22222-exec-1] INFO  o.f.teach.security.jwt.AuthTokenFilter             - /api/score/getStudentItemOptionList,2022030001,2024-12-21 01:24:51,0.003
2024-12-21 01:24:52,100 [http-nio-22222-exec-7] INFO  o.f.teach.security.jwt.AuthTokenFilter             - /api/innovation/list,2022030001,2024-12-21 01:24:52,0.003
2024-12-21 01:24:52,325 [http-nio-22222-exec-9] INFO  o.f.teach.security.jwt.AuthTokenFilter             - /api/score/getStudentItemOptionList,2022030001,2024-12-21 01:24:52,0.003
2024-12-21 01:24:52,631 [http-nio-22222-exec-10] INFO  o.f.teach.security.jwt.AuthTokenFilter             - /api/absence/list,2022030001,2024-12-21 01:24:52,0.003
2024-12-21 01:24:53,293 [http-nio-22222-exec-4] INFO  o.f.teach.security.jwt.AuthTokenFilter             - /api/course/getCourseList,2022030001,2024-12-21 01:24:53,0.004
2024-12-21 01:24:54,741 [http-nio-22222-exec-8] INFO  o.f.teach.security.jwt.AuthTokenFilter             - /api/course/getCourseList,2022030001,2024-12-21 01:24:54,0.002
2024-12-21 01:24:55,106 [http-nio-22222-exec-6] INFO  o.f.teach.security.jwt.AuthTokenFilter             - /api/score/getStudentItemOptionList,2022030001,2024-12-21 01:24:55,0.003
2024-12-21 01:24:55,123 [http-nio-22222-exec-3] INFO  o.f.teach.security.jwt.AuthTokenFilter             - /api/absence/list,2022030001,2024-12-21 01:24:55,0.021
2024-12-21 01:24:55,633 [http-nio-22222-exec-5] INFO  o.f.teach.security.jwt.AuthTokenFilter             - /api/score/getStudentItemOptionList,2022030001,2024-12-21 01:24:55,0.003
2024-12-21 01:24:55,634 [http-nio-22222-exec-2] INFO  o.f.teach.security.jwt.AuthTokenFilter             - /api/innovation/list,2022030001,2024-12-21 01:24:55,0.004
2024-12-21 01:25:00,373 [http-nio-22222-exec-1] INFO  o.f.teach.security.jwt.AuthTokenFilter             - /api/student/getStudentIntroduceData,2022030001,2024-12-21 01:25:00,0.004
2024-12-21 01:25:00,394 [http-nio-22222-exec-7] INFO  o.f.teach.security.jwt.AuthTokenFilter             - /api/base/getPhotoImageStr,2022030001,2024-12-21 01:25:00,0.01
2024-12-21 01:25:07,711 [http-nio-22222-exec-10] INFO  o.f.teach.security.jwt.AuthTokenFilter             - /api/dailyActivity/list,2022030001,2024-12-21 01:25:07,0.003
2024-12-21 01:25:07,721 [http-nio-22222-exec-9] INFO  o.f.teach.security.jwt.AuthTokenFilter             - /api/score/getStudentItemOptionList,2022030001,2024-12-21 01:25:07,0.013
2024-12-21 01:25:08,159 [http-nio-22222-exec-4] INFO  o.f.teach.security.jwt.AuthTokenFilter             - /api/score/getStudentItemOptionList,2022030001,2024-12-21 01:25:08,0.003
2024-12-21 01:25:08,176 [http-nio-22222-exec-8] INFO  o.f.teach.security.jwt.AuthTokenFilter             - /api/honor/list,2022030001,2024-12-21 01:25:08,0.02
2024-12-21 01:25:08,892 [http-nio-22222-exec-6] INFO  o.f.teach.security.jwt.AuthTokenFilter             - /api/score/getStudentItemOptionList,2022030001,2024-12-21 01:25:08,0.003
2024-12-21 01:25:09,206 [http-nio-22222-exec-3] INFO  o.f.teach.security.jwt.AuthTokenFilter             - /api/absence/list,2022030001,2024-12-21 01:25:09,0.002
2024-12-21 11:18:09,449 [HikariPool-1 housekeeper] WARN  com.zaxxer.hikari.pool.HikariPool                  - HikariPool-1 - Thread starvation or clock leap detected (housekeeper delta=9h40m32s408ms833s500ns).
2024-12-21 11:18:47,457 [http-nio-22222-exec-5] INFO  o.f.teach.security.jwt.AuthTokenFilter             - /api/student/getStudentIntroduceData,2022030001,2024-12-21 11:18:47,0.011
2024-12-21 11:18:47,494 [http-nio-22222-exec-2] INFO  o.f.teach.security.jwt.AuthTokenFilter             - /api/base/getPhotoImageStr,2022030001,2024-12-21 11:18:47,0.021
2024-12-21 11:19:34,579 [http-nio-22222-exec-1] INFO  o.f.teach.security.jwt.AuthTokenFilter             - /api/student/getStudentIntroduceData,2022030001,2024-12-21 11:19:34,0.006
2024-12-21 11:19:34,601 [http-nio-22222-exec-7] INFO  o.f.teach.security.jwt.AuthTokenFilter             - /api/base/getPhotoImageStr,2022030001,2024-12-21 11:19:34,0.012
2024-12-21 11:19:36,964 [http-nio-22222-exec-10] INFO  o.f.teach.security.jwt.AuthTokenFilter             - /api/student/getStudentIntroduceData,2022030001,2024-12-21 11:19:36,0.008
2024-12-21 11:19:37,000 [http-nio-22222-exec-9] INFO  o.f.teach.security.jwt.AuthTokenFilter             - /api/base/getPhotoImageStr,2022030001,2024-12-21 11:19:36,0.018
2024-12-21 11:19:38,458 [http-nio-22222-exec-4] INFO  o.f.teach.security.jwt.AuthTokenFilter             - /api/student/getStudentIntroduceData,2022030001,2024-12-21 11:19:38,0.008
2024-12-21 11:19:38,486 [http-nio-22222-exec-8] INFO  o.f.teach.security.jwt.AuthTokenFilter             - /api/base/getPhotoImageStr,2022030001,2024-12-21 11:19:38,0.013
2024-12-21 11:19:39,554 [http-nio-22222-exec-6] INFO  o.f.teach.security.jwt.AuthTokenFilter             - /api/student/getStudentIntroduceData,2022030001,2024-12-21 11:19:39,0.007
2024-12-21 11:19:39,576 [http-nio-22222-exec-3] INFO  o.f.teach.security.jwt.AuthTokenFilter             - /api/base/getPhotoImageStr,2022030001,2024-12-21 11:19:39,0.013
2024-12-21 11:19:55,166 [http-nio-22222-exec-5] INFO  o.f.teach.security.jwt.AuthTokenFilter             - /api/student/getStudentIntroduceData,2022030001,2024-12-21 11:19:55,0.006
2024-12-21 11:19:55,187 [http-nio-22222-exec-2] INFO  o.f.teach.security.jwt.AuthTokenFilter             - /api/base/getPhotoImageStr,2022030001,2024-12-21 11:19:55,0.013
2024-12-21 11:19:56,361 [http-nio-22222-exec-1] INFO  o.f.teach.security.jwt.AuthTokenFilter             - /api/student/getStudentIntroduceData,2022030001,2024-12-21 11:19:56,0.009
2024-12-21 11:19:56,383 [http-nio-22222-exec-7] INFO  o.f.teach.security.jwt.AuthTokenFilter             - /api/base/getPhotoImageStr,2022030001,2024-12-21 11:19:56,0.012
2024-12-21 11:19:57,504 [http-nio-22222-exec-10] INFO  o.f.teach.security.jwt.AuthTokenFilter             - /api/student/getStudentIntroduceData,2022030001,2024-12-21 11:19:57,0.009
2024-12-21 11:19:57,536 [http-nio-22222-exec-9] INFO  o.f.teach.security.jwt.AuthTokenFilter             - /api/base/getPhotoImageStr,2022030001,2024-12-21 11:19:57,0.018
2024-12-21 11:19:58,489 [http-nio-22222-exec-4] INFO  o.f.teach.security.jwt.AuthTokenFilter             - /api/student/getStudentIntroduceData,2022030001,2024-12-21 11:19:58,0.008
2024-12-21 11:19:58,510 [http-nio-22222-exec-8] INFO  o.f.teach.security.jwt.AuthTokenFilter             - /api/base/getPhotoImageStr,2022030001,2024-12-21 11:19:58,0.011
2024-12-21 11:20:00,379 [http-nio-22222-exec-6] INFO  o.f.teach.security.jwt.AuthTokenFilter             - /api/student/getStudentIntroduceData,2022030001,2024-12-21 11:20:00,0.008
2024-12-21 11:20:00,405 [http-nio-22222-exec-3] INFO  o.f.teach.security.jwt.AuthTokenFilter             - /api/base/getPhotoImageStr,2022030001,2024-12-21 11:20:00,0.014
2024-12-21 11:20:01,464 [http-nio-22222-exec-5] INFO  o.f.teach.security.jwt.AuthTokenFilter             - /api/student/getStudentIntroduceData,2022030001,2024-12-21 11:20:01,0.009
2024-12-21 11:20:01,487 [http-nio-22222-exec-2] INFO  o.f.teach.security.jwt.AuthTokenFilter             - /api/base/getPhotoImageStr,2022030001,2024-12-21 11:20:01,0.012
2024-12-21 11:20:03,379 [http-nio-22222-exec-1] INFO  o.f.teach.security.jwt.AuthTokenFilter             - /api/student/getStudentIntroduceData,2022030001,2024-12-21 11:20:03,0.008
2024-12-21 11:20:03,403 [http-nio-22222-exec-7] INFO  o.f.teach.security.jwt.AuthTokenFilter             - /api/base/getPhotoImageStr,2022030001,2024-12-21 11:20:03,0.011
2024-12-21 11:20:43,887 [http-nio-22222-exec-10] INFO  o.f.teach.security.jwt.AuthTokenFilter             - /api/score/getStudentItemOptionList,2022030001,2024-12-21 11:20:43,0.006
2024-12-21 11:20:43,888 [http-nio-22222-exec-9] INFO  o.f.teach.security.jwt.AuthTokenFilter             - /api/dailyActivity/list,2022030001,2024-12-21 11:20:43,0.007
2024-12-21 11:20:44,753 [http-nio-22222-exec-4] INFO  o.f.teach.security.jwt.AuthTokenFilter             - /api/score/getStudentItemOptionList,2022030001,2024-12-21 11:20:44,0.003
2024-12-21 11:20:44,754 [http-nio-22222-exec-8] INFO  o.f.teach.security.jwt.AuthTokenFilter             - /api/absence/list,2022030001,2024-12-21 11:20:44,0.004
2024-12-21 11:20:45,665 [http-nio-22222-exec-6] INFO  o.f.teach.security.jwt.AuthTokenFilter             - /api/course/getCourseList,2022030001,2024-12-21 11:20:45,0.003
2024-12-21 11:20:47,016 [http-nio-22222-exec-3] INFO  o.f.teach.security.jwt.AuthTokenFilter             - /api/course/getCourseList,2022030001,2024-12-21 11:20:47,0.004
2024-12-21 11:20:50,055 [http-nio-22222-exec-5] INFO  o.f.teach.security.jwt.AuthTokenFilter             - /api/student/getStudentIntroduceData,2022030001,2024-12-21 11:20:50,0.007
2024-12-21 11:20:50,074 [http-nio-22222-exec-2] INFO  o.f.teach.security.jwt.AuthTokenFilter             - /api/base/getPhotoImageStr,2022030001,2024-12-21 11:20:50,0.012
2024-12-21 11:27:33,945 [http-nio-22222-exec-1] ERROR o.f.teach.security.jwt.AuthEntryPointJwt           - Unauthorized error: /api/student/getStudentIntroduceData:Full authentication is required to access this resource
2024-12-21 11:27:33,946 [http-nio-22222-exec-1] INFO  o.f.teach.security.jwt.AuthTokenFilter             - /api/student/getStudentIntroduceData,,2024-12-21 11:27:33,0.001
2024-12-21 11:27:34,071 [http-nio-22222-exec-7] INFO  o.f.teach.security.jwt.AuthTokenFilter             - /auth/getValidateCode,,2024-12-21 11:27:34,0.005
2024-12-21 11:27:42,754 [http-nio-22222-exec-10] INFO  o.f.teach.security.jwt.AuthTokenFilter             - /auth/testValidateInfo,,2024-12-21 11:27:42,0.001
2024-12-21 11:27:43,145 [http-nio-22222-exec-9] INFO  o.f.teach.security.jwt.AuthTokenFilter             - /auth/login,,2024-12-21 11:27:43,0.068
2024-12-21 11:27:43,332 [http-nio-22222-exec-4] INFO  o.f.teach.security.jwt.AuthTokenFilter             - /auth/getValidateCode,200799013517,2024-12-21 11:27:43,0.004
2024-12-21 11:27:43,472 [http-nio-22222-exec-8] INFO  o.f.teach.security.jwt.AuthTokenFilter             - /api/base/getMenuList,200799013517,2024-12-21 11:27:43,0.004
2024-12-21 11:27:43,517 [http-nio-22222-exec-6] INFO  o.f.teach.security.jwt.AuthTokenFilter             - /api/statistics/getMainPageData,200799013517,2024-12-21 11:27:43,0.005
2024-12-21 11:27:45,982 [http-nio-22222-exec-3] INFO  o.f.teach.security.jwt.AuthTokenFilter             - /api/course/getCourseList,200799013517,2024-12-21 11:27:45,0.003
2024-12-21 11:28:14,044 [http-nio-22222-exec-5] INFO  o.f.teach.security.jwt.AuthTokenFilter             - /api/course/getCourseList,200799013517,2024-12-21 11:28:14,0.003
2024-12-21 11:29:35,880 [http-nio-22222-exec-2] INFO  o.f.teach.security.jwt.AuthTokenFilter             - /api/score/getScoreList,200799013517,2024-12-21 11:29:35,0.006
2024-12-21 11:29:36,098 [http-nio-22222-exec-1] INFO  o.f.teach.security.jwt.AuthTokenFilter             - /api/score/getStudentItemOptionList,200799013517,2024-12-21 11:29:36,0.002
2024-12-21 11:29:36,208 [http-nio-22222-exec-7] INFO  o.f.teach.security.jwt.AuthTokenFilter             - /api/score/getCourseItemOptionList,200799013517,2024-12-21 11:29:36,0.003
2024-12-21 11:29:36,410 [http-nio-22222-exec-10] INFO  o.f.teach.security.jwt.AuthTokenFilter             - /api/course/getCourseByTeacher,200799013517,2024-12-21 11:29:36,0.003
2024-12-21 11:29:37,386 [http-nio-22222-exec-9] INFO  o.f.teach.security.jwt.AuthTokenFilter             - /api/course/getCourseList,200799013517,2024-12-21 11:29:37,0.003
2024-12-21 11:29:41,519 [http-nio-22222-exec-4] INFO  o.f.teach.security.jwt.AuthTokenFilter             - /api/score/getScoreList,200799013517,2024-12-21 11:29:41,0.005
2024-12-21 11:29:41,766 [http-nio-22222-exec-8] INFO  o.f.teach.security.jwt.AuthTokenFilter             - /api/score/getStudentItemOptionList,200799013517,2024-12-21 11:29:41,0.002
2024-12-21 11:29:41,829 [http-nio-22222-exec-6] INFO  o.f.teach.security.jwt.AuthTokenFilter             - /api/score/getCourseItemOptionList,200799013517,2024-12-21 11:29:41,0.003
2024-12-21 11:29:42,082 [http-nio-22222-exec-3] INFO  o.f.teach.security.jwt.AuthTokenFilter             - /api/course/getCourseByTeacher,200799013517,2024-12-21 11:29:42,0.004
2024-12-21 11:29:42,143 [http-nio-22222-exec-5] INFO  o.f.teach.security.jwt.AuthTokenFilter             - /api/score/getStudentItemOptionList,200799013517,2024-12-21 11:29:42,0.002
2024-12-21 11:29:42,176 [http-nio-22222-exec-2] INFO  o.f.teach.security.jwt.AuthTokenFilter             - /api/absence/list,200799013517,2024-12-21 11:29:42,0.003
2024-12-21 11:29:43,200 [http-nio-22222-exec-1] INFO  o.f.teach.security.jwt.AuthTokenFilter             - /api/score/getScoreList,200799013517,2024-12-21 11:29:43,0.006
2024-12-21 11:29:43,530 [http-nio-22222-exec-7] INFO  o.f.teach.security.jwt.AuthTokenFilter             - /api/score/getStudentItemOptionList,200799013517,2024-12-21 11:29:43,0.002
2024-12-21 11:29:43,779 [http-nio-22222-exec-10] INFO  o.f.teach.security.jwt.AuthTokenFilter             - /api/score/getCourseItemOptionList,200799013517,2024-12-21 11:29:43,0.003
2024-12-21 11:29:43,842 [http-nio-22222-exec-9] INFO  o.f.teach.security.jwt.AuthTokenFilter             - /api/score/getStudentItemOptionList,200799013517,2024-12-21 11:29:43,0.003
2024-12-21 11:29:44,029 [http-nio-22222-exec-8] INFO  o.f.teach.security.jwt.AuthTokenFilter             - /api/course/getCourseByTeacher,200799013517,2024-12-21 11:29:44,0.002
2024-12-21 11:29:44,029 [http-nio-22222-exec-4] INFO  o.f.teach.security.jwt.AuthTokenFilter             - /api/absence/list,200799013517,2024-12-21 11:29:44,0.002
2024-12-21 11:29:44,498 [http-nio-22222-exec-6] INFO  o.f.teach.security.jwt.AuthTokenFilter             - /api/score/getStudentItemOptionList,200799013517,2024-12-21 11:29:44,0.003
2024-12-21 11:29:44,808 [http-nio-22222-exec-3] INFO  o.f.teach.security.jwt.AuthTokenFilter             - /api/absence/list,200799013517,2024-12-21 11:29:44,0.002
2024-12-21 11:29:45,152 [http-nio-22222-exec-5] INFO  o.f.teach.security.jwt.AuthTokenFilter             - /api/score/getScoreList,200799013517,2024-12-21 11:29:45,0.004
2024-12-21 11:29:45,419 [http-nio-22222-exec-2] INFO  o.f.teach.security.jwt.AuthTokenFilter             - /api/score/getStudentItemOptionList,200799013517,2024-12-21 11:29:45,0.003
2024-12-21 11:29:45,464 [http-nio-22222-exec-1] INFO  o.f.teach.security.jwt.AuthTokenFilter             - /api/score/getCourseItemOptionList,200799013517,2024-12-21 11:29:45,0.002
2024-12-21 11:29:45,743 [http-nio-22222-exec-7] INFO  o.f.teach.security.jwt.AuthTokenFilter             - /api/course/getCourseByTeacher,200799013517,2024-12-21 11:29:45,0.002
2024-12-21 11:29:46,102 [http-nio-22222-exec-10] INFO  o.f.teach.security.jwt.AuthTokenFilter             - /api/course/getCourseList,200799013517,2024-12-21 11:29:46,0.002
2024-12-21 11:29:51,352 [http-nio-22222-exec-9] INFO  o.f.teach.security.jwt.AuthTokenFilter             - /api/score/getScoreList,200799013517,2024-12-21 11:29:51,0.004
2024-12-21 11:29:51,613 [http-nio-22222-exec-8] INFO  o.f.teach.security.jwt.AuthTokenFilter             - /api/score/getStudentItemOptionList,200799013517,2024-12-21 11:29:51,0.002
2024-12-21 11:29:51,677 [http-nio-22222-exec-4] INFO  o.f.teach.security.jwt.AuthTokenFilter             - /api/score/getCourseItemOptionList,200799013517,2024-12-21 11:29:51,0.002
2024-12-21 11:29:51,929 [http-nio-22222-exec-6] INFO  o.f.teach.security.jwt.AuthTokenFilter             - /api/course/getCourseByTeacher,200799013517,2024-12-21 11:29:51,0.003
2024-12-21 11:30:35,921 [http-nio-22222-exec-3] INFO  o.f.teach.security.jwt.AuthTokenFilter             - /api/course/getCourseList,200799013517,2024-12-21 11:30:35,0.003
2024-12-21 11:30:46,920 [http-nio-22222-exec-5] INFO  o.f.teach.security.jwt.AuthTokenFilter             - /api/score/getScoreList,200799013517,2024-12-21 11:30:46,0.006
2024-12-21 11:30:47,243 [http-nio-22222-exec-2] INFO  o.f.teach.security.jwt.AuthTokenFilter             - /api/score/getStudentItemOptionList,200799013517,2024-12-21 11:30:47,0.003
2024-12-21 11:30:47,508 [http-nio-22222-exec-1] INFO  o.f.teach.security.jwt.AuthTokenFilter             - /api/score/getCourseItemOptionList,200799013517,2024-12-21 11:30:47,0.002
2024-12-21 11:30:47,555 [http-nio-22222-exec-7] INFO  o.f.teach.security.jwt.AuthTokenFilter             - /api/course/getCourseByTeacher,200799013517,2024-12-21 11:30:47,0.003
2024-12-21 11:30:57,588 [http-nio-22222-exec-10] INFO  o.f.teach.security.jwt.AuthTokenFilter             - /api/course/getCourseList,200799013517,2024-12-21 11:30:57,0.002
2024-12-21 11:30:58,933 [http-nio-22222-exec-9] INFO  o.f.teach.security.jwt.AuthTokenFilter             - /api/score/getScoreList,200799013517,2024-12-21 11:30:58,0.006
2024-12-21 11:30:59,266 [http-nio-22222-exec-8] INFO  o.f.teach.security.jwt.AuthTokenFilter             - /api/score/getStudentItemOptionList,200799013517,2024-12-21 11:30:59,0.003
2024-12-21 11:30:59,530 [http-nio-22222-exec-4] INFO  o.f.teach.security.jwt.AuthTokenFilter             - /api/score/getCourseItemOptionList,200799013517,2024-12-21 11:30:59,0.002
2024-12-21 11:30:59,577 [http-nio-22222-exec-6] INFO  o.f.teach.security.jwt.AuthTokenFilter             - /api/course/getCourseByTeacher,200799013517,2024-12-21 11:30:59,0.003
2024-12-21 11:31:01,674 [http-nio-22222-exec-3] INFO  o.f.teach.security.jwt.AuthTokenFilter             - /api/score/getStudentItemOptionList,200799013517,2024-12-21 11:31:01,0.003
2024-12-21 11:31:01,976 [http-nio-22222-exec-5] INFO  o.f.teach.security.jwt.AuthTokenFilter             - /api/absence/list,200799013517,2024-12-21 11:31:01,0.002
2024-12-21 11:31:39,793 [http-nio-22222-exec-2] INFO  o.f.teach.security.jwt.AuthTokenFilter             - /api/course/getCourseList,200799013517,2024-12-21 11:31:39,0.005
2024-12-21 11:33:31,351 [http-nio-22222-exec-1] INFO  o.f.teach.security.jwt.AuthTokenFilter             - /api/course/getCourseList,200799013517,2024-12-21 11:33:31,0.003
2024-12-21 11:35:19,613 [http-nio-22222-exec-7] INFO  o.f.teach.security.jwt.AuthTokenFilter             - /api/score/getScoreList,200799013517,2024-12-21 11:35:19,0.007
2024-12-21 11:35:19,626 [http-nio-22222-exec-10] INFO  o.f.teach.security.jwt.AuthTokenFilter             - /api/score/getStudentItemOptionList,200799013517,2024-12-21 11:35:19,0.003
2024-12-21 11:35:19,969 [http-nio-22222-exec-9] INFO  o.f.teach.security.jwt.AuthTokenFilter             - /api/score/getCourseItemOptionList,200799013517,2024-12-21 11:35:19,0.003
2024-12-21 11:35:20,291 [http-nio-22222-exec-8] INFO  o.f.teach.security.jwt.AuthTokenFilter             - /api/course/getCourseByTeacher,200799013517,2024-12-21 11:35:20,0.002
2024-12-21 11:35:21,293 [http-nio-22222-exec-4] INFO  o.f.teach.security.jwt.AuthTokenFilter             - /api/course/getCourseList,200799013517,2024-12-21 11:35:21,0.002
2024-12-21 11:35:34,038 [http-nio-22222-exec-6] INFO  o.f.teach.security.jwt.AuthTokenFilter             - /api/statistics/getMainPageData,200799013517,2024-12-21 11:35:34,0.005
2024-12-21 11:35:37,128 [http-nio-22222-exec-3] INFO  o.f.teach.security.jwt.AuthTokenFilter             - /api/course/getCourseList,200799013517,2024-12-21 11:35:37,0.003
2024-12-21 11:35:42,659 [http-nio-22222-exec-5] INFO  o.f.teach.security.jwt.AuthTokenFilter             - /api/teacher/getTeacherInfo,200799013517,2024-12-21 11:35:42,0.018
2024-12-21 11:35:48,918 [http-nio-22222-exec-2] INFO  o.f.teach.security.jwt.AuthTokenFilter             - /api/statistics/getMainPageData,200799013517,2024-12-21 11:35:48,0.005
2024-12-21 11:35:50,493 [http-nio-22222-exec-1] INFO  o.f.teach.security.jwt.AuthTokenFilter             - /api/course/getCourseList,200799013517,2024-12-21 11:35:50,0.003
2024-12-21 11:37:11,256 [http-nio-22222-exec-7] INFO  o.f.teach.security.jwt.AuthTokenFilter             - /api/course/getCourseList,200799013517,2024-12-21 11:37:11,0.003
2024-12-21 11:37:18,833 [http-nio-22222-exec-10] INFO  o.f.teach.security.jwt.AuthTokenFilter             - /api/course/getCourseList,200799013517,2024-12-21 11:37:18,0.003
2024-12-21 11:37:21,179 [http-nio-22222-exec-9] INFO  o.f.teach.security.jwt.AuthTokenFilter             - /api/course/getCourseList,200799013517,2024-12-21 11:37:21,0.003
2024-12-21 11:37:34,089 [http-nio-22222-exec-8] INFO  o.f.teach.security.jwt.AuthTokenFilter             - /api/course/getCourseList,200799013517,2024-12-21 11:37:34,0.003
2024-12-21 11:37:36,486 [http-nio-22222-exec-4] INFO  o.f.teach.security.jwt.AuthTokenFilter             - /api/score/getStudentItemOptionList,200799013517,2024-12-21 11:37:36,0.003
2024-12-21 11:37:36,767 [http-nio-22222-exec-6] INFO  o.f.teach.security.jwt.AuthTokenFilter             - /api/absence/list,200799013517,2024-12-21 11:37:36,0.003
2024-12-21 11:38:36,797 [http-nio-22222-exec-3] INFO  o.f.teach.security.jwt.AuthTokenFilter             - /api/course/getCourseList,200799013517,2024-12-21 11:38:36,0.003
2024-12-21 14:16:52,188 [http-nio-22222-exec-5] INFO  o.f.teach.security.jwt.AuthTokenFilter             - /api/teacher/getTeacherInfo,200799013517,2024-12-21 14:16:52,0.002
2024-12-21 14:16:59,157 [http-nio-22222-exec-2] INFO  o.f.teach.security.jwt.AuthTokenFilter             - /api/statistics/getMainPageData,200799013517,2024-12-21 14:16:59,0.003
2024-12-21 14:17:03,246 [http-nio-22222-exec-1] INFO  o.f.teach.security.jwt.AuthTokenFilter             - /api/course/getCourseList,200799013517,2024-12-21 14:17:03,0.003
2024-12-21 14:22:25,287 [http-nio-22222-exec-7] ERROR o.f.teach.security.jwt.AuthEntryPointJwt           - Unauthorized error: /api/course/getCourseList:Full authentication is required to access this resource
2024-12-21 14:22:25,287 [http-nio-22222-exec-7] INFO  o.f.teach.security.jwt.AuthTokenFilter             - /api/course/getCourseList,,2024-12-21 14:22:25,0.001
2024-12-21 14:22:25,415 [http-nio-22222-exec-10] INFO  o.f.teach.security.jwt.AuthTokenFilter             - /auth/getValidateCode,,2024-12-21 14:22:25,0.004
2024-12-21 14:22:32,726 [http-nio-22222-exec-9] INFO  o.f.teach.security.jwt.AuthTokenFilter             - /auth/testValidateInfo,,2024-12-21 14:22:32,0.0
2024-12-21 14:22:32,803 [http-nio-22222-exec-8] INFO  o.f.teach.security.jwt.AuthTokenFilter             - /auth/login,,2024-12-21 14:22:32,0.071
2024-12-21 14:22:32,820 [http-nio-22222-exec-4] INFO  o.f.teach.security.jwt.AuthTokenFilter             - /auth/getValidateCode,2022030001,2024-12-21 14:22:32,0.004
2024-12-21 14:22:32,841 [http-nio-22222-exec-6] INFO  o.f.teach.security.jwt.AuthTokenFilter             - /api/base/getMenuList,2022030001,2024-12-21 14:22:32,0.004
2024-12-21 14:22:33,244 [http-nio-22222-exec-3] INFO  o.f.teach.security.jwt.AuthTokenFilter             - /api/student/getStudentIntroduceData,2022030001,2024-12-21 14:22:33,0.006
2024-12-21 14:22:33,439 [http-nio-22222-exec-5] INFO  o.f.teach.security.jwt.AuthTokenFilter             - /api/base/getPhotoImageStr,2022030001,2024-12-21 14:22:33,0.021
2024-12-21 14:24:27,785 [http-nio-22222-exec-2] INFO  o.f.teach.security.jwt.AuthTokenFilter             - /api/student/getStudentIntroduceData,2022030001,2024-12-21 14:24:27,0.006
2024-12-21 14:24:27,805 [http-nio-22222-exec-1] INFO  o.f.teach.security.jwt.AuthTokenFilter             - /api/base/getPhotoImageStr,2022030001,2024-12-21 14:24:27,0.013
2024-12-21 14:24:31,259 [http-nio-22222-exec-7] INFO  o.f.teach.security.jwt.AuthTokenFilter             - /api/student/getStudentIntroduceData,2022030001,2024-12-21 14:24:31,0.005
2024-12-21 14:24:31,274 [http-nio-22222-exec-10] INFO  o.f.teach.security.jwt.AuthTokenFilter             - /api/base/getPhotoImageStr,2022030001,2024-12-21 14:24:31,0.007
2024-12-21 14:25:41,772 [http-nio-22222-exec-9] INFO  o.f.teach.security.jwt.AuthTokenFilter             - /api/base/getDictionaryOptionItemList,2022030001,2024-12-21 14:25:41,0.008
2024-12-21 14:25:50,340 [http-nio-22222-exec-8] INFO  o.f.teach.security.jwt.AuthTokenFilter             - /api/student/getStudentPageData,2022030001,2024-12-21 14:25:50,0.002
2024-12-21 14:30:30,505 [http-nio-22222-exec-4] INFO  o.f.teach.security.jwt.AuthTokenFilter             - /api/score/getStudentItemOptionList,2022030001,2024-12-21 14:30:30,0.005
2024-12-21 14:30:30,693 [http-nio-22222-exec-6] INFO  o.f.teach.security.jwt.AuthTokenFilter             - /api/absence/list,2022030001,2024-12-21 14:30:30,0.003
2024-12-21 14:30:34,480 [http-nio-22222-exec-3] INFO  o.f.teach.security.jwt.AuthTokenFilter             - /api/score/getStudentItemOptionList,2022030001,2024-12-21 14:30:34,0.003
2024-12-21 14:30:34,497 [http-nio-22222-exec-5] INFO  o.f.teach.security.jwt.AuthTokenFilter             - /api/honor/list,2022030001,2024-12-21 14:30:34,0.02
2024-12-21 14:37:41,660 [SpringApplicationShutdownHook] INFO  o.s.o.j.LocalContainerEntityManagerFactoryBean     - Closing JPA EntityManagerFactory for persistence unit 'default'
2024-12-21 14:37:41,665 [SpringApplicationShutdownHook] INFO  com.zaxxer.hikari.HikariDataSource                 - HikariPool-1 - Shutdown initiated...
2024-12-21 14:37:41,669 [SpringApplicationShutdownHook] INFO  com.zaxxer.hikari.HikariDataSource                 - HikariPool-1 - Shutdown completed.
