2024-12-11 11:41:02,199 [HikariPool-1 housekeeper] WARN  com.zaxxer.hikari.pool.HikariPool                  - HikariPool-1 - Thread starvation or clock leap detected (housekeeper delta=11h49m39s714ms160µs200ns).
2024-12-11 11:41:10,069 [http-nio-9090-exec-3] INFO  o.f.teach.security.jwt.AuthTokenFilter             - /api/statistics/getMainPageData,2022030001,2024-12-11 11:41:10,0.039
2024-12-11 11:41:14,152 [http-nio-9090-exec-2] INFO  o.f.teach.security.jwt.AuthTokenFilter             - /api/statistics/getMainPageData,2022030001,2024-12-11 11:41:14,0.004
2024-12-11 11:41:53,833 [http-nio-9090-exec-1] INFO  o.f.teach.security.jwt.AuthTokenFilter             - /api/score/getStudentItemOptionList,2022030001,2024-12-11 11:41:53,0.007
2024-12-11 11:41:54,000 [http-nio-9090-exec-6] INFO  o.f.teach.security.jwt.AuthTokenFilter             - /api/dailyActivity/list,2022030001,2024-12-11 11:41:53,0.014
2024-12-11 11:41:54,093 [http-nio-9090-exec-7] INFO  o.f.teach.security.jwt.AuthTokenFilter             - /api/honor/list,2022030001,2024-12-11 11:41:54,0.007
2024-12-11 11:41:54,093 [http-nio-9090-exec-8] INFO  o.f.teach.security.jwt.AuthTokenFilter             - /api/score/getStudentItemOptionList,2022030001,2024-12-11 11:41:54,0.007
2024-12-11 11:41:54,814 [http-nio-9090-exec-4] INFO  o.f.teach.security.jwt.AuthTokenFilter             - /api/dailyActivity/list,2022030001,2024-12-11 11:41:54,0.005
2024-12-11 11:41:54,815 [http-nio-9090-exec-5] INFO  o.f.teach.security.jwt.AuthTokenFilter             - /api/score/getStudentItemOptionList,2022030001,2024-12-11 11:41:54,0.006
2024-12-11 11:41:55,288 [http-nio-9090-exec-10] INFO  o.f.teach.security.jwt.AuthTokenFilter             - /api/score/getStudentItemOptionList,2022030001,2024-12-11 11:41:55,0.005
2024-12-11 11:41:55,587 [http-nio-9090-exec-9] INFO  o.f.teach.security.jwt.AuthTokenFilter             - /api/honor/list,2022030001,2024-12-11 11:41:55,0.003
2024-12-11 11:41:56,122 [http-nio-9090-exec-3] INFO  o.f.teach.security.jwt.AuthTokenFilter             - /api/statistics/getMainPageData,2022030001,2024-12-11 11:41:56,0.003
2024-12-11 11:42:04,551 [http-nio-9090-exec-2] INFO  o.f.teach.security.jwt.AuthTokenFilter             - /api/student/getStudentIntroduceData,2022030001,2024-12-11 11:42:04,0.009
2024-12-11 11:42:04,819 [http-nio-9090-exec-1] INFO  o.f.teach.security.jwt.AuthTokenFilter             - /api/base/getPhotoImageStr,2022030001,2024-12-11 11:42:04,0.006
2024-12-11 11:42:32,878 [http-nio-9090-exec-6] WARN  org.apache.catalina.connector.Request              - Creating the temporary upload location [C:\Users\23993\AppData\Local\Temp\tomcat.9090.4706563795164184177\work\Tomcat\localhost\ROOT] as it is required by the servlet [dispatcherServlet]
2024-12-11 11:42:32,898 [http-nio-9090-exec-6] INFO  o.f.teach.security.jwt.AuthTokenFilter             - /api/base/uploadPhotoWeb,2022030001,2024-12-11 11:42:32,0.024
2024-12-11 11:42:32,912 [http-nio-9090-exec-7] INFO  o.f.teach.security.jwt.AuthTokenFilter             - /api/base/getPhotoImageStr,2022030001,2024-12-11 11:42:32,0.003
2024-12-11 11:42:36,374 [http-nio-9090-exec-8] INFO  o.f.teach.security.jwt.AuthTokenFilter             - /api/student/getStudentIntroduceData,2022030001,2024-12-11 11:42:36,0.005
2024-12-11 11:42:36,385 [http-nio-9090-exec-4] INFO  o.f.teach.security.jwt.AuthTokenFilter             - /api/base/getPhotoImageStr,2022030001,2024-12-11 11:42:36,0.002
2024-12-11 11:42:59,034 [http-nio-9090-exec-5] INFO  o.f.teach.security.jwt.AuthTokenFilter             - /api/statistics/getMainPageData,2022030001,2024-12-11 11:42:59,0.004
2024-12-11 11:43:00,209 [http-nio-9090-exec-10] INFO  o.f.teach.security.jwt.AuthTokenFilter             - /api/student/getStudentIntroduceData,2022030001,2024-12-11 11:43:00,0.006
2024-12-11 11:43:00,220 [http-nio-9090-exec-9] INFO  o.f.teach.security.jwt.AuthTokenFilter             - /api/base/getPhotoImageStr,2022030001,2024-12-11 11:43:00,0.004
2024-12-11 11:43:33,164 [http-nio-9090-exec-3] INFO  o.f.teach.security.jwt.AuthTokenFilter             - /api/base/uploadPhotoWeb,2022030001,2024-12-11 11:43:33,0.005
2024-12-11 11:43:33,492 [http-nio-9090-exec-2] INFO  o.f.teach.security.jwt.AuthTokenFilter             - /api/base/getPhotoImageStr,2022030001,2024-12-11 11:43:33,0.002
2024-12-11 11:43:36,721 [http-nio-9090-exec-1] INFO  o.f.teach.security.jwt.AuthTokenFilter             - /api/student/getStudentIntroduceData,2022030001,2024-12-11 11:43:36,0.005
2024-12-11 11:43:36,732 [http-nio-9090-exec-6] INFO  o.f.teach.security.jwt.AuthTokenFilter             - /api/base/getPhotoImageStr,2022030001,2024-12-11 11:43:36,0.003
2024-12-11 11:43:47,681 [SpringApplicationShutdownHook] INFO  o.s.o.j.LocalContainerEntityManagerFactoryBean     - Closing JPA EntityManagerFactory for persistence unit 'default'
2024-12-11 11:43:47,689 [SpringApplicationShutdownHook] INFO  com.zaxxer.hikari.HikariDataSource                 - HikariPool-1 - Shutdown initiated...
2024-12-11 11:43:47,694 [SpringApplicationShutdownHook] INFO  com.zaxxer.hikari.HikariDataSource                 - HikariPool-1 - Shutdown completed.
2024-12-11 11:43:50,749 [background-preinit] INFO  o.h.validator.internal.util.Version                - HV000001: Hibernate Validator 6.2.0.Final
2024-12-11 11:43:50,758 [main] INFO  o.f.t.SpringBootSecurityJwtApplication             - Starting SpringBootSecurityJwtApplication using Java 17.0.10 on Tan_Thinkbook with PID 214720 (D:\23993\OneDrive\IDEA\WebCourseDesign\java-server\target\classes started by 23993 in D:\23993\OneDrive\IDEA\WebCourseDesign\java-server)
2024-12-11 11:43:50,759 [main] INFO  o.f.t.SpringBootSecurityJwtApplication             - No active profile set, falling back to default profiles: default
2024-12-11 11:43:51,525 [main] INFO  o.s.d.r.c.RepositoryConfigurationDelegate          - Multiple Spring Data modules found, entering strict repository configuration mode!
2024-12-11 11:43:51,528 [main] INFO  o.s.d.r.c.RepositoryConfigurationDelegate          - Bootstrapping Spring Data JPA repositories in DEFAULT mode.
2024-12-11 11:43:51,665 [main] INFO  o.s.d.r.c.RepositoryConfigurationDelegate          - Finished Spring Data repository scanning in 130 ms. Found 22 JPA repository interfaces.
2024-12-11 11:43:51,882 [main] INFO  o.s.c.s.PostProcessorRegistrationDelegate$BeanPostProcessorChecker - Bean 'org.springframework.security.access.expression.method.DefaultMethodSecurityExpressionHandler@7a485a36' of type [org.springframework.security.access.expression.method.DefaultMethodSecurityExpressionHandler] is not eligible for getting processed by all BeanPostProcessors (for example: not eligible for auto-proxying)
2024-12-11 11:43:51,884 [main] INFO  o.s.c.s.PostProcessorRegistrationDelegate$BeanPostProcessorChecker - Bean 'methodSecurityMetadataSource' of type [org.springframework.security.access.method.DelegatingMethodSecurityMetadataSource] is not eligible for getting processed by all BeanPostProcessors (for example: not eligible for auto-proxying)
2024-12-11 11:43:52,073 [main] INFO  o.s.b.w.embedded.tomcat.TomcatWebServer            - Tomcat initialized with port(s): 9090 (http)
2024-12-11 11:43:52,082 [main] INFO  o.apache.coyote.http11.Http11NioProtocol           - Initializing ProtocolHandler ["http-nio-9090"]
2024-12-11 11:43:52,083 [main] INFO  org.apache.catalina.core.StandardService           - Starting service [Tomcat]
2024-12-11 11:43:52,083 [main] INFO  org.apache.catalina.core.StandardEngine            - Starting Servlet engine: [Apache Tomcat/9.0.46]
2024-12-11 11:43:52,187 [main] INFO  o.a.c.c.C.[Tomcat].[localhost].[/]                 - Initializing Spring embedded WebApplicationContext
2024-12-11 11:43:52,187 [main] INFO  o.s.b.w.s.c.ServletWebServerApplicationContext     - Root WebApplicationContext: initialization completed in 1388 ms
2024-12-11 11:43:52,285 [main] WARN  o.s.b.a.o.j.JpaBaseConfiguration$JpaWebConfiguration - spring.jpa.open-in-view is enabled by default. Therefore, database queries may be performed during view rendering. Explicitly configure spring.jpa.open-in-view to disable this warning
2024-12-11 11:43:52,318 [main] INFO  com.zaxxer.hikari.HikariDataSource                 - HikariPool-1 - Starting...
2024-12-11 11:43:52,461 [main] INFO  com.zaxxer.hikari.HikariDataSource                 - HikariPool-1 - Start completed.
2024-12-11 11:43:52,536 [main] INFO  o.hibernate.jpa.internal.util.LogHelper            - HHH000204: Processing PersistenceUnitInfo [name: default]
2024-12-11 11:43:52,601 [main] INFO  org.hibernate.Version                              - HHH000412: Hibernate ORM core version 5.6.15.Final
2024-12-11 11:43:52,749 [main] INFO  org.hibernate.annotations.common.Version           - HCANN000001: Hibernate Commons Annotations {5.1.2.Final}
2024-12-11 11:43:52,855 [main] INFO  org.hibernate.dialect.Dialect                      - HHH000400: Using dialect: org.fatmansoft.teach.sqlite.SQLDialect
2024-12-11 11:43:53,562 [main] INFO  o.h.e.t.j.p.i.JtaPlatformInitiator                 - HHH000490: Using JtaPlatform implementation: [org.hibernate.engine.transaction.jta.platform.internal.NoJtaPlatform]
2024-12-11 11:43:53,570 [main] INFO  o.s.o.j.LocalContainerEntityManagerFactoryBean     - Initialized JPA EntityManagerFactory for persistence unit 'default'
2024-12-11 11:43:54,561 [main] INFO  o.s.b.a.w.s.WelcomePageHandlerMapping              - Adding welcome page: class path resource [public/index.html]
2024-12-11 11:43:54,606 [main] INFO  o.s.s.web.DefaultSecurityFilterChain               - Will secure any request with [org.springframework.security.web.context.request.async.WebAsyncManagerIntegrationFilter@4257163f, org.springframework.security.web.context.SecurityContextPersistenceFilter@255482cb, org.springframework.security.web.header.HeaderWriterFilter@321558f8, org.springframework.web.filter.CorsFilter@40e7aea9, org.springframework.security.web.authentication.logout.LogoutFilter@2f3565c0, org.fatmansoft.teach.security.jwt.AuthTokenFilter@3c38e2bf, org.springframework.security.web.savedrequest.RequestCacheAwareFilter@641255d1, org.springframework.security.web.servletapi.SecurityContextHolderAwareRequestFilter@600a1270, org.springframework.security.web.authentication.AnonymousAuthenticationFilter@63ff861e, org.springframework.security.web.session.SessionManagementFilter@ab5dde4, org.springframework.security.web.access.ExceptionTranslationFilter@309b8144, org.springframework.security.web.access.intercept.FilterSecurityInterceptor@62eb918]
2024-12-11 11:43:54,883 [main] INFO  o.apache.coyote.http11.Http11NioProtocol           - Starting ProtocolHandler ["http-nio-9090"]
2024-12-11 11:43:54,920 [main] INFO  o.s.b.w.embedded.tomcat.TomcatWebServer            - Tomcat started on port(s): 9090 (http) with context path ''
2024-12-11 11:43:54,927 [main] INFO  o.f.t.SpringBootSecurityJwtApplication             - Started SpringBootSecurityJwtApplication in 4.742 seconds (JVM running for 5.715)
2024-12-11 11:43:54,930 [main] INFO  o.f.teach.SystemApplicationListener                - SystemInitStart
2024-12-11 11:43:54,992 [main] INFO  o.f.teach.SystemApplicationListener                - systemInitEnd
2024-12-11 11:43:59,042 [http-nio-9090-exec-2] INFO  o.a.c.c.C.[Tomcat].[localhost].[/]                 - Initializing Spring DispatcherServlet 'dispatcherServlet'
2024-12-11 11:43:59,042 [http-nio-9090-exec-2] INFO  o.s.web.servlet.DispatcherServlet                  - Initializing Servlet 'dispatcherServlet'
2024-12-11 11:43:59,044 [http-nio-9090-exec-2] INFO  o.s.web.servlet.DispatcherServlet                  - Completed initialization in 1 ms
2024-12-11 11:43:59,207 [http-nio-9090-exec-2] INFO  o.f.teach.security.jwt.AuthTokenFilter             - /api/base/uploadPhotoWeb,2022030001,2024-12-11 11:43:59,0.14
2024-12-11 11:43:59,553 [http-nio-9090-exec-1] INFO  o.f.teach.security.jwt.AuthTokenFilter             - /api/base/getPhotoImageStr,2022030001,2024-12-11 11:43:59,0.029
2024-12-11 11:44:16,002 [http-nio-9090-exec-3] ERROR o.f.teach.security.jwt.AuthEntryPointJwt           - Unauthorized error: /api/student/getStudentIntroduceData:Full authentication is required to access this resource
2024-12-11 11:44:16,003 [http-nio-9090-exec-3] INFO  o.f.teach.security.jwt.AuthTokenFilter             - /api/student/getStudentIntroduceData,,2024-12-11 11:44:16,0.002
2024-12-11 11:44:16,921 [http-nio-9090-exec-4] INFO  o.f.teach.security.jwt.AuthTokenFilter             - /auth/getValidateCode,,2024-12-11 11:44:16,0.549
2024-12-11 11:44:20,420 [http-nio-9090-exec-6] INFO  o.f.teach.security.jwt.AuthTokenFilter             - /auth/testValidateInfo,,2024-12-11 11:44:20,0.002
2024-12-11 11:44:20,593 [http-nio-9090-exec-7] INFO  o.f.teach.security.jwt.AuthTokenFilter             - /auth/login,,2024-12-11 11:44:20,0.167
2024-12-11 11:44:20,615 [http-nio-9090-exec-5] INFO  o.f.teach.security.jwt.AuthTokenFilter             - /auth/getValidateCode,2022030001,2024-12-11 11:44:20,0.009
2024-12-11 11:44:20,649 [http-nio-9090-exec-8] INFO  o.f.teach.security.jwt.AuthTokenFilter             - /api/base/getMenuList,2022030001,2024-12-11 11:44:20,0.021
2024-12-11 11:44:20,708 [http-nio-9090-exec-9] INFO  o.f.teach.security.jwt.AuthTokenFilter             - /api/statistics/getMainPageData,2022030001,2024-12-11 11:44:20,0.011
2024-12-11 11:44:23,314 [http-nio-9090-exec-10] INFO  o.f.teach.security.jwt.AuthTokenFilter             - /api/student/getStudentIntroduceData,2022030001,2024-12-11 11:44:23,0.032
2024-12-11 11:44:23,328 [http-nio-9090-exec-2] INFO  o.f.teach.security.jwt.AuthTokenFilter             - /api/base/getPhotoImageStr,2022030001,2024-12-11 11:44:23,0.005
2024-12-11 11:44:27,377 [http-nio-9090-exec-1] INFO  o.f.teach.security.jwt.AuthTokenFilter             - /api/base/uploadPhotoWeb,2022030001,2024-12-11 11:44:27,0.007
2024-12-11 11:44:27,390 [http-nio-9090-exec-3] INFO  o.f.teach.security.jwt.AuthTokenFilter             - /api/base/getPhotoImageStr,2022030001,2024-12-11 11:44:27,0.004
2024-12-11 11:44:31,040 [http-nio-9090-exec-4] INFO  o.f.teach.security.jwt.AuthTokenFilter             - /api/student/getStudentIntroduceData,2022030001,2024-12-11 11:44:31,0.01
2024-12-11 11:44:31,053 [http-nio-9090-exec-6] INFO  o.f.teach.security.jwt.AuthTokenFilter             - /api/base/getPhotoImageStr,2022030001,2024-12-11 11:44:31,0.005
2024-12-11 11:44:55,411 [SpringApplicationShutdownHook] INFO  o.s.o.j.LocalContainerEntityManagerFactoryBean     - Closing JPA EntityManagerFactory for persistence unit 'default'
2024-12-11 11:44:55,412 [SpringApplicationShutdownHook] INFO  com.zaxxer.hikari.HikariDataSource                 - HikariPool-1 - Shutdown initiated...
2024-12-11 11:44:55,414 [SpringApplicationShutdownHook] INFO  com.zaxxer.hikari.HikariDataSource                 - HikariPool-1 - Shutdown completed.
2024-12-11 11:44:57,354 [background-preinit] INFO  o.h.validator.internal.util.Version                - HV000001: Hibernate Validator 6.2.0.Final
2024-12-11 11:44:57,359 [main] INFO  o.f.t.SpringBootSecurityJwtApplication             - Starting SpringBootSecurityJwtApplication using Java 17.0.10 on Tan_Thinkbook with PID 224084 (D:\23993\OneDrive\IDEA\WebCourseDesign\java-server\target\classes started by 23993 in D:\23993\OneDrive\IDEA\WebCourseDesign\java-server)
2024-12-11 11:44:57,360 [main] INFO  o.f.t.SpringBootSecurityJwtApplication             - No active profile set, falling back to default profiles: default
2024-12-11 11:44:57,930 [main] INFO  o.s.d.r.c.RepositoryConfigurationDelegate          - Multiple Spring Data modules found, entering strict repository configuration mode!
2024-12-11 11:44:57,931 [main] INFO  o.s.d.r.c.RepositoryConfigurationDelegate          - Bootstrapping Spring Data JPA repositories in DEFAULT mode.
2024-12-11 11:44:58,064 [main] INFO  o.s.d.r.c.RepositoryConfigurationDelegate          - Finished Spring Data repository scanning in 128 ms. Found 22 JPA repository interfaces.
2024-12-11 11:44:58,285 [main] INFO  o.s.c.s.PostProcessorRegistrationDelegate$BeanPostProcessorChecker - Bean 'org.springframework.security.access.expression.method.DefaultMethodSecurityExpressionHandler@27329d2a' of type [org.springframework.security.access.expression.method.DefaultMethodSecurityExpressionHandler] is not eligible for getting processed by all BeanPostProcessors (for example: not eligible for auto-proxying)
2024-12-11 11:44:58,289 [main] INFO  o.s.c.s.PostProcessorRegistrationDelegate$BeanPostProcessorChecker - Bean 'methodSecurityMetadataSource' of type [org.springframework.security.access.method.DelegatingMethodSecurityMetadataSource] is not eligible for getting processed by all BeanPostProcessors (for example: not eligible for auto-proxying)
2024-12-11 11:44:58,456 [main] INFO  o.s.b.w.embedded.tomcat.TomcatWebServer            - Tomcat initialized with port(s): 9090 (http)
2024-12-11 11:44:58,463 [main] INFO  o.apache.coyote.http11.Http11NioProtocol           - Initializing ProtocolHandler ["http-nio-9090"]
2024-12-11 11:44:58,463 [main] INFO  org.apache.catalina.core.StandardService           - Starting service [Tomcat]
2024-12-11 11:44:58,463 [main] INFO  org.apache.catalina.core.StandardEngine            - Starting Servlet engine: [Apache Tomcat/9.0.46]
2024-12-11 11:44:58,554 [main] INFO  o.a.c.c.C.[Tomcat].[localhost].[/]                 - Initializing Spring embedded WebApplicationContext
2024-12-11 11:44:58,554 [main] INFO  o.s.b.w.s.c.ServletWebServerApplicationContext     - Root WebApplicationContext: initialization completed in 1164 ms
2024-12-11 11:44:58,644 [main] WARN  o.s.b.a.o.j.JpaBaseConfiguration$JpaWebConfiguration - spring.jpa.open-in-view is enabled by default. Therefore, database queries may be performed during view rendering. Explicitly configure spring.jpa.open-in-view to disable this warning
2024-12-11 11:44:58,677 [main] INFO  com.zaxxer.hikari.HikariDataSource                 - HikariPool-1 - Starting...
2024-12-11 11:44:58,842 [main] INFO  com.zaxxer.hikari.HikariDataSource                 - HikariPool-1 - Start completed.
2024-12-11 11:44:58,912 [main] INFO  o.hibernate.jpa.internal.util.LogHelper            - HHH000204: Processing PersistenceUnitInfo [name: default]
2024-12-11 11:44:58,955 [main] INFO  org.hibernate.Version                              - HHH000412: Hibernate ORM core version 5.6.15.Final
2024-12-11 11:44:59,041 [main] INFO  org.hibernate.annotations.common.Version           - HCANN000001: Hibernate Commons Annotations {5.1.2.Final}
2024-12-11 11:44:59,121 [main] INFO  org.hibernate.dialect.Dialect                      - HHH000400: Using dialect: org.fatmansoft.teach.sqlite.SQLDialect
2024-12-11 11:44:59,725 [main] INFO  o.h.e.t.j.p.i.JtaPlatformInitiator                 - HHH000490: Using JtaPlatform implementation: [org.hibernate.engine.transaction.jta.platform.internal.NoJtaPlatform]
2024-12-11 11:44:59,734 [main] INFO  o.s.o.j.LocalContainerEntityManagerFactoryBean     - Initialized JPA EntityManagerFactory for persistence unit 'default'
2024-12-11 11:45:00,771 [main] INFO  o.s.b.a.w.s.WelcomePageHandlerMapping              - Adding welcome page: class path resource [public/index.html]
2024-12-11 11:45:00,804 [main] INFO  o.s.s.web.DefaultSecurityFilterChain               - Will secure any request with [org.springframework.security.web.context.request.async.WebAsyncManagerIntegrationFilter@1488d1c, org.springframework.security.web.context.SecurityContextPersistenceFilter@55e02661, org.springframework.security.web.header.HeaderWriterFilter@7afac89a, org.springframework.web.filter.CorsFilter@b21cbbf, org.springframework.security.web.authentication.logout.LogoutFilter@44b82007, org.fatmansoft.teach.security.jwt.AuthTokenFilter@7d44eab, org.springframework.security.web.savedrequest.RequestCacheAwareFilter@549be307, org.springframework.security.web.servletapi.SecurityContextHolderAwareRequestFilter@7c55e559, org.springframework.security.web.authentication.AnonymousAuthenticationFilter@578ac0be, org.springframework.security.web.session.SessionManagementFilter@488c608a, org.springframework.security.web.access.ExceptionTranslationFilter@20a7ce0, org.springframework.security.web.access.intercept.FilterSecurityInterceptor@3c83e9ca]
2024-12-11 11:45:00,961 [main] INFO  o.apache.coyote.http11.Http11NioProtocol           - Starting ProtocolHandler ["http-nio-9090"]
2024-12-11 11:45:00,993 [main] INFO  o.s.b.w.embedded.tomcat.TomcatWebServer            - Tomcat started on port(s): 9090 (http) with context path ''
2024-12-11 11:45:01,001 [main] INFO  o.f.t.SpringBootSecurityJwtApplication             - Started SpringBootSecurityJwtApplication in 4.008 seconds (JVM running for 4.594)
2024-12-11 11:45:01,009 [main] INFO  o.f.teach.SystemApplicationListener                - SystemInitStart
2024-12-11 11:45:01,072 [main] INFO  o.f.teach.SystemApplicationListener                - systemInitEnd
2024-12-11 11:45:07,154 [http-nio-9090-exec-1] INFO  o.a.c.c.C.[Tomcat].[localhost].[/]                 - Initializing Spring DispatcherServlet 'dispatcherServlet'
2024-12-11 11:45:07,154 [http-nio-9090-exec-1] INFO  o.s.web.servlet.DispatcherServlet                  - Initializing Servlet 'dispatcherServlet'
2024-12-11 11:45:07,155 [http-nio-9090-exec-1] INFO  o.s.web.servlet.DispatcherServlet                  - Completed initialization in 1 ms
2024-12-11 11:45:07,308 [http-nio-9090-exec-1] INFO  o.f.teach.security.jwt.AuthTokenFilter             - /api/base/uploadPhotoWeb,2022030001,2024-12-11 11:45:07,0.131
2024-12-11 11:45:07,407 [http-nio-9090-exec-6] INFO  o.f.teach.security.jwt.AuthTokenFilter             - /api/base/getPhotoImageStr,2022030001,2024-12-11 11:45:07,0.028
2024-12-11 11:45:21,017 [http-nio-9090-exec-3] ERROR o.f.teach.security.jwt.AuthEntryPointJwt           - Unauthorized error: /api/student/getStudentIntroduceData:Full authentication is required to access this resource
2024-12-11 11:45:21,017 [http-nio-9090-exec-3] INFO  o.f.teach.security.jwt.AuthTokenFilter             - /api/student/getStudentIntroduceData,,2024-12-11 11:45:21,0.001
2024-12-11 11:45:21,606 [http-nio-9090-exec-4] INFO  o.f.teach.security.jwt.AuthTokenFilter             - /auth/getValidateCode,,2024-12-11 11:45:21,0.24
2024-12-11 11:45:26,924 [http-nio-9090-exec-5] INFO  o.f.teach.security.jwt.AuthTokenFilter             - /auth/testValidateInfo,,2024-12-11 11:45:26,0.002
2024-12-11 11:45:27,095 [http-nio-9090-exec-2] INFO  o.f.teach.security.jwt.AuthTokenFilter             - /auth/login,,2024-12-11 11:45:26,0.165
2024-12-11 11:45:27,117 [http-nio-9090-exec-7] INFO  o.f.teach.security.jwt.AuthTokenFilter             - /auth/getValidateCode,admin,2024-12-11 11:45:27,0.009
2024-12-11 11:45:27,451 [http-nio-9090-exec-8] INFO  o.f.teach.security.jwt.AuthTokenFilter             - /api/base/getMenuList,admin,2024-12-11 11:45:27,0.017
2024-12-11 11:45:27,747 [http-nio-9090-exec-9] INFO  o.f.teach.security.jwt.AuthTokenFilter             - /api/statistics/getMainPageData,admin,2024-12-11 11:45:27,0.013
2024-12-11 11:45:31,897 [http-nio-9090-exec-10] INFO  o.f.teach.security.jwt.AuthTokenFilter             - /api/student/getStudentPageData,admin,2024-12-11 11:45:31,0.019
2024-12-11 11:45:39,624 [http-nio-9090-exec-1] INFO  o.f.teach.security.jwt.AuthTokenFilter             - /api/base/getDictionaryOptionItemList,admin,2024-12-11 11:45:39,0.02
2024-12-11 11:45:39,779 [http-nio-9090-exec-6] INFO  o.f.teach.security.jwt.AuthTokenFilter             - /api/student/getStudentInfo,admin,2024-12-11 11:45:39,0.007
2024-12-11 11:45:39,793 [http-nio-9090-exec-3] INFO  o.f.teach.security.jwt.AuthTokenFilter             - /api/base/getPhotoImageStr,admin,2024-12-11 11:45:39,0.005
2024-12-11 15:26:13,228 [SpringApplicationShutdownHook] INFO  o.s.o.j.LocalContainerEntityManagerFactoryBean     - Closing JPA EntityManagerFactory for persistence unit 'default'
2024-12-11 15:26:13,239 [SpringApplicationShutdownHook] INFO  com.zaxxer.hikari.HikariDataSource                 - HikariPool-1 - Shutdown initiated...
2024-12-11 15:26:13,244 [SpringApplicationShutdownHook] INFO  com.zaxxer.hikari.HikariDataSource                 - HikariPool-1 - Shutdown completed.
