2024-12-20 15:29:58,090 [background-preinit] INFO  o.h.validator.internal.util.Version                - HV000001: Hibernate Validator 6.2.0.Final
2024-12-20 15:29:58,099 [main] INFO  o.f.t.SpringBootSecurityJwtApplication             - Starting SpringBootSecurityJwtApplication v1.0-SNAPSHOT using Java 17.0.1 on Tan_Thinkbook with PID 25552 (D:\teach\java-server\target\java-server-1.0-SNAPSHOT.jar started by 23993 in D:\teach\java-server\target)
2024-12-20 15:29:58,101 [main] INFO  o.f.t.SpringBootSecurityJwtApplication             - No active profile set, falling back to default profiles: default
2024-12-20 15:30:00,574 [main] INFO  o.s.d.r.c.RepositoryConfigurationDelegate          - Multiple Spring Data modules found, entering strict repository configuration mode!
2024-12-20 15:30:00,582 [main] INFO  o.s.d.r.c.RepositoryConfigurationDelegate          - Bootstrapping Spring Data JPA repositories in DEFAULT mode.
2024-12-20 15:30:01,267 [main] INFO  o.s.d.r.c.RepositoryConfigurationDelegate          - Finished Spring Data repository scanning in 672 ms. Found 22 JPA repository interfaces.
2024-12-20 15:30:01,861 [main] INFO  o.s.c.s.PostProcessorRegistrationDelegate$BeanPostProcessorChecker - Bean 'org.springframework.security.access.expression.method.DefaultMethodSecurityExpressionHandler@47db5fa5' of type [org.springframework.security.access.expression.method.DefaultMethodSecurityExpressionHandler] is not eligible for getting processed by all BeanPostProcessors (for example: not eligible for auto-proxying)
2024-12-20 15:30:01,865 [main] INFO  o.s.c.s.PostProcessorRegistrationDelegate$BeanPostProcessorChecker - Bean 'methodSecurityMetadataSource' of type [org.springframework.security.access.method.DelegatingMethodSecurityMetadataSource] is not eligible for getting processed by all BeanPostProcessors (for example: not eligible for auto-proxying)
2024-12-20 15:30:02,579 [main] INFO  o.s.b.w.embedded.tomcat.TomcatWebServer            - Tomcat initialized with port(s): 22222 (http)
2024-12-20 15:30:02,599 [main] INFO  o.apache.coyote.http11.Http11NioProtocol           - Initializing ProtocolHandler ["http-nio-22222"]
2024-12-20 15:30:02,600 [main] INFO  org.apache.catalina.core.StandardService           - Starting service [Tomcat]
2024-12-20 15:30:02,600 [main] INFO  org.apache.catalina.core.StandardEngine            - Starting Servlet engine: [Apache Tomcat/9.0.46]
2024-12-20 15:30:02,739 [main] INFO  o.a.c.c.C.[Tomcat].[localhost].[/]                 - Initializing Spring embedded WebApplicationContext
2024-12-20 15:30:02,740 [main] INFO  o.s.b.w.s.c.ServletWebServerApplicationContext     - Root WebApplicationContext: initialization completed in 4523 ms
2024-12-20 15:30:03,007 [main] WARN  o.s.b.a.o.j.JpaBaseConfiguration$JpaWebConfiguration - spring.jpa.open-in-view is enabled by default. Therefore, database queries may be performed during view rendering. Explicitly configure spring.jpa.open-in-view to disable this warning
2024-12-20 15:30:03,126 [main] INFO  com.zaxxer.hikari.HikariDataSource                 - HikariPool-1 - Starting...
2024-12-20 15:30:03,283 [main] INFO  com.zaxxer.hikari.HikariDataSource                 - HikariPool-1 - Start completed.
2024-12-20 15:30:03,504 [main] INFO  o.hibernate.jpa.internal.util.LogHelper            - HHH000204: Processing PersistenceUnitInfo [name: default]
2024-12-20 15:30:03,831 [main] INFO  org.hibernate.Version                              - HHH000412: Hibernate ORM core version 5.6.15.Final
2024-12-20 15:30:04,111 [main] INFO  org.hibernate.annotations.common.Version           - HCANN000001: Hibernate Commons Annotations {5.1.2.Final}
2024-12-20 15:30:04,349 [main] INFO  org.hibernate.dialect.Dialect                      - HHH000400: Using dialect: org.fatmansoft.teach.sqlite.SQLDialect
2024-12-20 15:30:08,090 [main] INFO  o.h.e.t.j.p.i.JtaPlatformInitiator                 - HHH000490: Using JtaPlatform implementation: [org.hibernate.engine.transaction.jta.platform.internal.NoJtaPlatform]
2024-12-20 15:30:08,170 [main] INFO  o.s.o.j.LocalContainerEntityManagerFactoryBean     - Initialized JPA EntityManagerFactory for persistence unit 'default'
2024-12-20 15:30:17,173 [main] INFO  o.s.b.a.w.s.WelcomePageHandlerMapping              - Adding welcome page: class path resource [public/index.html]
2024-12-20 15:30:17,641 [main] INFO  o.s.s.web.DefaultSecurityFilterChain               - Will secure any request with [org.springframework.security.web.context.request.async.WebAsyncManagerIntegrationFilter@6c9b44bf, org.springframework.security.web.context.SecurityContextPersistenceFilter@2f9b21d6, org.springframework.security.web.header.HeaderWriterFilter@39ab5ef7, org.springframework.web.filter.CorsFilter@299b9851, org.springframework.security.web.authentication.logout.LogoutFilter@cc9ef8d, org.fatmansoft.teach.security.jwt.AuthTokenFilter@180b3819, org.springframework.security.web.savedrequest.RequestCacheAwareFilter@16a3cc88, org.springframework.security.web.servletapi.SecurityContextHolderAwareRequestFilter@4f081b5d, org.springframework.security.web.authentication.AnonymousAuthenticationFilter@191a0351, org.springframework.security.web.session.SessionManagementFilter@31a136a6, org.springframework.security.web.access.ExceptionTranslationFilter@12fcb2c3, org.springframework.security.web.access.intercept.FilterSecurityInterceptor@5a4d4f9c]
2024-12-20 15:30:19,029 [main] INFO  o.apache.coyote.http11.Http11NioProtocol           - Starting ProtocolHandler ["http-nio-22222"]
2024-12-20 15:30:19,383 [main] INFO  o.s.b.w.embedded.tomcat.TomcatWebServer            - Tomcat started on port(s): 22222 (http) with context path ''
2024-12-20 15:30:19,434 [main] INFO  o.f.t.SpringBootSecurityJwtApplication             - Started SpringBootSecurityJwtApplication in 22.183 seconds (JVM running for 22.726)
2024-12-20 15:30:19,445 [main] INFO  o.f.teach.SystemApplicationListener                - SystemInitStart
2024-12-20 15:30:19,910 [main] INFO  o.f.teach.SystemApplicationListener                - systemInitEnd
2024-12-20 15:30:25,083 [http-nio-22222-exec-1] INFO  o.a.c.c.C.[Tomcat].[localhost].[/]                 - Initializing Spring DispatcherServlet 'dispatcherServlet'
2024-12-20 15:30:25,085 [http-nio-22222-exec-1] INFO  o.s.web.servlet.DispatcherServlet                  - Initializing Servlet 'dispatcherServlet'
2024-12-20 15:30:25,089 [http-nio-22222-exec-1] INFO  o.s.web.servlet.DispatcherServlet                  - Completed initialization in 3 ms
2024-12-20 15:30:25,549 [http-nio-22222-exec-1] INFO  o.f.teach.security.jwt.AuthTokenFilter             - /Login,,2024-12-20 15:30:25,0.268
2024-12-20 15:30:25,565 [http-nio-22222-exec-2] INFO  o.f.teach.security.jwt.AuthTokenFilter             - /css/index-ffee3ab4.css,,2024-12-20 15:30:25,0.016
2024-12-20 15:30:25,650 [http-nio-22222-exec-1] INFO  o.f.teach.security.jwt.AuthTokenFilter             - /js/index-7ed7b84e.js,,2024-12-20 15:30:25,0.058
2024-12-20 15:30:25,688 [http-nio-22222-exec-3] INFO  o.f.teach.security.jwt.AuthTokenFilter             - /js/Login-de35bd89.js,,2024-12-20 15:30:25,0.009
2024-12-20 15:30:25,694 [http-nio-22222-exec-5] INFO  o.f.teach.security.jwt.AuthTokenFilter             - /js/messageBox-cbe65a59.js,,2024-12-20 15:30:25,0.016
2024-12-20 15:30:25,694 [http-nio-22222-exec-4] INFO  o.f.teach.security.jwt.AuthTokenFilter             - /css/Login-20ca7fb0.css,,2024-12-20 15:30:25,0.016
2024-12-20 15:30:25,694 [http-nio-22222-exec-7] INFO  o.f.teach.security.jwt.AuthTokenFilter             - /css/select-003c1fd0.css,,2024-12-20 15:30:25,0.013
2024-12-20 15:30:25,695 [http-nio-22222-exec-6] INFO  o.f.teach.security.jwt.AuthTokenFilter             - /css/tag-20fee6b0.css,,2024-12-20 15:30:25,0.016
2024-12-20 15:30:25,740 [http-nio-22222-exec-9] INFO  o.f.teach.security.jwt.AuthTokenFilter             - /logo.png,,2024-12-20 15:30:25,0.011
2024-12-20 15:30:25,811 [http-nio-22222-exec-10] INFO  o.f.teach.security.jwt.AuthTokenFilter             - /backgroud.png,,2024-12-20 15:30:25,0.075
2024-12-20 15:30:27,538 [http-nio-22222-exec-2] INFO  o.f.teach.security.jwt.AuthTokenFilter             - /auth/getValidateCode,,2024-12-20 15:30:27,0.205
2024-12-20 15:30:27,538 [http-nio-22222-exec-8] INFO  o.f.teach.security.jwt.AuthTokenFilter             - /auth/getValidateCode,,2024-12-20 15:30:25,1.809
2024-12-20 15:30:28,626 [http-nio-22222-exec-1] INFO  o.f.teach.security.jwt.AuthTokenFilter             - /auth/getValidateCode,,2024-12-20 15:30:28,0.022
2024-12-20 15:30:30,642 [http-nio-22222-exec-3] INFO  o.f.teach.security.jwt.AuthTokenFilter             - /auth/getValidateCode,,2024-12-20 15:30:30,0.024
2024-12-20 15:30:31,744 [http-nio-22222-exec-4] INFO  o.f.teach.security.jwt.AuthTokenFilter             - /Login,,2024-12-20 15:30:31,0.015
2024-12-20 15:30:31,798 [http-nio-22222-exec-5] INFO  o.f.teach.security.jwt.AuthTokenFilter             - /css/index-ffee3ab4.css,,2024-12-20 15:30:31,0.018
2024-12-20 15:30:31,819 [http-nio-22222-exec-7] INFO  o.f.teach.security.jwt.AuthTokenFilter             - /js/index-7ed7b84e.js,,2024-12-20 15:30:31,0.04
2024-12-20 15:30:31,867 [http-nio-22222-exec-9] INFO  o.f.teach.security.jwt.AuthTokenFilter             - /js/messageBox-cbe65a59.js,,2024-12-20 15:30:31,0.023
2024-12-20 15:30:31,869 [http-nio-22222-exec-6] INFO  o.f.teach.security.jwt.AuthTokenFilter             - /js/Login-de35bd89.js,,2024-12-20 15:30:31,0.024
2024-12-20 15:30:31,870 [http-nio-22222-exec-2] INFO  o.f.teach.security.jwt.AuthTokenFilter             - /css/tag-20fee6b0.css,,2024-12-20 15:30:31,0.025
2024-12-20 15:30:31,870 [http-nio-22222-exec-8] INFO  o.f.teach.security.jwt.AuthTokenFilter             - /css/select-003c1fd0.css,,2024-12-20 15:30:31,0.025
2024-12-20 15:30:31,870 [http-nio-22222-exec-10] INFO  o.f.teach.security.jwt.AuthTokenFilter             - /css/Login-20ca7fb0.css,,2024-12-20 15:30:31,0.026
2024-12-20 15:30:31,892 [http-nio-22222-exec-3] INFO  o.f.teach.security.jwt.AuthTokenFilter             - /logo.png,,2024-12-20 15:30:31,0.005
2024-12-20 15:30:31,896 [http-nio-22222-exec-1] INFO  o.f.teach.security.jwt.AuthTokenFilter             - /auth/getValidateCode,,2024-12-20 15:30:31,0.008
2024-12-20 15:30:31,976 [http-nio-22222-exec-4] INFO  o.f.teach.security.jwt.AuthTokenFilter             - /backgroud.png,,2024-12-20 15:30:31,0.072
2024-12-20 15:30:32,721 [http-nio-22222-exec-5] INFO  o.f.teach.security.jwt.AuthTokenFilter             - /auth/getValidateCode,,2024-12-20 15:30:32,0.017
2024-12-20 15:30:33,179 [http-nio-22222-exec-7] INFO  o.f.teach.security.jwt.AuthTokenFilter             - /auth/getValidateCode,,2024-12-20 15:30:33,0.014
2024-12-20 15:30:33,450 [http-nio-22222-exec-9] INFO  o.f.teach.security.jwt.AuthTokenFilter             - /auth/getValidateCode,,2024-12-20 15:30:33,0.018
2024-12-20 15:30:39,985 [http-nio-22222-exec-6] INFO  o.f.teach.security.jwt.AuthTokenFilter             - /auth/testValidateInfo,,2024-12-20 15:30:39,0.006
2024-12-20 15:30:41,282 [http-nio-22222-exec-2] INFO  o.f.teach.security.jwt.AuthTokenFilter             - /auth/login,,2024-12-20 15:30:39,1.289
2024-12-20 15:30:41,302 [http-nio-22222-exec-10] INFO  o.f.teach.security.jwt.AuthTokenFilter             - /logo.png,,2024-12-20 15:30:41,0.006
2024-12-20 15:30:41,309 [http-nio-22222-exec-3] INFO  o.f.teach.security.jwt.AuthTokenFilter             - /sdu.png,,2024-12-20 15:30:41,0.01
2024-12-20 15:30:41,309 [http-nio-22222-exec-1] INFO  o.f.teach.security.jwt.AuthTokenFilter             - /gradms.png,,2024-12-20 15:30:41,0.01
2024-12-20 15:30:41,311 [http-nio-22222-exec-5] INFO  o.f.teach.security.jwt.AuthTokenFilter             - /tuichu.png,,2024-12-20 15:30:41,0.009
2024-12-20 15:30:41,311 [http-nio-22222-exec-4] INFO  o.f.teach.security.jwt.AuthTokenFilter             - /refresh.png,,2024-12-20 15:30:41,0.01
2024-12-20 15:30:41,373 [http-nio-22222-exec-8] INFO  o.f.teach.security.jwt.AuthTokenFilter             - /auth/getValidateCode,2022030001,2024-12-20 15:30:41,0.079
2024-12-20 15:30:41,443 [http-nio-22222-exec-7] INFO  o.f.teach.security.jwt.AuthTokenFilter             - /api/base/getMenuList,2022030001,2024-12-20 15:30:41,0.119
2024-12-20 15:30:41,465 [http-nio-22222-exec-6] INFO  o.f.teach.security.jwt.AuthTokenFilter             - /css/MainPage-95ae200f.css,,2024-12-20 15:30:41,0.014
2024-12-20 15:30:41,465 [http-nio-22222-exec-9] INFO  o.f.teach.security.jwt.AuthTokenFilter             - /js/MainPage-62eeaca1.js,,2024-12-20 15:30:41,0.014
2024-12-20 15:30:41,491 [http-nio-22222-exec-2] INFO  o.f.teach.security.jwt.AuthTokenFilter             - /js/index-255632c5.js,,2024-12-20 15:30:41,0.041
2024-12-20 15:30:41,548 [http-nio-22222-exec-5] INFO  o.f.teach.security.jwt.AuthTokenFilter             - /littleT.png,,2024-12-20 15:30:41,0.012
2024-12-20 15:30:41,549 [http-nio-22222-exec-3] INFO  o.f.teach.security.jwt.AuthTokenFilter             - /user.png,,2024-12-20 15:30:41,0.012
2024-12-20 15:30:41,549 [http-nio-22222-exec-1] INFO  o.f.teach.security.jwt.AuthTokenFilter             - /dayOrder.png,,2024-12-20 15:30:41,0.012
2024-12-20 15:30:41,602 [http-nio-22222-exec-10] INFO  o.f.teach.security.jwt.AuthTokenFilter             - /api/statistics/getMainPageData,2022030001,2024-12-20 15:30:41,0.065
2024-12-20 15:30:42,971 [http-nio-22222-exec-4] INFO  o.f.teach.security.jwt.AuthTokenFilter             - /js/DailyActivityTable-aa28be64.js,,2024-12-20 15:30:42,0.024
2024-12-20 15:30:42,971 [http-nio-22222-exec-7] INFO  o.f.teach.security.jwt.AuthTokenFilter             - /js/teachingServ-91173710.js,,2024-12-20 15:30:42,0.024
2024-12-20 15:30:42,972 [http-nio-22222-exec-9] INFO  o.f.teach.security.jwt.AuthTokenFilter             - /css/overlay-1bdba85e.css,,2024-12-20 15:30:42,0.025
2024-12-20 15:30:42,971 [http-nio-22222-exec-8] INFO  o.f.teach.security.jwt.AuthTokenFilter             - /js/request-e26a986b.js,,2024-12-20 15:30:42,0.024
2024-12-20 15:30:42,973 [http-nio-22222-exec-2] INFO  o.f.teach.security.jwt.AuthTokenFilter             - /css/date-picker-d3284aed.css,,2024-12-20 15:30:42,0.026
2024-12-20 15:30:42,973 [http-nio-22222-exec-6] INFO  o.f.teach.security.jwt.AuthTokenFilter             - /js/lodash-7eb39dc3.js,,2024-12-20 15:30:42,0.026
2024-12-20 15:30:43,018 [http-nio-22222-exec-5] INFO  o.f.teach.security.jwt.AuthTokenFilter             - /css/input-56a4c9fe.css,,2024-12-20 15:30:42,0.041
2024-12-20 15:30:43,024 [http-nio-22222-exec-4] INFO  o.f.teach.security.jwt.AuthTokenFilter             - /css/button-group-c23deba9.css,,2024-12-20 15:30:42,0.047
2024-12-20 15:30:43,025 [http-nio-22222-exec-9] INFO  o.f.teach.security.jwt.AuthTokenFilter             - /css/popover-c8b98052.css,,2024-12-20 15:30:42,0.047
2024-12-20 15:30:43,025 [http-nio-22222-exec-10] INFO  o.f.teach.security.jwt.AuthTokenFilter             - /css/checkbox-8628d4a5.css,,2024-12-20 15:30:42,0.047
2024-12-20 15:30:43,025 [http-nio-22222-exec-3] INFO  o.f.teach.security.jwt.AuthTokenFilter             - /css/button-53691ef2.css,,2024-12-20 15:30:42,0.048
2024-12-20 15:30:43,025 [http-nio-22222-exec-1] INFO  o.f.teach.security.jwt.AuthTokenFilter             - /css/table-column-4421762f.css,,2024-12-20 15:30:42,0.048
2024-12-20 15:30:43,034 [http-nio-22222-exec-5] INFO  o.f.teach.security.jwt.AuthTokenFilter             - /css/form-item-131748ee.css,,2024-12-20 15:30:43,0.011
2024-12-20 15:30:43,110 [http-nio-22222-exec-8] INFO  o.f.teach.security.jwt.AuthTokenFilter             - /api/score/getStudentItemOptionList,2022030001,2024-12-20 15:30:43,0.047
2024-12-20 15:30:43,520 [http-nio-22222-exec-7] INFO  o.f.teach.security.jwt.AuthTokenFilter             - /api/dailyActivity/list,2022030001,2024-12-20 15:30:43,0.457
2024-12-20 15:30:44,662 [http-nio-22222-exec-2] INFO  o.f.teach.security.jwt.AuthTokenFilter             - /js/HonorTable-b94dce54.js,,2024-12-20 15:30:44,0.012
2024-12-20 15:30:44,711 [http-nio-22222-exec-6] INFO  o.f.teach.security.jwt.AuthTokenFilter             - /api/score/getStudentItemOptionList,2022030001,2024-12-20 15:30:44,0.023
2024-12-20 15:30:44,739 [http-nio-22222-exec-9] INFO  o.f.teach.security.jwt.AuthTokenFilter             - /api/honor/list,2022030001,2024-12-20 15:30:44,0.051
2024-12-20 15:30:45,092 [http-nio-22222-exec-4] INFO  o.f.teach.security.jwt.AuthTokenFilter             - /js/InnovationTable-c636bd6a.js,,2024-12-20 15:30:45,0.007
2024-12-20 15:30:45,138 [http-nio-22222-exec-10] INFO  o.f.teach.security.jwt.AuthTokenFilter             - /api/score/getStudentItemOptionList,2022030001,2024-12-20 15:30:45,0.024
2024-12-20 15:30:45,154 [http-nio-22222-exec-3] INFO  o.f.teach.security.jwt.AuthTokenFilter             - /api/innovation/list,2022030001,2024-12-20 15:30:45,0.04
2024-12-20 15:30:45,610 [http-nio-22222-exec-1] INFO  o.f.teach.security.jwt.AuthTokenFilter             - /js/AbsenceTable-11916f33.js,,2024-12-20 15:30:45,0.015
2024-12-20 15:30:45,654 [http-nio-22222-exec-5] INFO  o.f.teach.security.jwt.AuthTokenFilter             - /api/score/getStudentItemOptionList,2022030001,2024-12-20 15:30:45,0.019
2024-12-20 15:30:45,689 [http-nio-22222-exec-8] INFO  o.f.teach.security.jwt.AuthTokenFilter             - /api/absence/list,2022030001,2024-12-20 15:30:45,0.054
2024-12-20 15:30:46,025 [http-nio-22222-exec-6] INFO  o.f.teach.security.jwt.AuthTokenFilter             - /js/changeCourseServ-6910b402.js,,2024-12-20 15:30:46,0.007
2024-12-20 15:30:46,025 [http-nio-22222-exec-9] INFO  o.f.teach.security.jwt.AuthTokenFilter             - /css/SelectCourseTable-ffd81468.css,,2024-12-20 15:30:46,0.007
2024-12-20 15:30:46,026 [http-nio-22222-exec-2] INFO  o.f.teach.security.jwt.AuthTokenFilter             - /js/studentServ-314d1e09.js,,2024-12-20 15:30:46,0.008
2024-12-20 15:30:46,026 [http-nio-22222-exec-7] INFO  o.f.teach.security.jwt.AuthTokenFilter             - /js/SelectCourseTable-56fbb484.js,,2024-12-20 15:30:46,0.008
2024-12-20 15:30:46,195 [http-nio-22222-exec-4] INFO  o.f.teach.security.jwt.AuthTokenFilter             - /api/course/getCourseList,2022030001,2024-12-20 15:30:46,0.148
2024-12-20 15:30:46,467 [http-nio-22222-exec-1] INFO  o.f.teach.security.jwt.AuthTokenFilter             - /css/TaskTable-04545daf.css,,2024-12-20 15:30:46,0.018
2024-12-20 15:30:46,469 [http-nio-22222-exec-10] INFO  o.f.teach.security.jwt.AuthTokenFilter             - /js/TaskTable-45382c77.js,,2024-12-20 15:30:46,0.02
2024-12-20 15:30:46,469 [http-nio-22222-exec-3] INFO  o.f.teach.security.jwt.AuthTokenFilter             - /js/taskSubmitServ-ac9ac369.js,,2024-12-20 15:30:46,0.02
2024-12-20 15:30:46,469 [http-nio-22222-exec-5] INFO  o.f.teach.security.jwt.AuthTokenFilter             - /css/progress-e77c418c.css,,2024-12-20 15:30:46,0.02
2024-12-20 15:30:46,948 [http-nio-22222-exec-8] INFO  o.f.teach.security.jwt.AuthTokenFilter             - /api/course/getCourseList,2022030001,2024-12-20 15:30:46,0.025
2024-12-20 15:30:47,507 [http-nio-22222-exec-9] INFO  o.f.teach.security.jwt.AuthTokenFilter             - /api/absence/list,2022030001,2024-12-20 15:30:47,0.027
2024-12-20 15:30:47,508 [http-nio-22222-exec-6] INFO  o.f.teach.security.jwt.AuthTokenFilter             - /api/score/getStudentItemOptionList,2022030001,2024-12-20 15:30:47,0.028
2024-12-20 15:30:48,140 [http-nio-22222-exec-7] INFO  o.f.teach.security.jwt.AuthTokenFilter             - /api/score/getStudentItemOptionList,2022030001,2024-12-20 15:30:48,0.021
2024-12-20 15:30:48,141 [http-nio-22222-exec-2] INFO  o.f.teach.security.jwt.AuthTokenFilter             - /api/dailyActivity/list,2022030001,2024-12-20 15:30:48,0.022
2024-12-20 15:30:48,476 [http-nio-22222-exec-4] INFO  o.f.teach.security.jwt.AuthTokenFilter             - /api/score/getStudentItemOptionList,2022030001,2024-12-20 15:30:48,0.03
2024-12-20 15:30:48,482 [http-nio-22222-exec-1] INFO  o.f.teach.security.jwt.AuthTokenFilter             - /api/innovation/list,2022030001,2024-12-20 15:30:48,0.036
2024-12-20 15:30:48,778 [http-nio-22222-exec-3] INFO  o.f.teach.security.jwt.AuthTokenFilter             - /api/honor/list,2022030001,2024-12-20 15:30:48,0.019
2024-12-20 15:30:48,781 [http-nio-22222-exec-5] INFO  o.f.teach.security.jwt.AuthTokenFilter             - /api/score/getStudentItemOptionList,2022030001,2024-12-20 15:30:48,0.022
2024-12-20 15:30:49,128 [http-nio-22222-exec-10] INFO  o.f.teach.security.jwt.AuthTokenFilter             - /api/score/getStudentItemOptionList,2022030001,2024-12-20 15:30:49,0.015
2024-12-20 15:30:49,135 [http-nio-22222-exec-8] INFO  o.f.teach.security.jwt.AuthTokenFilter             - /api/absence/list,2022030001,2024-12-20 15:30:49,0.023
2024-12-20 15:30:49,339 [http-nio-22222-exec-9] INFO  o.f.teach.security.jwt.AuthTokenFilter             - /api/course/getCourseList,2022030001,2024-12-20 15:30:49,0.026
2024-12-20 15:30:50,054 [http-nio-22222-exec-6] INFO  o.f.teach.security.jwt.AuthTokenFilter             - /api/score/getStudentItemOptionList,2022030001,2024-12-20 15:30:50,0.016
2024-12-20 15:30:50,062 [http-nio-22222-exec-7] INFO  o.f.teach.security.jwt.AuthTokenFilter             - /api/absence/list,2022030001,2024-12-20 15:30:50,0.024
2024-12-20 15:30:50,301 [http-nio-22222-exec-2] INFO  o.f.teach.security.jwt.AuthTokenFilter             - /api/score/getStudentItemOptionList,2022030001,2024-12-20 15:30:50,0.019
2024-12-20 15:30:50,319 [http-nio-22222-exec-4] INFO  o.f.teach.security.jwt.AuthTokenFilter             - /api/innovation/list,2022030001,2024-12-20 15:30:50,0.037
2024-12-20 15:30:50,758 [http-nio-22222-exec-1] INFO  o.f.teach.security.jwt.AuthTokenFilter             - /api/score/getStudentItemOptionList,2022030001,2024-12-20 15:30:50,0.021
2024-12-20 15:30:50,760 [http-nio-22222-exec-3] INFO  o.f.teach.security.jwt.AuthTokenFilter             - /api/honor/list,2022030001,2024-12-20 15:30:50,0.023
2024-12-20 15:30:51,014 [http-nio-22222-exec-5] INFO  o.f.teach.security.jwt.AuthTokenFilter             - /api/score/getStudentItemOptionList,2022030001,2024-12-20 15:30:50,0.015
2024-12-20 15:30:51,019 [http-nio-22222-exec-10] INFO  o.f.teach.security.jwt.AuthTokenFilter             - /api/dailyActivity/list,2022030001,2024-12-20 15:30:50,0.019
2024-12-20 15:30:51,482 [http-nio-22222-exec-8] INFO  o.f.teach.security.jwt.AuthTokenFilter             - /api/score/getStudentItemOptionList,2022030001,2024-12-20 15:30:51,0.017
2024-12-20 15:30:51,485 [http-nio-22222-exec-9] INFO  o.f.teach.security.jwt.AuthTokenFilter             - /api/innovation/list,2022030001,2024-12-20 15:30:51,0.02
2024-12-20 15:30:51,969 [http-nio-22222-exec-6] INFO  o.f.teach.security.jwt.AuthTokenFilter             - /api/course/getCourseList,2022030001,2024-12-20 15:30:51,0.019
2024-12-20 15:30:53,279 [http-nio-22222-exec-7] INFO  o.f.teach.security.jwt.AuthTokenFilter             - /api/course/getCourseList,2022030001,2024-12-20 15:30:53,0.024
2024-12-20 15:30:53,658 [http-nio-22222-exec-2] INFO  o.f.teach.security.jwt.AuthTokenFilter             - /api/score/getStudentItemOptionList,2022030001,2024-12-20 15:30:53,0.019
2024-12-20 15:30:53,660 [http-nio-22222-exec-4] INFO  o.f.teach.security.jwt.AuthTokenFilter             - /api/absence/list,2022030001,2024-12-20 15:30:53,0.022
2024-12-20 15:30:54,116 [http-nio-22222-exec-1] INFO  o.f.teach.security.jwt.AuthTokenFilter             - /api/score/getStudentItemOptionList,2022030001,2024-12-20 15:30:54,0.023
2024-12-20 15:30:54,124 [http-nio-22222-exec-3] INFO  o.f.teach.security.jwt.AuthTokenFilter             - /api/innovation/list,2022030001,2024-12-20 15:30:54,0.03
2024-12-20 15:30:54,488 [http-nio-22222-exec-5] INFO  o.f.teach.security.jwt.AuthTokenFilter             - /api/score/getStudentItemOptionList,2022030001,2024-12-20 15:30:54,0.015
2024-12-20 15:30:54,492 [http-nio-22222-exec-10] INFO  o.f.teach.security.jwt.AuthTokenFilter             - /api/honor/list,2022030001,2024-12-20 15:30:54,0.02
2024-12-20 15:30:54,815 [http-nio-22222-exec-8] INFO  o.f.teach.security.jwt.AuthTokenFilter             - /api/score/getStudentItemOptionList,2022030001,2024-12-20 15:30:54,0.014
2024-12-20 15:30:54,819 [http-nio-22222-exec-9] INFO  o.f.teach.security.jwt.AuthTokenFilter             - /api/dailyActivity/list,2022030001,2024-12-20 15:30:54,0.019
2024-12-20 15:30:55,265 [http-nio-22222-exec-6] INFO  o.f.teach.security.jwt.AuthTokenFilter             - /api/score/getStudentItemOptionList,2022030001,2024-12-20 15:30:55,0.016
2024-12-20 15:30:55,270 [http-nio-22222-exec-7] INFO  o.f.teach.security.jwt.AuthTokenFilter             - /api/innovation/list,2022030001,2024-12-20 15:30:55,0.021
2024-12-20 15:30:55,713 [http-nio-22222-exec-2] INFO  o.f.teach.security.jwt.AuthTokenFilter             - /api/score/getStudentItemOptionList,2022030001,2024-12-20 15:30:55,0.014
2024-12-20 15:30:55,720 [http-nio-22222-exec-4] INFO  o.f.teach.security.jwt.AuthTokenFilter             - /api/honor/list,2022030001,2024-12-20 15:30:55,0.021
2024-12-20 15:30:56,138 [http-nio-22222-exec-1] INFO  o.f.teach.security.jwt.AuthTokenFilter             - /api/course/getCourseList,2022030001,2024-12-20 15:30:56,0.015
2024-12-20 15:30:56,638 [http-nio-22222-exec-3] INFO  o.f.teach.security.jwt.AuthTokenFilter             - /api/score/getStudentItemOptionList,2022030001,2024-12-20 15:30:56,0.016
2024-12-20 15:30:56,641 [http-nio-22222-exec-5] INFO  o.f.teach.security.jwt.AuthTokenFilter             - /api/innovation/list,2022030001,2024-12-20 15:30:56,0.02
2024-12-20 15:30:57,649 [http-nio-22222-exec-8] ERROR o.f.teach.security.jwt.AuthEntryPointJwt           - Unauthorized error: /api/innovation/list:Full authentication is required to access this resource
2024-12-20 15:30:57,649 [http-nio-22222-exec-10] ERROR o.f.teach.security.jwt.AuthEntryPointJwt           - Unauthorized error: /api/score/getStudentItemOptionList:Full authentication is required to access this resource
2024-12-20 15:30:57,651 [http-nio-22222-exec-10] INFO  o.f.teach.security.jwt.AuthTokenFilter             - /api/score/getStudentItemOptionList,,2024-12-20 15:30:57,0.003
2024-12-20 15:30:57,651 [http-nio-22222-exec-8] INFO  o.f.teach.security.jwt.AuthTokenFilter             - /api/innovation/list,,2024-12-20 15:30:57,0.002
2024-12-20 15:30:57,677 [http-nio-22222-exec-6] INFO  o.f.teach.security.jwt.AuthTokenFilter             - /logo.png,,2024-12-20 15:30:57,0.009
2024-12-20 15:30:57,685 [http-nio-22222-exec-9] INFO  o.f.teach.security.jwt.AuthTokenFilter             - /auth/getValidateCode,,2024-12-20 15:30:57,0.018
2024-12-20 15:31:03,579 [http-nio-22222-exec-7] INFO  o.f.teach.security.jwt.AuthTokenFilter             - /auth/testValidateInfo,,2024-12-20 15:31:03,0.004
2024-12-20 15:31:03,823 [http-nio-22222-exec-2] INFO  o.f.teach.security.jwt.AuthTokenFilter             - /auth/login,,2024-12-20 15:31:03,0.238
2024-12-20 15:31:03,839 [http-nio-22222-exec-1] INFO  o.f.teach.security.jwt.AuthTokenFilter             - /logo.png,,2024-12-20 15:31:03,0.006
2024-12-20 15:31:03,851 [http-nio-22222-exec-4] INFO  o.f.teach.security.jwt.AuthTokenFilter             - /auth/getValidateCode,admin,2024-12-20 15:31:03,0.019
2024-12-20 15:31:03,906 [http-nio-22222-exec-3] INFO  o.f.teach.security.jwt.AuthTokenFilter             - /api/base/getMenuList,admin,2024-12-20 15:31:03,0.058
2024-12-20 15:31:03,950 [http-nio-22222-exec-8] INFO  o.f.teach.security.jwt.AuthTokenFilter             - /dayOrder.png,,2024-12-20 15:31:03,0.01
2024-12-20 15:31:03,950 [http-nio-22222-exec-10] INFO  o.f.teach.security.jwt.AuthTokenFilter             - /user.png,,2024-12-20 15:31:03,0.01
2024-12-20 15:31:03,965 [http-nio-22222-exec-5] INFO  o.f.teach.security.jwt.AuthTokenFilter             - /api/statistics/getMainPageData,admin,2024-12-20 15:31:03,0.024
2024-12-20 15:31:05,495 [http-nio-22222-exec-9] INFO  o.f.teach.security.jwt.AuthTokenFilter             - /css/CourseTable-965f9af8.css,,2024-12-20 15:31:05,0.008
2024-12-20 15:31:05,494 [http-nio-22222-exec-6] INFO  o.f.teach.security.jwt.AuthTokenFilter             - /js/CourseTable-94826613.js,,2024-12-20 15:31:05,0.009
2024-12-20 15:31:05,551 [http-nio-22222-exec-7] INFO  o.f.teach.security.jwt.AuthTokenFilter             - /api/course/getCourseList,admin,2024-12-20 15:31:05,0.025
2024-12-20 15:31:05,911 [http-nio-22222-exec-2] INFO  o.f.teach.security.jwt.AuthTokenFilter             - /js/ScoreTable-5eb0e4c6.js,,2024-12-20 15:31:05,0.014
2024-12-20 15:31:05,981 [http-nio-22222-exec-1] INFO  o.f.teach.security.jwt.AuthTokenFilter             - /api/score/getScoreList,admin,2024-12-20 15:31:05,0.042
2024-12-20 15:31:06,002 [http-nio-22222-exec-4] INFO  o.f.teach.security.jwt.AuthTokenFilter             - /api/score/getStudentItemOptionList,admin,2024-12-20 15:31:05,0.015
2024-12-20 15:31:06,040 [http-nio-22222-exec-3] INFO  o.f.teach.security.jwt.AuthTokenFilter             - /api/score/getCourseItemOptionList,admin,2024-12-20 15:31:06,0.025
2024-12-20 15:31:06,323 [http-nio-22222-exec-8] INFO  o.f.teach.security.jwt.AuthTokenFilter             - /api/score/getStudentItemOptionList,admin,2024-12-20 15:31:06,0.012
2024-12-20 15:31:06,334 [http-nio-22222-exec-10] INFO  o.f.teach.security.jwt.AuthTokenFilter             - /api/dailyActivity/list,admin,2024-12-20 15:31:06,0.023
2024-12-20 15:31:06,705 [http-nio-22222-exec-5] INFO  o.f.teach.security.jwt.AuthTokenFilter             - /api/score/getStudentItemOptionList,admin,2024-12-20 15:31:06,0.013
2024-12-20 15:31:06,711 [http-nio-22222-exec-6] INFO  o.f.teach.security.jwt.AuthTokenFilter             - /api/honor/list,admin,2024-12-20 15:31:06,0.019
2024-12-20 15:31:06,997 [http-nio-22222-exec-9] INFO  o.f.teach.security.jwt.AuthTokenFilter             - /api/score/getStudentItemOptionList,admin,2024-12-20 15:31:06,0.014
2024-12-20 15:31:07,005 [http-nio-22222-exec-7] INFO  o.f.teach.security.jwt.AuthTokenFilter             - /api/innovation/list,admin,2024-12-20 15:31:06,0.022
2024-12-20 15:31:07,309 [http-nio-22222-exec-2] INFO  o.f.teach.security.jwt.AuthTokenFilter             - /api/score/getStudentItemOptionList,admin,2024-12-20 15:31:07,0.011
2024-12-20 15:31:07,316 [http-nio-22222-exec-1] INFO  o.f.teach.security.jwt.AuthTokenFilter             - /api/absence/list,admin,2024-12-20 15:31:07,0.019
2024-12-20 15:31:07,661 [http-nio-22222-exec-4] INFO  o.f.teach.security.jwt.AuthTokenFilter             - /api/score/getStudentItemOptionList,admin,2024-12-20 15:31:07,0.015
2024-12-20 15:31:07,662 [http-nio-22222-exec-3] INFO  o.f.teach.security.jwt.AuthTokenFilter             - /api/innovation/list,admin,2024-12-20 15:31:07,0.015
2024-12-20 15:31:07,897 [http-nio-22222-exec-8] INFO  o.f.teach.security.jwt.AuthTokenFilter             - /api/score/getStudentItemOptionList,admin,2024-12-20 15:31:07,0.015
2024-12-20 15:31:07,899 [http-nio-22222-exec-10] INFO  o.f.teach.security.jwt.AuthTokenFilter             - /api/honor/list,admin,2024-12-20 15:31:07,0.017
2024-12-20 15:31:08,168 [http-nio-22222-exec-5] INFO  o.f.teach.security.jwt.AuthTokenFilter             - /api/score/getScoreList,admin,2024-12-20 15:31:08,0.026
2024-12-20 15:31:08,187 [http-nio-22222-exec-6] INFO  o.f.teach.security.jwt.AuthTokenFilter             - /api/score/getStudentItemOptionList,admin,2024-12-20 15:31:08,0.013
2024-12-20 15:31:08,218 [http-nio-22222-exec-9] INFO  o.f.teach.security.jwt.AuthTokenFilter             - /api/score/getCourseItemOptionList,admin,2024-12-20 15:31:08,0.017
2024-12-20 15:31:08,762 [http-nio-22222-exec-7] INFO  o.f.teach.security.jwt.AuthTokenFilter             - /api/score/getStudentItemOptionList,admin,2024-12-20 15:31:08,0.013
2024-12-20 15:31:08,766 [http-nio-22222-exec-2] INFO  o.f.teach.security.jwt.AuthTokenFilter             - /api/dailyActivity/list,admin,2024-12-20 15:31:08,0.018
2024-12-20 15:31:08,973 [http-nio-22222-exec-1] INFO  o.f.teach.security.jwt.AuthTokenFilter             - /api/course/getCourseList,admin,2024-12-20 15:31:08,0.021
2024-12-20 15:31:09,379 [http-nio-22222-exec-8] INFO  o.f.teach.security.jwt.AuthTokenFilter             - /dayOrder.png,,2024-12-20 15:31:09,0.01
2024-12-20 15:31:09,379 [http-nio-22222-exec-3] INFO  o.f.teach.security.jwt.AuthTokenFilter             - /user.png,,2024-12-20 15:31:09,0.011
2024-12-20 15:31:09,390 [http-nio-22222-exec-4] INFO  o.f.teach.security.jwt.AuthTokenFilter             - /api/statistics/getMainPageData,admin,2024-12-20 15:31:09,0.022
2024-12-20 15:31:09,810 [http-nio-22222-exec-5] INFO  o.f.teach.security.jwt.AuthTokenFilter             - /js/personServ-b456a50e.js,,2024-12-20 15:31:09,0.008
2024-12-20 15:31:09,810 [http-nio-22222-exec-10] INFO  o.f.teach.security.jwt.AuthTokenFilter             - /js/TeacherTable-e288ce3e.js,,2024-12-20 15:31:09,0.008
2024-12-20 15:31:09,864 [http-nio-22222-exec-6] INFO  o.f.teach.security.jwt.AuthTokenFilter             - /api/teacher/getTeacherList,admin,2024-12-20 15:31:09,0.031
2024-12-20 15:31:10,134 [http-nio-22222-exec-7] INFO  o.f.teach.security.jwt.AuthTokenFilter             - /js/StudentTable-0ccca3f0.js,,2024-12-20 15:31:10,0.011
2024-12-20 15:31:10,134 [http-nio-22222-exec-9] INFO  o.f.teach.security.jwt.AuthTokenFilter             - /css/StudentTable-aeac5805.css,,2024-12-20 15:31:10,0.011
2024-12-20 15:31:10,205 [http-nio-22222-exec-2] INFO  o.f.teach.security.jwt.AuthTokenFilter             - /api/student/getStudentPageData,admin,2024-12-20 15:31:10,0.049
2024-12-20 15:31:22,568 [SpringApplicationShutdownHook] INFO  o.s.o.j.LocalContainerEntityManagerFactoryBean     - Closing JPA EntityManagerFactory for persistence unit 'default'
2024-12-20 15:31:22,570 [SpringApplicationShutdownHook] INFO  com.zaxxer.hikari.HikariDataSource                 - HikariPool-1 - Shutdown initiated...
2024-12-20 15:31:22,580 [SpringApplicationShutdownHook] INFO  com.zaxxer.hikari.HikariDataSource                 - HikariPool-1 - Shutdown completed.
